[0.006s] Invoking command in '/home/yang/ros2_ws/build/cpp_sensor_server': CMAKE_PREFIX_PATH=${CMAKE_PREFIX_PATH}:/home/yang/ros2_ws/install/py_srvcli:/opt/ros/iron /usr/bin/cmake --build /home/yang/ros2_ws/build/cpp_sensor_server -- -j16 -l16
[0.020s] -- Found ament_cmake: 2.0.4 (/opt/ros/iron/share/ament_cmake/cmake)
[0.098s] -- Found rclcpp: 21.0.5 (/opt/ros/iron/share/rclcpp/cmake)
[0.113s] -- Found rosidl_generator_c: 4.0.1 (/opt/ros/iron/share/rosidl_generator_c/cmake)
[0.118s] -- Found rosidl_generator_cpp: 4.0.1 (/opt/ros/iron/share/rosidl_generator_cpp/cmake)
[0.125s] -- Using all available rosidl_typesupport_c: rosidl_typesupport_fastrtps_c;rosidl_typesupport_introspection_c
[0.134s] -- Using all available rosidl_typesupport_cpp: rosidl_typesupport_fastrtps_cpp;rosidl_typesupport_introspection_cpp
[0.219s] -- Found rmw_implementation_cmake: 7.1.0 (/opt/ros/iron/share/rmw_implementation_cmake/cmake)
[0.220s] -- Found rmw_fastrtps_cpp: 7.1.3 (/opt/ros/iron/share/rmw_fastrtps_cpp/cmake)
[0.282s] -- Using RMW implementation 'rmw_fastrtps_cpp' as default
[0.372s] -- Found rclcpp_components: 21.0.5 (/opt/ros/iron/share/rclcpp_components/cmake)
[0.423s] -- Found rosidl_default_generators: 1.5.0 (/opt/ros/iron/share/rosidl_default_generators/cmake)
[0.427s] -- Found rosidl_adapter: 4.0.1 (/opt/ros/iron/share/rosidl_adapter/cmake)
[0.432s] -- Found std_msgs: 5.0.0 (/opt/ros/iron/share/std_msgs/cmake)
[0.617s] -- Found ament_cmake_ros: 0.11.2 (/opt/ros/iron/share/ament_cmake_ros/cmake)
[0.784s] -- Using all available rosidl_typesupport_c: rosidl_typesupport_fastrtps_c;rosidl_typesupport_introspection_c
[0.849s] -- Using all available rosidl_typesupport_cpp: rosidl_typesupport_fastrtps_cpp;rosidl_typesupport_introspection_cpp
[0.862s] -- Found python_cmake_module: 0.10.2 (/opt/ros/iron/share/python_cmake_module/cmake)
[0.874s] -- Using PYTHON_EXECUTABLE: /usr/bin/python3
[0.874s] -- Using PYTHON_INCLUDE_DIRS: /usr/include/python3.10
[0.874s] -- Using PYTHON_LIBRARIES: /usr/lib/x86_64-linux-gnu/libpython3.10.so
[0.884s] [0mCMake Deprecation Warning at /opt/ros/iron/share/rosidl_cmake/cmake/rosidl_target_interfaces.cmake:32 (message):
[0.884s]   Use rosidl_get_typesupport_target() and target_link_libraries() instead of
[0.884s]   rosidl_target_interfaces()
[0.884s] Call Stack (most recent call first):
[0.884s]   CMakeLists.txt:36 (rosidl_target_interfaces)
[0.884s] 
[0.884s] [0m
[0.884s] [0mCMake Deprecation Warning at /opt/ros/iron/share/rosidl_cmake/cmake/rosidl_target_interfaces.cmake:32 (message):
[0.884s]   Use rosidl_get_typesupport_target() and target_link_libraries() instead of
[0.884s]   rosidl_target_interfaces()
[0.884s] Call Stack (most recent call first):
[0.884s]   CMakeLists.txt:37 (rosidl_target_interfaces)
[0.884s] 
[0.884s] [0m
[0.884s] [0mCMake Deprecation Warning at /opt/ros/iron/share/rosidl_cmake/cmake/rosidl_target_interfaces.cmake:32 (message):
[0.884s]   Use rosidl_get_typesupport_target() and target_link_libraries() instead of
[0.884s]   rosidl_target_interfaces()
[0.884s] Call Stack (most recent call first):
[0.884s]   CMakeLists.txt:38 (rosidl_target_interfaces)
[0.884s] 
[0.884s] [0m
[0.886s] -- Configuring done
[0.916s] -- Generating done
[0.918s] -- Build files have been written to: /home/yang/ros2_ws/build/cpp_sensor_server
[0.937s] [  2%] [34m[1mGenerating type hashes for ROS interfaces[0m
[0.945s] [  2%] Built target ament_cmake_python_copy_cpp_sensor_server
[1.058s] Traceback (most recent call last):
[1.058s]   File "/opt/ros/iron/lib/rosidl_generator_type_description/rosidl_generator_type_description", line 50, in <module>
[1.058s]     sys.exit(main())
[1.058s]   File "/opt/ros/iron/lib/rosidl_generator_type_description/rosidl_generator_type_description", line 46, in main
[1.058s]     generate_type_hash(args.generator_arguments_file)
[1.058s]   File "/opt/ros/iron/lib/python3.10/site-packages/rosidl_generator_type_description/__init__.py", line 160, in generate_type_hash
[1.058s]     pkg_dir = include_map[pkg]
[1.058s] KeyError: 'std_msgs'
[1.068s] gmake[2]: *** [CMakeFiles/cpp_sensor_server__rosidl_generator_type_description.dir/build.make:75: rosidl_generator_type_description/cpp_sensor_server/srv/SensorData.json] Error 1
[1.068s] gmake[1]: *** [CMakeFiles/Makefile2:221: CMakeFiles/cpp_sensor_server__rosidl_generator_type_description.dir/all] Error 2
[1.068s] gmake[1]: *** Waiting for unfinished jobs....
[1.076s] running egg_info
[1.077s] writing cpp_sensor_server.egg-info/PKG-INFO
[1.077s] writing dependency_links to cpp_sensor_server.egg-info/dependency_links.txt
[1.077s] writing top-level names to cpp_sensor_server.egg-info/top_level.txt
[1.078s] reading manifest file 'cpp_sensor_server.egg-info/SOURCES.txt'
[1.079s] writing manifest file 'cpp_sensor_server.egg-info/SOURCES.txt'
[1.092s] [  2%] Built target ament_cmake_python_build_cpp_sensor_server_egg
[1.093s] gmake: *** [Makefile:146: all] Error 2
[1.095s] Invoked command in '/home/yang/ros2_ws/build/cpp_sensor_server' returned '2': CMAKE_PREFIX_PATH=${CMAKE_PREFIX_PATH}:/home/yang/ros2_ws/install/py_srvcli:/opt/ros/iron /usr/bin/cmake --build /home/yang/ros2_ws/build/cpp_sensor_server -- -j16 -l16
