[  2%] Built target cpp_sensor_server__rosidl_generator_type_description
[  2%] Built target ament_cmake_python_copy_cpp_sensor_server
[  4%] Built target cpp_sensor_server__cpp
[ 20%] Built target cpp_sensor_server__rosidl_generator_c
[ 62%] Built target cpp_sensor_server__rosidl_typesupport_introspection_cpp
[ 62%] Built target cpp_sensor_server__rosidl_typesupport_introspection_c
[ 62%] Built target cpp_sensor_server__rosidl_typesupport_fastrtps_c
[ 62%] Built target cpp_sensor_server__rosidl_typesupport_fastrtps_cpp
[ 62%] Built target cpp_sensor_server__rosidl_typesupport_cpp
[ 68%] Built target cpp_sensor_server__rosidl_typesupport_c
[ 68%] Built target cpp_sensor_server
[ 70%] Built target cpp_sensor_server__py
[ 72%] [32mBuilding CXX object CMakeFiles/sensor_client.dir/src/sensor_client.cpp.o[0m
[ 74%] [32mBuilding CXX object CMakeFiles/sensor_server.dir/src/sensor_server.cpp.o[0m
[ 76%] [32mBuilding CXX object CMakeFiles/sensor_server2.dir/src/sensor_server2.cpp.o[0m
[ 82%] Built target cpp_sensor_server__rosidl_generator_py
[ 92%] Built target cpp_sensor_server__rosidl_typesupport_fastrtps_c__pyext
[ 92%] Built target cpp_sensor_server__rosidl_typesupport_introspection_c__pyext
[ 94%] Built target cpp_sensor_server__rosidl_typesupport_c__pyext
running egg_info
writing cpp_sensor_server.egg-info/PKG-INFO
writing dependency_links to cpp_sensor_server.egg-info/dependency_links.txt
writing top-level names to cpp_sensor_server.egg-info/top_level.txt
reading manifest file 'cpp_sensor_server.egg-info/SOURCES.txt'
writing manifest file 'cpp_sensor_server.egg-info/SOURCES.txt'
[ 94%] Built target ament_cmake_python_build_cpp_sensor_server_egg
[01m[K/home/yang/ros2_ws/src/cpp_sensor_server/src/sensor_client.cpp:3:10:[m[K [01;31m[Kfatal error: [m[Ktutorial_interfaces/srv/SampleRequest.hpp: No such file or directory
    3 | #include [01;31m[K"tutorial_interfaces/srv/SampleRequest.hpp"[m[K
      |          [01;31m[K^~~~~~~~~~~~~~~~~~~~~~~~~~~~~~~~~~~~~~~~~~~[m[K
compilation terminated.
gmake[2]: *** [CMakeFiles/sensor_client.dir/build.make:76: CMakeFiles/sensor_client.dir/src/sensor_client.cpp.o] Error 1
gmake[1]: *** [CMakeFiles/Makefile2:688: CMakeFiles/sensor_client.dir/all] Error 2
gmake[1]: *** Waiting for unfinished jobs....
[01m[K/home/yang/ros2_ws/src/cpp_sensor_server/src/sensor_server2.cpp:2:10:[m[K [01;31m[Kfatal error: [m[Ktutorial_interfaces/srv/SampleRequest.hpp: No such file or directory
    2 | #include [01;31m[K"tutorial_interfaces/srv/SampleRequest.hpp"[m[K
      |          [01;31m[K^~~~~~~~~~~~~~~~~~~~~~~~~~~~~~~~~~~~~~~~~~~[m[K
compilation terminated.
gmake[2]: *** [CMakeFiles/sensor_server2.dir/build.make:76: CMakeFiles/sensor_server2.dir/src/sensor_server2.cpp.o] Error 1
gmake[1]: *** [CMakeFiles/Makefile2:659: CMakeFiles/sensor_server2.dir/all] Error 2
[01m[K/home/yang/ros2_ws/src/cpp_sensor_server/src/sensor_server.cpp:5:10:[m[K [01;31m[Kfatal error: [m[Ktutorial_interfaces/srv/samplerequest.hpp: No such file or directory
    5 | #include [01;31m[K"tutorial_interfaces/srv/samplerequest.hpp"[m[K
      |          [01;31m[K^~~~~~~~~~~~~~~~~~~~~~~~~~~~~~~~~~~~~~~~~~~[m[K
compilation terminated.
gmake[2]: *** [CMakeFiles/sensor_server.dir/build.make:76: CMakeFiles/sensor_server.dir/src/sensor_server.cpp.o] Error 1
gmake[1]: *** [CMakeFiles/Makefile2:630: CMakeFiles/sensor_server.dir/all] Error 2
gmake: *** [Makefile:146: all] Error 2
