[0.008s] Invoking command in '/home/yang/ros2_ws/build/cpp_sensor_server': CMAKE_PREFIX_PATH=/home/yang/ros2_ws/install/tutorial_interfaces:/home/yang/ros2_ws/install/cpp_sensor_server:/home/yang/ros2_ws/install/py_srvcli:/opt/ros/iron LD_LIBRARY_PATH=/home/yang/ros2_ws/install/tutorial_interfaces/lib:/home/yang/ros2_ws/install/cpp_sensor_server/lib:/opt/ros/iron/opt/rviz_ogre_vendor/lib:/opt/ros/iron/lib/x86_64-linux-gnu:/opt/ros/iron/lib PYTHONPATH=/home/yang/ros2_ws/install/tutorial_interfaces/lib/python3.10/site-packages:/home/yang/ros2_ws/install/py_srvcli/lib/python3.10/site-packages:/home/yang/ros2_ws/install/cpp_sensor_server/lib/python3.10/site-packages:/opt/ros/iron/lib/python3.10/site-packages /usr/bin/cmake --build /home/yang/ros2_ws/build/cpp_sensor_server -- -j16 -l16
[0.036s] [  2%] Built target cpp_sensor_server__rosidl_generator_type_description
[0.041s] [  2%] Built target ament_cmake_python_copy_cpp_sensor_server
[0.047s] [  4%] Built target cpp_sensor_server__cpp
[0.047s] [ 20%] Built target cpp_sensor_server__rosidl_generator_c
[0.060s] [ 62%] Built target cpp_sensor_server__rosidl_typesupport_introspection_cpp
[0.060s] [ 62%] Built target cpp_sensor_server__rosidl_typesupport_introspection_c
[0.060s] [ 62%] Built target cpp_sensor_server__rosidl_typesupport_fastrtps_c
[0.060s] [ 62%] Built target cpp_sensor_server__rosidl_typesupport_fastrtps_cpp
[0.060s] [ 62%] Built target cpp_sensor_server__rosidl_typesupport_cpp
[0.060s] [ 68%] Built target cpp_sensor_server__rosidl_typesupport_c
[0.071s] [ 68%] Built target cpp_sensor_server
[0.082s] [ 70%] Built target cpp_sensor_server__py
[0.085s] [ 72%] [32mBuilding CXX object CMakeFiles/sensor_client.dir/src/sensor_client.cpp.o[0m
[0.089s] [ 74%] [32mBuilding CXX object CMakeFiles/sensor_server.dir/src/sensor_server.cpp.o[0m
[0.089s] [ 76%] [32mBuilding CXX object CMakeFiles/sensor_server2.dir/src/sensor_server2.cpp.o[0m
[0.095s] [ 82%] Built target cpp_sensor_server__rosidl_generator_py
[0.108s] [ 92%] Built target cpp_sensor_server__rosidl_typesupport_fastrtps_c__pyext
[0.108s] [ 92%] Built target cpp_sensor_server__rosidl_typesupport_introspection_c__pyext
[0.108s] [ 94%] Built target cpp_sensor_server__rosidl_typesupport_c__pyext
[0.179s] running egg_info
[0.180s] writing cpp_sensor_server.egg-info/PKG-INFO
[0.180s] writing dependency_links to cpp_sensor_server.egg-info/dependency_links.txt
[0.180s] writing top-level names to cpp_sensor_server.egg-info/top_level.txt
[0.181s] reading manifest file 'cpp_sensor_server.egg-info/SOURCES.txt'
[0.182s] writing manifest file 'cpp_sensor_server.egg-info/SOURCES.txt'
[0.197s] [ 94%] Built target ament_cmake_python_build_cpp_sensor_server_egg
[0.217s] [01m[K/home/yang/ros2_ws/src/cpp_sensor_server/src/sensor_client.cpp:3:10:[m[K [01;31m[Kfatal error: [m[Ktutorial_interfaces/srv/SampleRequest.hpp: No such file or directory
[0.217s]     3 | #include [01;31m[K"tutorial_interfaces/srv/SampleRequest.hpp"[m[K
[0.217s]       |          [01;31m[K^~~~~~~~~~~~~~~~~~~~~~~~~~~~~~~~~~~~~~~~~~~[m[K
[0.217s] compilation terminated.
[0.219s] gmake[2]: *** [CMakeFiles/sensor_client.dir/build.make:76: CMakeFiles/sensor_client.dir/src/sensor_client.cpp.o] Error 1
[0.219s] gmake[1]: *** [CMakeFiles/Makefile2:688: CMakeFiles/sensor_client.dir/all] Error 2
[0.219s] gmake[1]: *** Waiting for unfinished jobs....
[0.220s] [01m[K/home/yang/ros2_ws/src/cpp_sensor_server/src/sensor_server2.cpp:2:10:[m[K [01;31m[Kfatal error: [m[Ktutorial_interfaces/srv/SampleRequest.hpp: No such file or directory
[0.220s]     2 | #include [01;31m[K"tutorial_interfaces/srv/SampleRequest.hpp"[m[K
[0.220s]       |          [01;31m[K^~~~~~~~~~~~~~~~~~~~~~~~~~~~~~~~~~~~~~~~~~~[m[K
[0.221s] compilation terminated.
[0.222s] gmake[2]: *** [CMakeFiles/sensor_server2.dir/build.make:76: CMakeFiles/sensor_server2.dir/src/sensor_server2.cpp.o] Error 1
[0.222s] gmake[1]: *** [CMakeFiles/Makefile2:659: CMakeFiles/sensor_server2.dir/all] Error 2
[0.485s] [01m[K/home/yang/ros2_ws/src/cpp_sensor_server/src/sensor_server.cpp:5:10:[m[K [01;31m[Kfatal error: [m[Ktutorial_interfaces/srv/samplerequest.hpp: No such file or directory
[0.485s]     5 | #include [01;31m[K"tutorial_interfaces/srv/samplerequest.hpp"[m[K
[0.485s]       |          [01;31m[K^~~~~~~~~~~~~~~~~~~~~~~~~~~~~~~~~~~~~~~~~~~[m[K
[0.485s] compilation terminated.
[0.491s] gmake[2]: *** [CMakeFiles/sensor_server.dir/build.make:76: CMakeFiles/sensor_server.dir/src/sensor_server.cpp.o] Error 1
[0.491s] gmake[1]: *** [CMakeFiles/Makefile2:630: CMakeFiles/sensor_server.dir/all] Error 2
[0.491s] gmake: *** [Makefile:146: all] Error 2
[0.493s] Invoked command in '/home/yang/ros2_ws/build/cpp_sensor_server' returned '2': CMAKE_PREFIX_PATH=/home/yang/ros2_ws/install/tutorial_interfaces:/home/yang/ros2_ws/install/cpp_sensor_server:/home/yang/ros2_ws/install/py_srvcli:/opt/ros/iron LD_LIBRARY_PATH=/home/yang/ros2_ws/install/tutorial_interfaces/lib:/home/yang/ros2_ws/install/cpp_sensor_server/lib:/opt/ros/iron/opt/rviz_ogre_vendor/lib:/opt/ros/iron/lib/x86_64-linux-gnu:/opt/ros/iron/lib PYTHONPATH=/home/yang/ros2_ws/install/tutorial_interfaces/lib/python3.10/site-packages:/home/yang/ros2_ws/install/py_srvcli/lib/python3.10/site-packages:/home/yang/ros2_ws/install/cpp_sensor_server/lib/python3.10/site-packages:/opt/ros/iron/lib/python3.10/site-packages /usr/bin/cmake --build /home/yang/ros2_ws/build/cpp_sensor_server -- -j16 -l16
