[0.007s] Invoking command in '/home/yang/ros2_ws/build/cpp_srvcli': CMAKE_PREFIX_PATH=/home/yang/ros2_ws/install/tutorial_interfaces:/home/yang/ros2_ws/install/cpp_sensor_server:/home/yang/ros2_ws/install/cpp_srvcli:/home/yang/ros2_ws/install/py_srvcli:/opt/ros/iron LD_LIBRARY_PATH=/home/yang/ros2_ws/install/tutorial_interfaces/lib:/home/yang/ros2_ws/install/cpp_sensor_server/lib:/opt/ros/iron/opt/rviz_ogre_vendor/lib:/opt/ros/iron/lib/x86_64-linux-gnu:/opt/ros/iron/lib PYTHONPATH=/home/yang/ros2_ws/install/tutorial_interfaces/lib/python3.10/site-packages:/home/yang/ros2_ws/install/py_srvcli/lib/python3.10/site-packages:/home/yang/ros2_ws/install/cpp_sensor_server/lib/python3.10/site-packages:/opt/ros/iron/lib/python3.10/site-packages /usr/bin/cmake --build /home/yang/ros2_ws/build/cpp_srvcli -- -j16 -l16
[0.030s] [35m[1mConsolidate compiler generated dependencies of target client[0m
[0.040s] [ 75%] Built target server
[0.040s] [ 75%] [32mBuilding CXX object CMakeFiles/client.dir/src/sensor_client.cpp.o[0m
[1.466s] [01m[K/home/yang/ros2_ws/src/cpp_srvcli/src/sensor_client.cpp:[m[K In member function â€˜[01m[Kvoid SensorClient::request_data()[m[Kâ€™:
[1.466s] [01m[K/home/yang/ros2_ws/src/cpp_srvcli/src/sensor_client.cpp:24:15:[m[K [01;31m[Kerror: [m[Kâ€˜[01m[KTrue[m[Kâ€™ was not declared in this scope
[1.466s]    24 |         while([01;31m[KTrue[m[K){
[1.466s]       |               [01;31m[K^~~~[m[K
[2.154s] gmake[2]: *** [CMakeFiles/client.dir/build.make:76: CMakeFiles/client.dir/src/sensor_client.cpp.o] Error 1
[2.154s] gmake[1]: *** [CMakeFiles/Makefile2:165: CMakeFiles/client.dir/all] Error 2
[2.154s] gmake: *** [Makefile:146: all] Error 2
[2.155s] Invoked command in '/home/yang/ros2_ws/build/cpp_srvcli' returned '2': CMAKE_PREFIX_PATH=/home/yang/ros2_ws/install/tutorial_interfaces:/home/yang/ros2_ws/install/cpp_sensor_server:/home/yang/ros2_ws/install/cpp_srvcli:/home/yang/ros2_ws/install/py_srvcli:/opt/ros/iron LD_LIBRARY_PATH=/home/yang/ros2_ws/install/tutorial_interfaces/lib:/home/yang/ros2_ws/install/cpp_sensor_server/lib:/opt/ros/iron/opt/rviz_ogre_vendor/lib:/opt/ros/iron/lib/x86_64-linux-gnu:/opt/ros/iron/lib PYTHONPATH=/home/yang/ros2_ws/install/tutorial_interfaces/lib/python3.10/site-packages:/home/yang/ros2_ws/install/py_srvcli/lib/python3.10/site-packages:/home/yang/ros2_ws/install/cpp_sensor_server/lib/python3.10/site-packages:/opt/ros/iron/lib/python3.10/site-packages /usr/bin/cmake --build /home/yang/ros2_ws/build/cpp_srvcli -- -j16 -l16
