[0.005s] Invoking command in '/home/yang/ros2_ws/build/cpp_sensor_server': CMAKE_PREFIX_PATH=${CMAKE_PREFIX_PATH}:/home/yang/ros2_ws/install/py_srvcli:/opt/ros/iron /usr/bin/cmake --build /home/yang/ros2_ws/build/cpp_sensor_server -- -j16 -l16
[0.019s] -- Found ament_cmake: 2.0.4 (/opt/ros/iron/share/ament_cmake/cmake)
[0.098s] -- Found rclcpp: 21.0.5 (/opt/ros/iron/share/rclcpp/cmake)
[0.113s] -- Found rosidl_generator_c: 4.0.1 (/opt/ros/iron/share/rosidl_generator_c/cmake)
[0.118s] -- Found rosidl_generator_cpp: 4.0.1 (/opt/ros/iron/share/rosidl_generator_cpp/cmake)
[0.125s] -- Using all available rosidl_typesupport_c: rosidl_typesupport_fastrtps_c;rosidl_typesupport_introspection_c
[0.134s] -- Using all available rosidl_typesupport_cpp: rosidl_typesupport_fastrtps_cpp;rosidl_typesupport_introspection_cpp
[0.218s] -- Found rmw_implementation_cmake: 7.1.0 (/opt/ros/iron/share/rmw_implementation_cmake/cmake)
[0.219s] -- Found rmw_fastrtps_cpp: 7.1.3 (/opt/ros/iron/share/rmw_fastrtps_cpp/cmake)
[0.282s] -- Using RMW implementation 'rmw_fastrtps_cpp' as default
[0.373s] -- Found rclcpp_components: 21.0.5 (/opt/ros/iron/share/rclcpp_components/cmake)
[0.423s] -- Found rosidl_default_generators: 1.5.0 (/opt/ros/iron/share/rosidl_default_generators/cmake)
[0.427s] -- Found rosidl_adapter: 4.0.1 (/opt/ros/iron/share/rosidl_adapter/cmake)
[0.434s] -- Found std_msgs: 5.0.0 (/opt/ros/iron/share/std_msgs/cmake)
[0.621s] -- Found ament_cmake_ros: 0.11.2 (/opt/ros/iron/share/ament_cmake_ros/cmake)
[0.788s] -- Using all available rosidl_typesupport_c: rosidl_typesupport_fastrtps_c;rosidl_typesupport_introspection_c
[0.853s] -- Using all available rosidl_typesupport_cpp: rosidl_typesupport_fastrtps_cpp;rosidl_typesupport_introspection_cpp
[0.865s] -- Found python_cmake_module: 0.10.2 (/opt/ros/iron/share/python_cmake_module/cmake)
[0.878s] -- Using PYTHON_EXECUTABLE: /usr/bin/python3
[0.878s] -- Using PYTHON_INCLUDE_DIRS: /usr/include/python3.10
[0.878s] -- Using PYTHON_LIBRARIES: /usr/lib/x86_64-linux-gnu/libpython3.10.so
[0.887s] [0mCMake Deprecation Warning at /opt/ros/iron/share/rosidl_cmake/cmake/rosidl_target_interfaces.cmake:32 (message):
[0.887s]   Use rosidl_get_typesupport_target() and target_link_libraries() instead of
[0.887s]   rosidl_target_interfaces()
[0.887s] Call Stack (most recent call first):
[0.887s]   CMakeLists.txt:37 (rosidl_target_interfaces)
[0.887s] 
[0.887s] [0m
[0.887s] [0mCMake Deprecation Warning at /opt/ros/iron/share/rosidl_cmake/cmake/rosidl_target_interfaces.cmake:32 (message):
[0.887s]   Use rosidl_get_typesupport_target() and target_link_libraries() instead of
[0.887s]   rosidl_target_interfaces()
[0.887s] Call Stack (most recent call first):
[0.887s]   CMakeLists.txt:38 (rosidl_target_interfaces)
[0.888s] 
[0.888s] [0m
[0.888s] [0mCMake Deprecation Warning at /opt/ros/iron/share/rosidl_cmake/cmake/rosidl_target_interfaces.cmake:32 (message):
[0.888s]   Use rosidl_get_typesupport_target() and target_link_libraries() instead of
[0.888s]   rosidl_target_interfaces()
[0.888s] Call Stack (most recent call first):
[0.888s]   CMakeLists.txt:39 (rosidl_target_interfaces)
[0.888s] 
[0.888s] [0m
[0.889s] -- Configuring done
[0.912s] -- Generating done
[0.914s] -- Build files have been written to: /home/yang/ros2_ws/build/cpp_sensor_server
[0.934s] [  2%] [34m[1mGenerating type hashes for ROS interfaces[0m
[0.939s] [  2%] Built target ament_cmake_python_copy_cpp_sensor_server
[1.054s] [  2%] Built target cpp_sensor_server__rosidl_generator_type_description
[1.059s] [  5%] [34m[1mGenerating C code for ROS interfaces[0m
[1.065s] [  7%] [34m[1mGenerating C++ code for ROS interfaces[0m
[1.070s] running egg_info
[1.070s] writing cpp_sensor_server.egg-info/PKG-INFO
[1.070s] writing dependency_links to cpp_sensor_server.egg-info/dependency_links.txt
[1.070s] writing top-level names to cpp_sensor_server.egg-info/top_level.txt
[1.072s] reading manifest file 'cpp_sensor_server.egg-info/SOURCES.txt'
[1.072s] writing manifest file 'cpp_sensor_server.egg-info/SOURCES.txt'
[1.087s] [  7%] Built target ament_cmake_python_build_cpp_sensor_server_egg
[1.239s] [  7%] Built target cpp_sensor_server__cpp
[1.251s] [35m[1mConsolidate compiler generated dependencies of target cpp_sensor_server__rosidl_generator_c[0m
[1.258s] [ 12%] [32mBuilding C object CMakeFiles/cpp_sensor_server__rosidl_generator_c.dir/rosidl_generator_c/cpp_sensor_server/srv/detail/sensor_data__functions.c.o[0m
[1.258s] [ 15%] [32mBuilding C object CMakeFiles/cpp_sensor_server__rosidl_generator_c.dir/rosidl_generator_c/cpp_sensor_server/srv/detail/sensor_data__type_support.c.o[0m
[1.258s] [ 15%] [32mBuilding C object CMakeFiles/cpp_sensor_server__rosidl_generator_c.dir/rosidl_generator_c/cpp_sensor_server/srv/detail/sensor_data__description.c.o[0m
[1.297s] [ 17%] [32m[1mLinking C shared library libcpp_sensor_server__rosidl_generator_c.so[0m
[1.316s] [ 17%] Built target cpp_sensor_server__rosidl_generator_c
[1.321s] [ 25%] [34m[1mGenerating C type support for eProsima Fast-RTPS[0m
[1.321s] [ 25%] [34m[1mGenerating C++ type support dispatch for ROS interfaces[0m
[1.321s] [ 27%] [34m[1mGenerating C++ type support for eProsima Fast-RTPS[0m
[1.321s] [ 27%] [34m[1mGenerating C introspection for ROS interfaces[0m
[1.322s] [ 30%] [34m[1mGenerating C type support dispatch for ROS interfaces[0m
[1.322s] [ 32%] [34m[1mGenerating C++ introspection for ROS interfaces[0m
[1.470s] [35m[1mConsolidate compiler generated dependencies of target cpp_sensor_server__rosidl_typesupport_c[0m
[1.470s] [35m[1mConsolidate compiler generated dependencies of target cpp_sensor_server__rosidl_typesupport_cpp[0m
[1.477s] [ 35%] [32mBuilding CXX object CMakeFiles/cpp_sensor_server__rosidl_typesupport_c.dir/rosidl_typesupport_c/cpp_sensor_server/srv/sensor_data__type_support.cpp.o[0m
[1.477s] [ 37%] [32mBuilding CXX object CMakeFiles/cpp_sensor_server__rosidl_typesupport_cpp.dir/rosidl_typesupport_cpp/cpp_sensor_server/srv/sensor_data__type_support.cpp.o[0m
[1.498s] [35m[1mConsolidate compiler generated dependencies of target cpp_sensor_server__rosidl_typesupport_introspection_c[0m
[1.500s] [35m[1mConsolidate compiler generated dependencies of target cpp_sensor_server__rosidl_typesupport_introspection_cpp[0m
[1.501s] [35m[1mConsolidate compiler generated dependencies of target cpp_sensor_server__rosidl_typesupport_fastrtps_c[0m
[1.503s] [ 40%] [32m[1mLinking CXX shared library libcpp_sensor_server__rosidl_typesupport_c.so[0m
[1.503s] [35m[1mConsolidate compiler generated dependencies of target cpp_sensor_server__rosidl_typesupport_fastrtps_cpp[0m
[1.504s] [ 42%] [32mBuilding C object CMakeFiles/cpp_sensor_server__rosidl_typesupport_introspection_c.dir/rosidl_typesupport_introspection_c/cpp_sensor_server/srv/detail/sensor_data__type_support.c.o[0m
[1.508s] [ 45%] [32mBuilding CXX object CMakeFiles/cpp_sensor_server__rosidl_typesupport_introspection_cpp.dir/rosidl_typesupport_introspection_cpp/cpp_sensor_server/srv/detail/sensor_data__type_support.cpp.o[0m
[1.508s] [ 47%] [32mBuilding CXX object CMakeFiles/cpp_sensor_server__rosidl_typesupport_fastrtps_c.dir/rosidl_typesupport_fastrtps_c/cpp_sensor_server/srv/detail/sensor_data__type_support_c.cpp.o[0m
[1.511s] [ 50%] [32mBuilding CXX object CMakeFiles/cpp_sensor_server__rosidl_typesupport_fastrtps_cpp.dir/rosidl_typesupport_fastrtps_cpp/cpp_sensor_server/srv/detail/dds_fastrtps/sensor_data__type_support.cpp.o[0m
[1.526s] [ 50%] Built target cpp_sensor_server__rosidl_typesupport_c
[1.532s] [ 52%] [32m[1mLinking C shared library libcpp_sensor_server__rosidl_typesupport_introspection_c.so[0m
[1.550s] [ 52%] Built target cpp_sensor_server__rosidl_typesupport_introspection_c
[1.709s] [ 55%] [32m[1mLinking CXX shared library libcpp_sensor_server__rosidl_typesupport_fastrtps_c.so[0m
[1.758s] [ 55%] Built target cpp_sensor_server__rosidl_typesupport_fastrtps_c
[1.761s] [ 57%] [32m[1mLinking CXX shared library libcpp_sensor_server__rosidl_typesupport_cpp.so[0m
[1.802s] [ 57%] Built target cpp_sensor_server__rosidl_typesupport_cpp
[1.821s] [ 60%] [32m[1mLinking CXX shared library libcpp_sensor_server__rosidl_typesupport_introspection_cpp.so[0m
[1.862s] [ 60%] Built target cpp_sensor_server__rosidl_typesupport_introspection_cpp
[1.902s] [ 62%] [32m[1mLinking CXX shared library libcpp_sensor_server__rosidl_typesupport_fastrtps_cpp.so[0m
[1.942s] [ 62%] Built target cpp_sensor_server__rosidl_typesupport_fastrtps_cpp
[1.952s] [ 62%] Built target cpp_sensor_server
[1.958s] [35m[1mConsolidate compiler generated dependencies of target sensor_client[0m
[1.958s] [35m[1mConsolidate compiler generated dependencies of target sensor_server[0m
[1.958s] [35m[1mConsolidate compiler generated dependencies of target sensor_server2[0m
[1.963s] [ 65%] [34m[1mGenerating Python code for ROS interfaces[0m
[1.969s] [ 67%] [32mBuilding CXX object CMakeFiles/sensor_client.dir/src/sensor_client.cpp.o[0m
[1.975s] [ 72%] [32mBuilding CXX object CMakeFiles/sensor_server2.dir/src/sensor_server2.cpp.o[0m
[1.975s] [ 72%] [32mBuilding CXX object CMakeFiles/sensor_server.dir/src/sensor_server.cpp.o[0m
[2.092s] [01m[K/home/yang/ros2_ws/src/cpp_sensor_server/src/sensor_client.cpp:2:10:[m[K [01;31m[Kfatal error: [m[Kexample_interfaces/srv/get_sensor_data.hpp: No such file or directory
[2.092s]     2 | #include [01;31m[K"example_interfaces/srv/get_sensor_data.hpp"[m[K
[2.092s]       |          [01;31m[K^~~~~~~~~~~~~~~~~~~~~~~~~~~~~~~~~~~~~~~~~~~~[m[K
[2.092s] compilation terminated.
[2.096s] gmake[2]: *** [CMakeFiles/sensor_client.dir/build.make:76: CMakeFiles/sensor_client.dir/src/sensor_client.cpp.o] Error 1
[2.096s] gmake[1]: *** [CMakeFiles/Makefile2:688: CMakeFiles/sensor_client.dir/all] Error 2
[2.096s] gmake[1]: *** Waiting for unfinished jobs....
[2.097s] [01m[K/home/yang/ros2_ws/src/cpp_sensor_server/src/sensor_server.cpp:2:10:[m[K [01;31m[Kfatal error: [m[Kexample_interfaces/srv/get_sensor_data.hpp: No such file or directory
[2.097s]     2 | #include [01;31m[K"example_interfaces/srv/get_sensor_data.hpp"[m[K
[2.097s]       |          [01;31m[K^~~~~~~~~~~~~~~~~~~~~~~~~~~~~~~~~~~~~~~~~~~~[m[K
[2.097s] compilation terminated.
[2.098s] gmake[2]: *** [CMakeFiles/sensor_server.dir/build.make:76: CMakeFiles/sensor_server.dir/src/sensor_server.cpp.o] Error 1
[2.099s] gmake[1]: *** [CMakeFiles/Makefile2:630: CMakeFiles/sensor_server.dir/all] Error 2
[2.225s] [ 72%] Built target cpp_sensor_server__py
[4.040s] [01m[K/home/yang/ros2_ws/src/cpp_sensor_server/src/sensor_server2.cpp:[m[K In member function â€˜[01m[Kvoid SensorServer::handle_sensor_data(std::shared_ptr<cpp_sensor_server::srv::SensorData_Request_<std::allocator<void> > >, std::shared_ptr<cpp_sensor_server::srv::SensorData_Response_<std::allocator<void> > >)[m[Kâ€™:
[4.040s] [01m[K/home/yang/ros2_ws/src/cpp_sensor_server/src/sensor_server2.cpp:22:44:[m[K [01;31m[Kerror: [m[Kâ€˜[01m[Kusing element_type = struct cpp_sensor_server::srv::SensorData_Request_<std::allocator<void> >[m[Kâ€™ {aka â€˜[01m[Kstruct cpp_sensor_server::srv::SensorData_Request_<std::allocator<void> >[m[Kâ€™} has no member named â€˜[01m[Knum_samples[m[Kâ€™
[4.040s]    22 |         std::vector<float> buffer(request->[01;31m[Knum_samples[m[K * 6); // Assuming each sample has 6 values
[4.040s]       |                                            [01;31m[K^~~~~~~~~~~[m[K
[4.040s] [01m[K/home/yang/ros2_ws/src/cpp_sensor_server/src/sensor_server2.cpp:23:104:[m[K [01;31m[Kerror: [m[Kâ€˜[01m[Kusing element_type = struct cpp_sensor_server::srv::SensorData_Request_<std::allocator<void> >[m[Kâ€™ {aka â€˜[01m[Kstruct cpp_sensor_server::srv::SensorData_Request_<std::allocator<void> >[m[Kâ€™} has no member named â€˜[01m[Knum_samples[m[Kâ€™
[4.040s]    23 |         boost::asio::read(socket_, boost::asio::buffer(buffer), boost::asio::transfer_exactly(request->[01;31m[Knum_samples[m[K * 6 * sizeof(float)));
[4.041s]       |                                                                                                        [01;31m[K^~~~~~~~~~~[m[K
[4.041s] [01m[K/home/yang/ros2_ws/src/cpp_sensor_server/src/sensor_server2.cpp:26:38:[m[K [01;31m[Kerror: [m[Kâ€˜[01m[Kusing element_type = struct cpp_sensor_server::srv::SensorData_Request_<std::allocator<void> >[m[Kâ€™ {aka â€˜[01m[Kstruct cpp_sensor_server::srv::SensorData_Request_<std::allocator<void> >[m[Kâ€™} has no member named â€˜[01m[Knum_samples[m[Kâ€™
[4.041s]    26 |         for (int i = 0; i < request->[01;31m[Knum_samples[m[K; i++) {
[4.041s]       |                                      [01;31m[K^~~~~~~~~~~[m[K
[4.041s] [01m[K/home/yang/ros2_ws/src/cpp_sensor_server/src/sensor_server2.cpp:27:13:[m[K [01;31m[Kerror: [m[Kâ€˜[01m[Kstd_msgs[m[Kâ€™ has not been declared
[4.041s]    27 |             [01;31m[Kstd_msgs[m[K::msg::Float64MultiArray row;
[4.041s]       |             [01;31m[K^~~~~~~~[m[K
[4.044s] [01m[K/home/yang/ros2_ws/src/cpp_sensor_server/src/sensor_server2.cpp:28:13:[m[K [01;31m[Kerror: [m[Kâ€˜[01m[Krow[m[Kâ€™ was not declared in this scope; did you mean â€˜[01m[Know[m[Kâ€™?
[4.044s]    28 |             [01;31m[Krow[m[K.data.assign(buffer.begin() + i * 6, buffer.begin() + (i + 1) * 6);
[4.044s]       |             [01;31m[K^~~[m[K
[4.044s]       |             [32m[Know[m[K
[4.686s] gmake[2]: *** [CMakeFiles/sensor_server2.dir/build.make:76: CMakeFiles/sensor_server2.dir/src/sensor_server2.cpp.o] Error 1
[4.686s] gmake[1]: *** [CMakeFiles/Makefile2:659: CMakeFiles/sensor_server2.dir/all] Error 2
[4.686s] gmake: *** [Makefile:146: all] Error 2
[4.687s] Invoked command in '/home/yang/ros2_ws/build/cpp_sensor_server' returned '2': CMAKE_PREFIX_PATH=${CMAKE_PREFIX_PATH}:/home/yang/ros2_ws/install/py_srvcli:/opt/ros/iron /usr/bin/cmake --build /home/yang/ros2_ws/build/cpp_sensor_server -- -j16 -l16
