-- Found ament_cmake: 2.0.4 (/opt/ros/iron/share/ament_cmake/cmake)
-- Found rclcpp: 21.0.5 (/opt/ros/iron/share/rclcpp/cmake)
-- Found rosidl_generator_c: 4.0.1 (/opt/ros/iron/share/rosidl_generator_c/cmake)
-- Found rosidl_generator_cpp: 4.0.1 (/opt/ros/iron/share/rosidl_generator_cpp/cmake)
-- Using all available rosidl_typesupport_c: rosidl_typesupport_fastrtps_c;rosidl_typesupport_introspection_c
-- Using all available rosidl_typesupport_cpp: rosidl_typesupport_fastrtps_cpp;rosidl_typesupport_introspection_cpp
-- Found rmw_implementation_cmake: 7.1.0 (/opt/ros/iron/share/rmw_implementation_cmake/cmake)
-- Found rmw_fastrtps_cpp: 7.1.3 (/opt/ros/iron/share/rmw_fastrtps_cpp/cmake)
-- Using RMW implementation 'rmw_fastrtps_cpp' as default
-- Found rclcpp_components: 21.0.5 (/opt/ros/iron/share/rclcpp_components/cmake)
-- Found rosidl_default_generators: 1.5.0 (/opt/ros/iron/share/rosidl_default_generators/cmake)
-- Found rosidl_adapter: 4.0.1 (/opt/ros/iron/share/rosidl_adapter/cmake)
-- Found std_msgs: 5.0.0 (/opt/ros/iron/share/std_msgs/cmake)
-- Found ament_cmake_ros: 0.11.2 (/opt/ros/iron/share/ament_cmake_ros/cmake)
-- Using all available rosidl_typesupport_c: rosidl_typesupport_fastrtps_c;rosidl_typesupport_introspection_c
-- Using all available rosidl_typesupport_cpp: rosidl_typesupport_fastrtps_cpp;rosidl_typesupport_introspection_cpp
-- Found python_cmake_module: 0.10.2 (/opt/ros/iron/share/python_cmake_module/cmake)
-- Using PYTHON_EXECUTABLE: /usr/bin/python3
-- Using PYTHON_INCLUDE_DIRS: /usr/include/python3.10
-- Using PYTHON_LIBRARIES: /usr/lib/x86_64-linux-gnu/libpython3.10.so
[0mCMake Deprecation Warning at /opt/ros/iron/share/rosidl_cmake/cmake/rosidl_target_interfaces.cmake:32 (message):
  Use rosidl_get_typesupport_target() and target_link_libraries() instead of
  rosidl_target_interfaces()
Call Stack (most recent call first):
  CMakeLists.txt:36 (rosidl_target_interfaces)

[0m
[0mCMake Deprecation Warning at /opt/ros/iron/share/rosidl_cmake/cmake/rosidl_target_interfaces.cmake:32 (message):
  Use rosidl_get_typesupport_target() and target_link_libraries() instead of
  rosidl_target_interfaces()
Call Stack (most recent call first):
  CMakeLists.txt:37 (rosidl_target_interfaces)

[0m
[0mCMake Deprecation Warning at /opt/ros/iron/share/rosidl_cmake/cmake/rosidl_target_interfaces.cmake:32 (message):
  Use rosidl_get_typesupport_target() and target_link_libraries() instead of
  rosidl_target_interfaces()
Call Stack (most recent call first):
  CMakeLists.txt:38 (rosidl_target_interfaces)

[0m
-- Configuring done
-- Generating done
-- Build files have been written to: /home/yang/ros2_ws/build/cpp_sensor_server
[  2%] Built target cpp_sensor_server__rosidl_generator_type_description
[  2%] Built target ament_cmake_python_copy_cpp_sensor_server
[35m[1mConsolidate compiler generated dependencies of target cpp_sensor_server__rosidl_generator_c[0m
[  5%] Built target cpp_sensor_server__cpp
[ 17%] Built target cpp_sensor_server__rosidl_generator_c
[35m[1mConsolidate compiler generated dependencies of target cpp_sensor_server__rosidl_typesupport_c[0m
[35m[1mConsolidate compiler generated dependencies of target cpp_sensor_server__rosidl_typesupport_introspection_c[0m
[35m[1mConsolidate compiler generated dependencies of target cpp_sensor_server__rosidl_typesupport_cpp[0m
[35m[1mConsolidate compiler generated dependencies of target cpp_sensor_server__rosidl_typesupport_introspection_cpp[0m
[35m[1mConsolidate compiler generated dependencies of target cpp_sensor_server__rosidl_typesupport_fastrtps_c[0m
[35m[1mConsolidate compiler generated dependencies of target cpp_sensor_server__rosidl_typesupport_fastrtps_cpp[0m
[ 32%] Built target cpp_sensor_server__rosidl_typesupport_c
[ 32%] Built target cpp_sensor_server__rosidl_typesupport_introspection_c
[ 42%] Built target cpp_sensor_server__rosidl_typesupport_introspection_cpp
[ 47%] Built target cpp_sensor_server__rosidl_typesupport_cpp
[ 55%] Built target cpp_sensor_server__rosidl_typesupport_fastrtps_c
[ 62%] Built target cpp_sensor_server__rosidl_typesupport_fastrtps_cpp
[ 62%] Built target cpp_sensor_server
[35m[1mConsolidate compiler generated dependencies of target sensor_client[0m
[35m[1mConsolidate compiler generated dependencies of target sensor_server[0m
[ 67%] [32mBuilding CXX object CMakeFiles/sensor_server2.dir/src/sensor_server2.cpp.o[0m
[ 67%] Built target cpp_sensor_server__py
[ 72%] Built target sensor_client
[35m[1mConsolidate compiler generated dependencies of target cpp_sensor_server__rosidl_generator_py[0m
[ 77%] Built target sensor_server
[ 82%] Built target cpp_sensor_server__rosidl_generator_py
[35m[1mConsolidate compiler generated dependencies of target cpp_sensor_server__rosidl_typesupport_fastrtps_c__pyext[0m
[35m[1mConsolidate compiler generated dependencies of target cpp_sensor_server__rosidl_typesupport_introspection_c__pyext[0m
[35m[1mConsolidate compiler generated dependencies of target cpp_sensor_server__rosidl_typesupport_c__pyext[0m
[ 95%] Built target cpp_sensor_server__rosidl_typesupport_introspection_c__pyext
[ 95%] Built target cpp_sensor_server__rosidl_typesupport_fastrtps_c__pyext
[ 97%] Built target cpp_sensor_server__rosidl_typesupport_c__pyext
running egg_info
writing cpp_sensor_server.egg-info/PKG-INFO
writing dependency_links to cpp_sensor_server.egg-info/dependency_links.txt
writing top-level names to cpp_sensor_server.egg-info/top_level.txt
reading manifest file 'cpp_sensor_server.egg-info/SOURCES.txt'
writing manifest file 'cpp_sensor_server.egg-info/SOURCES.txt'
[ 97%] Built target ament_cmake_python_build_cpp_sensor_server_egg
[01m[K/home/yang/ros2_ws/src/cpp_sensor_server/src/sensor_server2.cpp:[m[K In constructor â€˜[01m[KSensorServer2::SensorServer2()[m[Kâ€™:
[01m[K/home/yang/ros2_ws/src/cpp_sensor_server/src/sensor_server2.cpp:13:80:[m[K [01;31m[Kerror: [m[Kâ€˜[01m[KSensorServer[m[Kâ€™ has not been declared
   13 |     service_ = this->create_service<SensorData>("get_sensor_data2", std::bind(&[01;31m[KSensorServer[m[K::handle_sensor_data, this, std::placeholders::_1, std::placeholders::_2));
      |                                                                                [01;31m[K^~~~~~~~~~~~[m[K
[01m[K/home/yang/ros2_ws/src/cpp_sensor_server/src/sensor_server2.cpp:[m[K In member function â€˜[01m[Kvoid SensorServer2::handle_sensor_data(std::shared_ptr<cpp_sensor_server::srv::SensorData_Request_<std::allocator<void> > >, std::shared_ptr<cpp_sensor_server::srv::SensorData_Response_<std::allocator<void> > >)[m[Kâ€™:
[01m[K/home/yang/ros2_ws/src/cpp_sensor_server/src/sensor_server2.cpp:23:12:[m[K [01;35m[Kwarning: [m[Kunused variable â€˜[01m[Klen[m[Kâ€™ [[01;35m[K]8;;https://gcc.gnu.org/onlinedocs/gcc/Warning-Options.html#index-Wunused-variable-Wunused-variable]8;;[m[K]
   23 |     size_t [01;35m[Klen[m[K = socket_.read_some(asio::buffer(buffer), ignored_error);
      |            [01;35m[K^~~[m[K
[01m[K/home/yang/ros2_ws/src/cpp_sensor_server/src/sensor_server2.cpp:[m[K In function â€˜[01m[Kint main(int, char**)[m[Kâ€™:
[01m[K/home/yang/ros2_ws/src/cpp_sensor_server/src/sensor_server2.cpp:36:32:[m[K [01;31m[Kerror: [m[Kâ€˜[01m[KSensorServer[m[Kâ€™ was not declared in this scope; did you mean â€˜[01m[KSensorServer2[m[Kâ€™?
   36 |   auto node = std::make_shared<[01;31m[KSensorServer[m[K>();
      |                                [01;31m[K^~~~~~~~~~~~[m[K
      |                                [32m[KSensorServer2[m[K
[01m[K/home/yang/ros2_ws/src/cpp_sensor_server/src/sensor_server2.cpp:36:45:[m[K [01;31m[Kerror: [m[Kno matching function for call to â€˜[01m[Kmake_shared<<expression error> >()[m[Kâ€™
   36 |   auto node = [01;31m[Kstd::make_shared<SensorServer>()[m[K;
      |               [01;31m[K~~~~~~~~~~~~~~~~~~~~~~~~~~~~~~^~[m[K
In file included from [01m[K/usr/include/c++/11/memory:77[m[K,
                 from [01m[K/opt/ros/iron/include/rclcpp/rclcpp/rclcpp.hpp:165[m[K,
                 from [01m[K/home/yang/ros2_ws/src/cpp_sensor_server/src/sensor_server2.cpp:1[m[K:
[01m[K/usr/include/c++/11/bits/shared_ptr.h:875:5:[m[K [01;36m[Knote: [m[Kcandidate: â€˜[01m[Ktemplate<class _Tp, class ... _Args> std::shared_ptr<_Tp> std::make_shared(_Args&& ...)[m[Kâ€™
  875 |     [01;36m[Kmake_shared[m[K(_Args&&... __args)
      |     [01;36m[K^~~~~~~~~~~[m[K
[01m[K/usr/include/c++/11/bits/shared_ptr.h:875:5:[m[K [01;36m[Knote: [m[K  template argument deduction/substitution failed:
[01m[K/home/yang/ros2_ws/src/cpp_sensor_server/src/sensor_server2.cpp:36:45:[m[K [01;31m[Kerror: [m[Ktemplate argument 1 is invalid
   36 |   auto node = [01;31m[Kstd::make_shared<SensorServer>()[m[K;
      |               [01;31m[K~~~~~~~~~~~~~~~~~~~~~~~~~~~~~~^~[m[K
gmake[2]: *** [CMakeFiles/sensor_server2.dir/build.make:76: CMakeFiles/sensor_server2.dir/src/sensor_server2.cpp.o] Error 1
gmake[1]: *** [CMakeFiles/Makefile2:659: CMakeFiles/sensor_server2.dir/all] Error 2
gmake: *** [Makefile:146: all] Error 2
