[0.006s] Invoking command in '/home/yang/ros2_ws/build/cpp_sensor_server': CMAKE_PREFIX_PATH=${CMAKE_PREFIX_PATH}:/home/yang/ros2_ws/install/py_srvcli:/opt/ros/iron /usr/bin/cmake --build /home/yang/ros2_ws/build/cpp_sensor_server -- -j16 -l16
[0.019s] -- Found ament_cmake: 2.0.4 (/opt/ros/iron/share/ament_cmake/cmake)
[0.101s] -- Found rclcpp: 21.0.5 (/opt/ros/iron/share/rclcpp/cmake)
[0.116s] -- Found rosidl_generator_c: 4.0.1 (/opt/ros/iron/share/rosidl_generator_c/cmake)
[0.121s] -- Found rosidl_generator_cpp: 4.0.1 (/opt/ros/iron/share/rosidl_generator_cpp/cmake)
[0.128s] -- Using all available rosidl_typesupport_c: rosidl_typesupport_fastrtps_c;rosidl_typesupport_introspection_c
[0.137s] -- Using all available rosidl_typesupport_cpp: rosidl_typesupport_fastrtps_cpp;rosidl_typesupport_introspection_cpp
[0.221s] -- Found rmw_implementation_cmake: 7.1.0 (/opt/ros/iron/share/rmw_implementation_cmake/cmake)
[0.222s] -- Found rmw_fastrtps_cpp: 7.1.3 (/opt/ros/iron/share/rmw_fastrtps_cpp/cmake)
[0.284s] -- Using RMW implementation 'rmw_fastrtps_cpp' as default
[0.376s] -- Found rclcpp_components: 21.0.5 (/opt/ros/iron/share/rclcpp_components/cmake)
[0.427s] -- Found rosidl_default_generators: 1.5.0 (/opt/ros/iron/share/rosidl_default_generators/cmake)
[0.431s] -- Found rosidl_adapter: 4.0.1 (/opt/ros/iron/share/rosidl_adapter/cmake)
[0.436s] -- Found std_msgs: 5.0.0 (/opt/ros/iron/share/std_msgs/cmake)
[0.630s] -- Found ament_cmake_ros: 0.11.2 (/opt/ros/iron/share/ament_cmake_ros/cmake)
[0.797s] -- Using all available rosidl_typesupport_c: rosidl_typesupport_fastrtps_c;rosidl_typesupport_introspection_c
[0.863s] -- Using all available rosidl_typesupport_cpp: rosidl_typesupport_fastrtps_cpp;rosidl_typesupport_introspection_cpp
[0.876s] -- Found python_cmake_module: 0.10.2 (/opt/ros/iron/share/python_cmake_module/cmake)
[0.888s] -- Using PYTHON_EXECUTABLE: /usr/bin/python3
[0.888s] -- Using PYTHON_INCLUDE_DIRS: /usr/include/python3.10
[0.888s] -- Using PYTHON_LIBRARIES: /usr/lib/x86_64-linux-gnu/libpython3.10.so
[0.898s] [0mCMake Deprecation Warning at /opt/ros/iron/share/rosidl_cmake/cmake/rosidl_target_interfaces.cmake:32 (message):
[0.898s]   Use rosidl_get_typesupport_target() and target_link_libraries() instead of
[0.898s]   rosidl_target_interfaces()
[0.898s] Call Stack (most recent call first):
[0.898s]   CMakeLists.txt:36 (rosidl_target_interfaces)
[0.898s] 
[0.898s] [0m
[0.898s] [0mCMake Deprecation Warning at /opt/ros/iron/share/rosidl_cmake/cmake/rosidl_target_interfaces.cmake:32 (message):
[0.898s]   Use rosidl_get_typesupport_target() and target_link_libraries() instead of
[0.898s]   rosidl_target_interfaces()
[0.898s] Call Stack (most recent call first):
[0.898s]   CMakeLists.txt:37 (rosidl_target_interfaces)
[0.898s] 
[0.898s] [0m
[0.898s] [0mCMake Deprecation Warning at /opt/ros/iron/share/rosidl_cmake/cmake/rosidl_target_interfaces.cmake:32 (message):
[0.898s]   Use rosidl_get_typesupport_target() and target_link_libraries() instead of
[0.898s]   rosidl_target_interfaces()
[0.898s] Call Stack (most recent call first):
[0.898s]   CMakeLists.txt:38 (rosidl_target_interfaces)
[0.898s] 
[0.898s] [0m
[0.900s] -- Configuring done
[0.922s] -- Generating done
[0.924s] -- Build files have been written to: /home/yang/ros2_ws/build/cpp_sensor_server
[0.944s] [  2%] Built target cpp_sensor_server__rosidl_generator_type_description
[0.949s] [  2%] Built target ament_cmake_python_copy_cpp_sensor_server
[0.950s] [35m[1mConsolidate compiler generated dependencies of target cpp_sensor_server__rosidl_generator_c[0m
[0.955s] [  5%] Built target cpp_sensor_server__cpp
[0.957s] [ 17%] Built target cpp_sensor_server__rosidl_generator_c
[0.962s] [35m[1mConsolidate compiler generated dependencies of target cpp_sensor_server__rosidl_typesupport_c[0m
[0.963s] [35m[1mConsolidate compiler generated dependencies of target cpp_sensor_server__rosidl_typesupport_introspection_c[0m
[0.963s] [35m[1mConsolidate compiler generated dependencies of target cpp_sensor_server__rosidl_typesupport_cpp[0m
[0.963s] [35m[1mConsolidate compiler generated dependencies of target cpp_sensor_server__rosidl_typesupport_introspection_cpp[0m
[0.963s] [35m[1mConsolidate compiler generated dependencies of target cpp_sensor_server__rosidl_typesupport_fastrtps_c[0m
[0.963s] [35m[1mConsolidate compiler generated dependencies of target cpp_sensor_server__rosidl_typesupport_fastrtps_cpp[0m
[0.969s] [ 32%] Built target cpp_sensor_server__rosidl_typesupport_c
[0.969s] [ 32%] Built target cpp_sensor_server__rosidl_typesupport_introspection_c
[0.969s] [ 42%] Built target cpp_sensor_server__rosidl_typesupport_introspection_cpp
[0.970s] [ 47%] Built target cpp_sensor_server__rosidl_typesupport_cpp
[0.970s] [ 55%] Built target cpp_sensor_server__rosidl_typesupport_fastrtps_c
[0.973s] [ 62%] Built target cpp_sensor_server__rosidl_typesupport_fastrtps_cpp
[0.984s] [ 62%] Built target cpp_sensor_server
[0.990s] [35m[1mConsolidate compiler generated dependencies of target sensor_client[0m
[0.990s] [35m[1mConsolidate compiler generated dependencies of target sensor_server[0m
[0.996s] [ 67%] [32mBuilding CXX object CMakeFiles/sensor_server2.dir/src/sensor_server2.cpp.o[0m
[0.996s] [ 67%] Built target cpp_sensor_server__py
[1.001s] [ 72%] Built target sensor_client
[1.001s] [35m[1mConsolidate compiler generated dependencies of target cpp_sensor_server__rosidl_generator_py[0m
[1.006s] [ 77%] Built target sensor_server
[1.008s] [ 82%] Built target cpp_sensor_server__rosidl_generator_py
[1.014s] [35m[1mConsolidate compiler generated dependencies of target cpp_sensor_server__rosidl_typesupport_fastrtps_c__pyext[0m
[1.014s] [35m[1mConsolidate compiler generated dependencies of target cpp_sensor_server__rosidl_typesupport_introspection_c__pyext[0m
[1.014s] [35m[1mConsolidate compiler generated dependencies of target cpp_sensor_server__rosidl_typesupport_c__pyext[0m
[1.022s] [ 95%] Built target cpp_sensor_server__rosidl_typesupport_introspection_c__pyext
[1.022s] [ 95%] Built target cpp_sensor_server__rosidl_typesupport_fastrtps_c__pyext
[1.022s] [ 97%] Built target cpp_sensor_server__rosidl_typesupport_c__pyext
[1.089s] running egg_info
[1.089s] writing cpp_sensor_server.egg-info/PKG-INFO
[1.089s] writing dependency_links to cpp_sensor_server.egg-info/dependency_links.txt
[1.090s] writing top-level names to cpp_sensor_server.egg-info/top_level.txt
[1.091s] reading manifest file 'cpp_sensor_server.egg-info/SOURCES.txt'
[1.091s] writing manifest file 'cpp_sensor_server.egg-info/SOURCES.txt'
[1.106s] [ 97%] Built target ament_cmake_python_build_cpp_sensor_server_egg
[3.036s] [01m[K/home/yang/ros2_ws/src/cpp_sensor_server/src/sensor_server2.cpp:[m[K In constructor â€˜[01m[KSensorServer2::SensorServer2()[m[Kâ€™:
[3.036s] [01m[K/home/yang/ros2_ws/src/cpp_sensor_server/src/sensor_server2.cpp:13:80:[m[K [01;31m[Kerror: [m[Kâ€˜[01m[KSensorServer[m[Kâ€™ has not been declared
[3.036s]    13 |     service_ = this->create_service<SensorData>("get_sensor_data2", std::bind(&[01;31m[KSensorServer[m[K::handle_sensor_data, this, std::placeholders::_1, std::placeholders::_2));
[3.036s]       |                                                                                [01;31m[K^~~~~~~~~~~~[m[K
[3.043s] [01m[K/home/yang/ros2_ws/src/cpp_sensor_server/src/sensor_server2.cpp:[m[K In member function â€˜[01m[Kvoid SensorServer2::handle_sensor_data(std::shared_ptr<cpp_sensor_server::srv::SensorData_Request_<std::allocator<void> > >, std::shared_ptr<cpp_sensor_server::srv::SensorData_Response_<std::allocator<void> > >)[m[Kâ€™:
[3.043s] [01m[K/home/yang/ros2_ws/src/cpp_sensor_server/src/sensor_server2.cpp:23:12:[m[K [01;35m[Kwarning: [m[Kunused variable â€˜[01m[Klen[m[Kâ€™ [[01;35m[K]8;;https://gcc.gnu.org/onlinedocs/gcc/Warning-Options.html#index-Wunused-variable-Wunused-variable]8;;[m[K]
[3.043s]    23 |     size_t [01;35m[Klen[m[K = socket_.read_some(asio::buffer(buffer), ignored_error);
[3.043s]       |            [01;35m[K^~~[m[K
[3.047s] [01m[K/home/yang/ros2_ws/src/cpp_sensor_server/src/sensor_server2.cpp:[m[K In function â€˜[01m[Kint main(int, char**)[m[Kâ€™:
[3.047s] [01m[K/home/yang/ros2_ws/src/cpp_sensor_server/src/sensor_server2.cpp:36:32:[m[K [01;31m[Kerror: [m[Kâ€˜[01m[KSensorServer[m[Kâ€™ was not declared in this scope; did you mean â€˜[01m[KSensorServer2[m[Kâ€™?
[3.047s]    36 |   auto node = std::make_shared<[01;31m[KSensorServer[m[K>();
[3.047s]       |                                [01;31m[K^~~~~~~~~~~~[m[K
[3.047s]       |                                [32m[KSensorServer2[m[K
[3.047s] [01m[K/home/yang/ros2_ws/src/cpp_sensor_server/src/sensor_server2.cpp:36:45:[m[K [01;31m[Kerror: [m[Kno matching function for call to â€˜[01m[Kmake_shared<<expression error> >()[m[Kâ€™
[3.047s]    36 |   auto node = [01;31m[Kstd::make_shared<SensorServer>()[m[K;
[3.047s]       |               [01;31m[K~~~~~~~~~~~~~~~~~~~~~~~~~~~~~~^~[m[K
[3.047s] In file included from [01m[K/usr/include/c++/11/memory:77[m[K,
[3.047s]                  from [01m[K/opt/ros/iron/include/rclcpp/rclcpp/rclcpp.hpp:165[m[K,
[3.047s]                  from [01m[K/home/yang/ros2_ws/src/cpp_sensor_server/src/sensor_server2.cpp:1[m[K:
[3.047s] [01m[K/usr/include/c++/11/bits/shared_ptr.h:875:5:[m[K [01;36m[Knote: [m[Kcandidate: â€˜[01m[Ktemplate<class _Tp, class ... _Args> std::shared_ptr<_Tp> std::make_shared(_Args&& ...)[m[Kâ€™
[3.047s]   875 |     [01;36m[Kmake_shared[m[K(_Args&&... __args)
[3.047s]       |     [01;36m[K^~~~~~~~~~~[m[K
[3.047s] [01m[K/usr/include/c++/11/bits/shared_ptr.h:875:5:[m[K [01;36m[Knote: [m[K  template argument deduction/substitution failed:
[3.047s] [01m[K/home/yang/ros2_ws/src/cpp_sensor_server/src/sensor_server2.cpp:36:45:[m[K [01;31m[Kerror: [m[Ktemplate argument 1 is invalid
[3.047s]    36 |   auto node = [01;31m[Kstd::make_shared<SensorServer>()[m[K;
[3.047s]       |               [01;31m[K~~~~~~~~~~~~~~~~~~~~~~~~~~~~~~^~[m[K
[3.560s] gmake[2]: *** [CMakeFiles/sensor_server2.dir/build.make:76: CMakeFiles/sensor_server2.dir/src/sensor_server2.cpp.o] Error 1
[3.560s] gmake[1]: *** [CMakeFiles/Makefile2:659: CMakeFiles/sensor_server2.dir/all] Error 2
[3.560s] gmake: *** [Makefile:146: all] Error 2
[3.561s] Invoked command in '/home/yang/ros2_ws/build/cpp_sensor_server' returned '2': CMAKE_PREFIX_PATH=${CMAKE_PREFIX_PATH}:/home/yang/ros2_ws/install/py_srvcli:/opt/ros/iron /usr/bin/cmake --build /home/yang/ros2_ws/build/cpp_sensor_server -- -j16 -l16
