[0.006s] Invoking command in '/home/yang/ros2_ws/build/cpp_sensor_server': CMAKE_PREFIX_PATH=${CMAKE_PREFIX_PATH}:/home/yang/ros2_ws/install/py_srvcli:/opt/ros/iron /usr/bin/cmake --build /home/yang/ros2_ws/build/cpp_sensor_server -- -j16 -l16
[0.019s] -- Found ament_cmake: 2.0.4 (/opt/ros/iron/share/ament_cmake/cmake)
[0.099s] -- Found rclcpp: 21.0.5 (/opt/ros/iron/share/rclcpp/cmake)
[0.115s] -- Found rosidl_generator_c: 4.0.1 (/opt/ros/iron/share/rosidl_generator_c/cmake)
[0.120s] -- Found rosidl_generator_cpp: 4.0.1 (/opt/ros/iron/share/rosidl_generator_cpp/cmake)
[0.128s] -- Using all available rosidl_typesupport_c: rosidl_typesupport_fastrtps_c;rosidl_typesupport_introspection_c
[0.136s] -- Using all available rosidl_typesupport_cpp: rosidl_typesupport_fastrtps_cpp;rosidl_typesupport_introspection_cpp
[0.221s] -- Found rmw_implementation_cmake: 7.1.0 (/opt/ros/iron/share/rmw_implementation_cmake/cmake)
[0.222s] -- Found rmw_fastrtps_cpp: 7.1.3 (/opt/ros/iron/share/rmw_fastrtps_cpp/cmake)
[0.285s] -- Using RMW implementation 'rmw_fastrtps_cpp' as default
[0.376s] -- Found rclcpp_components: 21.0.5 (/opt/ros/iron/share/rclcpp_components/cmake)
[0.427s] -- Found rosidl_default_generators: 1.5.0 (/opt/ros/iron/share/rosidl_default_generators/cmake)
[0.431s] -- Found rosidl_adapter: 4.0.1 (/opt/ros/iron/share/rosidl_adapter/cmake)
[0.437s] -- Found std_msgs: 5.0.0 (/opt/ros/iron/share/std_msgs/cmake)
[0.554s] [31mCMake Error at /opt/ros/iron/share/rosidl_adapter/cmake/rosidl_adapt_interfaces.cmake:57 (message):
[0.555s]   execute_process(/usr/bin/python3.10 -m rosidl_adapter --package-name
[0.555s]   cpp_sensor_server --arguments-file
[0.555s]   /home/yang/ros2_ws/build/cpp_sensor_server/rosidl_adapter__arguments__cpp_sensor_server.json
[0.555s]   --output-dir
[0.555s]   /home/yang/ros2_ws/build/cpp_sensor_server/rosidl_adapter/cpp_sensor_server
[0.555s]   --output-file
[0.555s]   /home/yang/ros2_ws/build/cpp_sensor_server/rosidl_adapter/cpp_sensor_server.idls)
[0.555s]   returned error code 1:
[0.555s] 
[0.555s]   Error processing 'float64[][] data' of
[0.555s]   'cpp_sensor_server/SampleRequest_Response': ''float64[]' is an invalid
[0.555s]   message name.  It should have the pattern '^[A-Z][A-Za-z0-9]*$''
[0.555s] 
[0.555s]   Traceback (most recent call last):
[0.555s] 
[0.555s]     File "/usr/lib/python3.10/runpy.py", line 196, in _run_module_as_main
[0.555s]       return _run_code(code, main_globals, None,
[0.555s]     File "/usr/lib/python3.10/runpy.py", line 86, in _run_code
[0.555s]       exec(code, run_globals)
[0.555s]     File "/opt/ros/iron/lib/python3.10/site-packages/rosidl_adapter/__main__.py", line 19, in <module>
[0.555s]       sys.exit(main())
[0.555s]     File "/opt/ros/iron/lib/python3.10/site-packages/rosidl_adapter/main.py", line 53, in main
[0.555s]       abs_idl_file = convert_to_idl(
[0.555s]     File "/opt/ros/iron/lib/python3.10/site-packages/rosidl_adapter/__init__.py", line 24, in convert_to_idl
[0.555s]       return convert_srv_to_idl(
[0.555s]     File "/opt/ros/iron/lib/python3.10/site-packages/rosidl_adapter/srv/__init__.py", line 28, in convert_srv_to_idl
[0.555s]       srv = parse_service_string(package_name, input_file.stem, content)
[0.556s]     File "/opt/ros/iron/lib/python3.10/site-packages/rosidl_adapter/parser.py", line 864, in parse_service_string
[0.556s]       response_message = parse_message_string(
[0.556s]     File "/opt/ros/iron/lib/python3.10/site-packages/rosidl_adapter/parser.py", line 521, in parse_message_string
[0.556s]       Type(type_string, context_package_name=pkg_name),
[0.556s]     File "/opt/ros/iron/lib/python3.10/site-packages/rosidl_adapter/parser.py", line 278, in __init__
[0.556s]       super(Type, self).__init__(
[0.556s]     File "/opt/ros/iron/lib/python3.10/site-packages/rosidl_adapter/parser.py", line 206, in __init__
[0.556s]       raise InvalidResourceName(
[0.556s] 
[0.556s]   rosidl_adapter.parser.InvalidResourceName: 'float64[]' is an invalid
[0.556s]   message name.  It should have the pattern '^[A-Z][A-Za-z0-9]*$'
[0.556s] 
[0.556s] Call Stack (most recent call first):
[0.556s]   /opt/ros/iron/share/rosidl_cmake/cmake/rosidl_generate_interfaces.cmake:132 (rosidl_adapt_interfaces)
[0.556s]   CMakeLists.txt:20 (rosidl_generate_interfaces)
[0.556s] 
[0.556s] [0m
[0.556s] -- Configuring incomplete, errors occurred!
[0.556s] See also "/home/yang/ros2_ws/build/cpp_sensor_server/CMakeFiles/CMakeOutput.log".
[0.559s] gmake: *** [Makefile:938: cmake_check_build_system] Error 1
[0.560s] Invoked command in '/home/yang/ros2_ws/build/cpp_sensor_server' returned '2': CMAKE_PREFIX_PATH=${CMAKE_PREFIX_PATH}:/home/yang/ros2_ws/install/py_srvcli:/opt/ros/iron /usr/bin/cmake --build /home/yang/ros2_ws/build/cpp_sensor_server -- -j16 -l16
