[0.006s] Invoking command in '/home/yang/ros2_ws/build/cpp_sensor_server': CMAKE_PREFIX_PATH=${CMAKE_PREFIX_PATH}:/home/yang/ros2_ws/install/py_srvcli:/opt/ros/iron /usr/bin/cmake --build /home/yang/ros2_ws/build/cpp_sensor_server -- -j16 -l16
[0.019s] -- Found ament_cmake: 2.0.4 (/opt/ros/iron/share/ament_cmake/cmake)
[0.099s] -- Found rclcpp: 21.0.5 (/opt/ros/iron/share/rclcpp/cmake)
[0.114s] -- Found rosidl_generator_c: 4.0.1 (/opt/ros/iron/share/rosidl_generator_c/cmake)
[0.119s] -- Found rosidl_generator_cpp: 4.0.1 (/opt/ros/iron/share/rosidl_generator_cpp/cmake)
[0.129s] -- Using all available rosidl_typesupport_c: rosidl_typesupport_fastrtps_c;rosidl_typesupport_introspection_c
[0.138s] -- Using all available rosidl_typesupport_cpp: rosidl_typesupport_fastrtps_cpp;rosidl_typesupport_introspection_cpp
[0.223s] -- Found rmw_implementation_cmake: 7.1.0 (/opt/ros/iron/share/rmw_implementation_cmake/cmake)
[0.224s] -- Found rmw_fastrtps_cpp: 7.1.3 (/opt/ros/iron/share/rmw_fastrtps_cpp/cmake)
[0.286s] -- Using RMW implementation 'rmw_fastrtps_cpp' as default
[0.376s] -- Found rclcpp_components: 21.0.5 (/opt/ros/iron/share/rclcpp_components/cmake)
[0.428s] -- Found rosidl_default_generators: 1.5.0 (/opt/ros/iron/share/rosidl_default_generators/cmake)
[0.433s] -- Found rosidl_adapter: 4.0.1 (/opt/ros/iron/share/rosidl_adapter/cmake)
[0.440s] -- Found std_msgs: 5.0.0 (/opt/ros/iron/share/std_msgs/cmake)
[0.638s] -- Found ament_cmake_ros: 0.11.2 (/opt/ros/iron/share/ament_cmake_ros/cmake)
[0.803s] -- Using all available rosidl_typesupport_c: rosidl_typesupport_fastrtps_c;rosidl_typesupport_introspection_c
[0.869s] -- Using all available rosidl_typesupport_cpp: rosidl_typesupport_fastrtps_cpp;rosidl_typesupport_introspection_cpp
[0.881s] -- Found python_cmake_module: 0.10.2 (/opt/ros/iron/share/python_cmake_module/cmake)
[0.894s] -- Using PYTHON_EXECUTABLE: /usr/bin/python3
[0.894s] -- Using PYTHON_INCLUDE_DIRS: /usr/include/python3.10
[0.894s] -- Using PYTHON_LIBRARIES: /usr/lib/x86_64-linux-gnu/libpython3.10.so
[0.904s] [0mCMake Deprecation Warning at /opt/ros/iron/share/rosidl_cmake/cmake/rosidl_target_interfaces.cmake:32 (message):
[0.904s]   Use rosidl_get_typesupport_target() and target_link_libraries() instead of
[0.904s]   rosidl_target_interfaces()
[0.904s] Call Stack (most recent call first):
[0.904s]   CMakeLists.txt:37 (rosidl_target_interfaces)
[0.904s] 
[0.904s] [0m
[0.904s] [0mCMake Deprecation Warning at /opt/ros/iron/share/rosidl_cmake/cmake/rosidl_target_interfaces.cmake:32 (message):
[0.904s]   Use rosidl_get_typesupport_target() and target_link_libraries() instead of
[0.904s]   rosidl_target_interfaces()
[0.904s] Call Stack (most recent call first):
[0.904s]   CMakeLists.txt:38 (rosidl_target_interfaces)
[0.904s] 
[0.904s] [0m
[0.904s] [0mCMake Deprecation Warning at /opt/ros/iron/share/rosidl_cmake/cmake/rosidl_target_interfaces.cmake:32 (message):
[0.904s]   Use rosidl_get_typesupport_target() and target_link_libraries() instead of
[0.904s]   rosidl_target_interfaces()
[0.904s] Call Stack (most recent call first):
[0.904s]   CMakeLists.txt:39 (rosidl_target_interfaces)
[0.904s] 
[0.904s] [0m
[0.906s] -- Configuring done
[0.928s] -- Generating done
[0.930s] -- Build files have been written to: /home/yang/ros2_ws/build/cpp_sensor_server
[0.951s] [  2%] [34m[1mGenerating type hashes for ROS interfaces[0m
[0.956s] [  2%] Built target ament_cmake_python_copy_cpp_sensor_server
[1.072s] [  2%] Built target cpp_sensor_server__rosidl_generator_type_description
[1.077s] [  5%] [34m[1mGenerating C code for ROS interfaces[0m
[1.083s] [  7%] [34m[1mGenerating C++ code for ROS interfaces[0m
[1.086s] running egg_info
[1.087s] writing cpp_sensor_server.egg-info/PKG-INFO
[1.087s] writing dependency_links to cpp_sensor_server.egg-info/dependency_links.txt
[1.087s] writing top-level names to cpp_sensor_server.egg-info/top_level.txt
[1.088s] reading manifest file 'cpp_sensor_server.egg-info/SOURCES.txt'
[1.089s] writing manifest file 'cpp_sensor_server.egg-info/SOURCES.txt'
[1.103s] [  7%] Built target ament_cmake_python_build_cpp_sensor_server_egg
[1.257s] [  7%] Built target cpp_sensor_server__cpp
[1.273s] [35m[1mConsolidate compiler generated dependencies of target cpp_sensor_server__rosidl_generator_c[0m
[1.281s] [ 15%] [32mBuilding C object CMakeFiles/cpp_sensor_server__rosidl_generator_c.dir/rosidl_generator_c/cpp_sensor_server/srv/detail/sensor_data__functions.c.o[0m
[1.281s] [ 15%] [32mBuilding C object CMakeFiles/cpp_sensor_server__rosidl_generator_c.dir/rosidl_generator_c/cpp_sensor_server/srv/detail/sensor_data__description.c.o[0m
[1.281s] [ 15%] [32mBuilding C object CMakeFiles/cpp_sensor_server__rosidl_generator_c.dir/rosidl_generator_c/cpp_sensor_server/srv/detail/sensor_data__type_support.c.o[0m
[1.332s] [ 17%] [32m[1mLinking C shared library libcpp_sensor_server__rosidl_generator_c.so[0m
[1.354s] [ 17%] Built target cpp_sensor_server__rosidl_generator_c
[1.359s] [ 25%] [34m[1mGenerating C++ type support dispatch for ROS interfaces[0m
[1.359s] [ 27%] [34m[1mGenerating C++ type support for eProsima Fast-RTPS[0m
[1.359s] [ 27%] [34m[1mGenerating C introspection for ROS interfaces[0m
[1.359s] [ 25%] [34m[1mGenerating C type support for eProsima Fast-RTPS[0m
[1.359s] [ 30%] [34m[1mGenerating C type support dispatch for ROS interfaces[0m
[1.359s] [ 32%] [34m[1mGenerating C++ introspection for ROS interfaces[0m
[1.507s] [35m[1mConsolidate compiler generated dependencies of target cpp_sensor_server__rosidl_typesupport_c[0m
[1.508s] [35m[1mConsolidate compiler generated dependencies of target cpp_sensor_server__rosidl_typesupport_cpp[0m
[1.514s] [ 35%] [32mBuilding CXX object CMakeFiles/cpp_sensor_server__rosidl_typesupport_c.dir/rosidl_typesupport_c/cpp_sensor_server/srv/sensor_data__type_support.cpp.o[0m
[1.517s] [ 37%] [32mBuilding CXX object CMakeFiles/cpp_sensor_server__rosidl_typesupport_cpp.dir/rosidl_typesupport_cpp/cpp_sensor_server/srv/sensor_data__type_support.cpp.o[0m
[1.528s] [35m[1mConsolidate compiler generated dependencies of target cpp_sensor_server__rosidl_typesupport_introspection_cpp[0m
[1.535s] [35m[1mConsolidate compiler generated dependencies of target cpp_sensor_server__rosidl_typesupport_introspection_c[0m
[1.536s] [ 40%] [32mBuilding CXX object CMakeFiles/cpp_sensor_server__rosidl_typesupport_introspection_cpp.dir/rosidl_typesupport_introspection_cpp/cpp_sensor_server/srv/detail/sensor_data__type_support.cpp.o[0m
[1.540s] [35m[1mConsolidate compiler generated dependencies of target cpp_sensor_server__rosidl_typesupport_fastrtps_c[0m
[1.541s] [35m[1mConsolidate compiler generated dependencies of target cpp_sensor_server__rosidl_typesupport_fastrtps_cpp[0m
[1.541s] [ 42%] [32mBuilding C object CMakeFiles/cpp_sensor_server__rosidl_typesupport_introspection_c.dir/rosidl_typesupport_introspection_c/cpp_sensor_server/srv/detail/sensor_data__type_support.c.o[0m
[1.548s] [ 45%] [32mBuilding CXX object CMakeFiles/cpp_sensor_server__rosidl_typesupport_fastrtps_c.dir/rosidl_typesupport_fastrtps_c/cpp_sensor_server/srv/detail/sensor_data__type_support_c.cpp.o[0m
[1.548s] [ 47%] [32mBuilding CXX object CMakeFiles/cpp_sensor_server__rosidl_typesupport_fastrtps_cpp.dir/rosidl_typesupport_fastrtps_cpp/cpp_sensor_server/srv/detail/dds_fastrtps/sensor_data__type_support.cpp.o[0m
[1.557s] [ 50%] [32m[1mLinking CXX shared library libcpp_sensor_server__rosidl_typesupport_c.so[0m
[1.570s] [ 52%] [32m[1mLinking C shared library libcpp_sensor_server__rosidl_typesupport_introspection_c.so[0m
[1.581s] [ 52%] Built target cpp_sensor_server__rosidl_typesupport_c
[1.588s] [ 52%] Built target cpp_sensor_server__rosidl_typesupport_introspection_c
[1.759s] [ 55%] [32m[1mLinking CXX shared library libcpp_sensor_server__rosidl_typesupport_fastrtps_c.so[0m
[1.801s] [ 55%] Built target cpp_sensor_server__rosidl_typesupport_fastrtps_c
[1.813s] [ 57%] [32m[1mLinking CXX shared library libcpp_sensor_server__rosidl_typesupport_cpp.so[0m
[1.856s] [ 57%] Built target cpp_sensor_server__rosidl_typesupport_cpp
[1.858s] [ 60%] [32m[1mLinking CXX shared library libcpp_sensor_server__rosidl_typesupport_introspection_cpp.so[0m
[1.898s] [ 60%] Built target cpp_sensor_server__rosidl_typesupport_introspection_cpp
[1.942s] [ 62%] [32m[1mLinking CXX shared library libcpp_sensor_server__rosidl_typesupport_fastrtps_cpp.so[0m
[1.982s] [ 62%] Built target cpp_sensor_server__rosidl_typesupport_fastrtps_cpp
[1.991s] [ 62%] Built target cpp_sensor_server
[1.998s] [35m[1mConsolidate compiler generated dependencies of target sensor_client[0m
[1.998s] [35m[1mConsolidate compiler generated dependencies of target sensor_server2[0m
[1.998s] [35m[1mConsolidate compiler generated dependencies of target sensor_server[0m
[2.002s] [ 65%] [34m[1mGenerating Python code for ROS interfaces[0m
[2.012s] [ 67%] [32mBuilding CXX object CMakeFiles/sensor_client.dir/src/sensor_client.cpp.o[0m
[2.024s] [ 72%] [32mBuilding CXX object CMakeFiles/sensor_server.dir/src/sensor_server.cpp.o[0m
[2.024s] [ 72%] [32mBuilding CXX object CMakeFiles/sensor_server2.dir/src/sensor_server2.cpp.o[0m
[2.159s] [01m[K/home/yang/ros2_ws/src/cpp_sensor_server/src/sensor_server.cpp:2:10:[m[K [01;31m[Kfatal error: [m[Kexample_interfaces/srv/get_sensor_data.hpp: No such file or directory
[2.160s]     2 | #include [01;31m[K"example_interfaces/srv/get_sensor_data.hpp"[m[K
[2.160s]       |          [01;31m[K^~~~~~~~~~~~~~~~~~~~~~~~~~~~~~~~~~~~~~~~~~~~[m[K
[2.160s] [01m[K/home/yang/ros2_ws/src/cpp_sensor_server/src/sensor_client.cpp:2:10:[m[K [01;31m[Kfatal error: [m[Kexample_interfaces/srv/get_sensor_data.hpp: No such file or directory
[2.160s]     2 | #include [01;31m[K"example_interfaces/srv/get_sensor_data.hpp"[m[K
[2.160s]       |          [01;31m[K^~~~~~~~~~~~~~~~~~~~~~~~~~~~~~~~~~~~~~~~~~~~[m[K
[2.160s] compilation terminated.
[2.160s] compilation terminated.
[2.161s] gmake[2]: *** [CMakeFiles/sensor_server.dir/build.make:76: CMakeFiles/sensor_server.dir/src/sensor_server.cpp.o] Error 1
[2.161s] gmake[2]: *** [CMakeFiles/sensor_client.dir/build.make:76: CMakeFiles/sensor_client.dir/src/sensor_client.cpp.o] Error 1
[2.161s] gmake[1]: *** [CMakeFiles/Makefile2:630: CMakeFiles/sensor_server.dir/all] Error 2
[2.161s] gmake[1]: *** Waiting for unfinished jobs....
[2.161s] gmake[1]: *** [CMakeFiles/Makefile2:688: CMakeFiles/sensor_client.dir/all] Error 2
[2.261s] [ 72%] Built target cpp_sensor_server__py
[4.135s] [01m[K/home/yang/ros2_ws/src/cpp_sensor_server/src/sensor_server2.cpp:[m[K In member function â€˜[01m[Kvoid SensorServer::handle_sensor_data(std::shared_ptr<cpp_sensor_server::srv::SensorData_Request_<std::allocator<void> > >, std::shared_ptr<cpp_sensor_server::srv::SensorData_Response_<std::allocator<void> > >)[m[Kâ€™:
[4.135s] [01m[K/home/yang/ros2_ws/src/cpp_sensor_server/src/sensor_server2.cpp:22:44:[m[K [01;31m[Kerror: [m[Kâ€˜[01m[Kusing element_type = struct cpp_sensor_server::srv::SensorData_Request_<std::allocator<void> >[m[Kâ€™ {aka â€˜[01m[Kstruct cpp_sensor_server::srv::SensorData_Request_<std::allocator<void> >[m[Kâ€™} has no member named â€˜[01m[Knum_samples[m[Kâ€™
[4.135s]    22 |         std::vector<float> buffer(request->[01;31m[Knum_samples[m[K * 6); // Assuming each sample has 6 values
[4.135s]       |                                            [01;31m[K^~~~~~~~~~~[m[K
[4.135s] [01m[K/home/yang/ros2_ws/src/cpp_sensor_server/src/sensor_server2.cpp:23:104:[m[K [01;31m[Kerror: [m[Kâ€˜[01m[Kusing element_type = struct cpp_sensor_server::srv::SensorData_Request_<std::allocator<void> >[m[Kâ€™ {aka â€˜[01m[Kstruct cpp_sensor_server::srv::SensorData_Request_<std::allocator<void> >[m[Kâ€™} has no member named â€˜[01m[Knum_samples[m[Kâ€™
[4.135s]    23 |         boost::asio::read(socket_, boost::asio::buffer(buffer), boost::asio::transfer_exactly(request->[01;31m[Knum_samples[m[K * 6 * sizeof(float)));
[4.135s]       |                                                                                                        [01;31m[K^~~~~~~~~~~[m[K
[4.135s] [01m[K/home/yang/ros2_ws/src/cpp_sensor_server/src/sensor_server2.cpp:26:38:[m[K [01;31m[Kerror: [m[Kâ€˜[01m[Kusing element_type = struct cpp_sensor_server::srv::SensorData_Request_<std::allocator<void> >[m[Kâ€™ {aka â€˜[01m[Kstruct cpp_sensor_server::srv::SensorData_Request_<std::allocator<void> >[m[Kâ€™} has no member named â€˜[01m[Knum_samples[m[Kâ€™
[4.135s]    26 |         for (int i = 0; i < request->[01;31m[Knum_samples[m[K; i++) {
[4.135s]       |                                      [01;31m[K^~~~~~~~~~~[m[K
[4.135s] [01m[K/home/yang/ros2_ws/src/cpp_sensor_server/src/sensor_server2.cpp:27:13:[m[K [01;31m[Kerror: [m[Kâ€˜[01m[Kstd_msgs[m[Kâ€™ has not been declared
[4.135s]    27 |             [01;31m[Kstd_msgs[m[K::msg::Float64MultiArray row;
[4.135s]       |             [01;31m[K^~~~~~~~[m[K
[4.139s] [01m[K/home/yang/ros2_ws/src/cpp_sensor_server/src/sensor_server2.cpp:28:13:[m[K [01;31m[Kerror: [m[Kâ€˜[01m[Krow[m[Kâ€™ was not declared in this scope; did you mean â€˜[01m[Know[m[Kâ€™?
[4.139s]    28 |             [01;31m[Krow[m[K.data.assign(buffer.begin() + i * 6, buffer.begin() + (i + 1) * 6);
[4.139s]       |             [01;31m[K^~~[m[K
[4.139s]       |             [32m[Know[m[K
[4.771s] gmake[2]: *** [CMakeFiles/sensor_server2.dir/build.make:76: CMakeFiles/sensor_server2.dir/src/sensor_server2.cpp.o] Error 1
[4.771s] gmake[1]: *** [CMakeFiles/Makefile2:659: CMakeFiles/sensor_server2.dir/all] Error 2
[4.771s] gmake: *** [Makefile:146: all] Error 2
[4.773s] Invoked command in '/home/yang/ros2_ws/build/cpp_sensor_server' returned '2': CMAKE_PREFIX_PATH=${CMAKE_PREFIX_PATH}:/home/yang/ros2_ws/install/py_srvcli:/opt/ros/iron /usr/bin/cmake --build /home/yang/ros2_ws/build/cpp_sensor_server -- -j16 -l16
