[0.008s] Invoking command in '/home/yang/ros2_ws/build/cpp_srvcli': CMAKE_PREFIX_PATH=/home/yang/ros2_ws/install/tutorial_interfaces:/home/yang/ros2_ws/install/cpp_srvcli:/home/yang/ros2_ws/install/cpp_sensor_server:/home/yang/ros2_ws/install/py_srvcli:/opt/ros/iron PYTHONPATH=/home/yang/ros2_ws/install/tutorial_interfaces/lib/python3.10/site-packages:/home/yang/ros2_ws/install/py_srvcli/lib/python3.10/site-packages:/home/yang/ros2_ws/install/cpp_sensor_server/lib/python3.10/site-packages:/opt/ros/iron/lib/python3.10/site-packages /usr/bin/cmake --build /home/yang/ros2_ws/build/cpp_srvcli -- -j16 -l16
[0.031s] [35m[1mConsolidate compiler generated dependencies of target client[0m
[0.031s] [35m[1mConsolidate compiler generated dependencies of target server[0m
[0.041s] [ 25%] [32mBuilding CXX object CMakeFiles/client.dir/src/sensor_client.cpp.o[0m
[0.047s] [ 50%] [32mBuilding CXX object CMakeFiles/server.dir/src/sensor_server.cpp.o[0m
[1.500s] [01m[K/home/yang/ros2_ws/src/cpp_srvcli/src/sensor_client.cpp:29:20:[m[K [01;31m[Kerror: [m[Kâ€˜[01m[Kexample_interfaces[m[Kâ€™ was not declared in this scope; did you mean â€˜[01m[Krcl_interfaces[m[Kâ€™?
[1.500s]    29 |     rclcpp::Client<[01;31m[Kexample_interfaces[m[K::srv::SampleRequest>::SharedPtr client_;
[1.500s]       |                    [01;31m[K^~~~~~~~~~~~~~~~~~[m[K
[1.500s]       |                    [32m[Krcl_interfaces[m[K
[1.500s] [01m[K/home/yang/ros2_ws/src/cpp_srvcli/src/sensor_client.cpp:29:58:[m[K [01;31m[Kerror: [m[Ktemplate argument 1 is invalid
[1.500s]    29 |     rclcpp::Client<example_interfaces::srv::SampleRequest[01;31m[K>[m[K::SharedPtr client_;
[1.500s]       |                                                          [01;31m[K^[m[K
[1.500s] [01m[K/home/yang/ros2_ws/src/cpp_srvcli/src/sensor_client.cpp:29:61:[m[K [01;31m[Kerror: [m[Kexpected â€˜[01m[K;[m[Kâ€™ at end of member declaration
[1.500s]    29 |     rclcpp::Client<example_interfaces::srv::SampleRequest>::[01;31m[KSharedPtr[m[K client_;
[1.500s]       |                                                             [01;31m[K^~~~~~~~~[m[K
[1.500s]       |                                                                      [32m[K;[m[K
[1.501s] [01m[K/home/yang/ros2_ws/src/cpp_srvcli/src/sensor_client.cpp:29:71:[m[K [01;31m[Kerror: [m[Kâ€˜[01m[Kclient_[m[Kâ€™ does not name a type
[1.501s]    29 |     rclcpp::Client<example_interfaces::srv::SampleRequest>::SharedPtr [01;31m[Kclient_[m[K;
[1.501s]       |                                                                       [01;31m[K^~~~~~~[m[K
[1.508s] [01m[K/home/yang/ros2_ws/src/cpp_srvcli/src/sensor_client.cpp:[m[K In constructor â€˜[01m[KSensorClient::SensorClient()[m[Kâ€™:
[1.508s] [01m[K/home/yang/ros2_ws/src/cpp_srvcli/src/sensor_client.cpp:10:9:[m[K [01;31m[Kerror: [m[Kâ€˜[01m[Kclient_[m[Kâ€™ was not declared in this scope
[1.508s]    10 |         [01;31m[Kclient_[m[K = this->create_client<example_interfaces::srv::SampleRequest>("get_sensor_data");
[1.508s]       |         [01;31m[K^~~~~~~[m[K
[1.513s] [01m[K/home/yang/ros2_ws/src/cpp_srvcli/src/sensor_client.cpp:10:39:[m[K [01;31m[Kerror: [m[Kâ€˜[01m[Kexample_interfaces[m[Kâ€™ was not declared in this scope; did you mean â€˜[01m[Krcl_interfaces[m[Kâ€™?
[1.513s]    10 |         client_ = this->create_client<[01;31m[Kexample_interfaces[m[K::srv::SampleRequest>("get_sensor_data");
[1.513s]       |                                       [01;31m[K^~~~~~~~~~~~~~~~~~[m[K
[1.513s]       |                                       [32m[Krcl_interfaces[m[K
[1.513s] [01m[K/home/yang/ros2_ws/src/cpp_srvcli/src/sensor_client.cpp:10:25:[m[K [01;31m[Kerror: [m[Kparse error in template argument list
[1.513s]    10 |         client_ = this->[01;31m[Kcreate_client<example_interfaces::srv::SampleRequest>[m[K("get_sensor_data");
[1.513s]       |                         [01;31m[K^~~~~~~~~~~~~~~~~~~~~~~~~~~~~~~~~~~~~~~~~~~~~~~~~~~~~[m[K
[1.513s] [01m[K/home/yang/ros2_ws/src/cpp_srvcli/src/sensor_client.cpp:10:78:[m[K [01;31m[Kerror: [m[Kno matching function for call to â€˜[01m[KSensorClient::create_client<<expression error> >(const char [16])[m[Kâ€™
[1.513s]    10 |         client_ = [01;31m[Kthis->create_client<example_interfaces::srv::SampleRequest>("get_sensor_data")[m[K;
[1.514s]       |                   [01;31m[K~~~~~~~~~~~~~~~~~~~~~~~~~~~~~~~~~~~~~~~~~~~~~~~~~~~~~~~~~~~^~~~~~~~~~~~~~~~~~~[m[K
[1.514s] In file included from [01m[K/opt/ros/iron/include/rclcpp/rclcpp/executors/single_threaded_executor.hpp:28[m[K,
[1.514s]                  from [01m[K/opt/ros/iron/include/rclcpp/rclcpp/executors.hpp:22[m[K,
[1.514s]                  from [01m[K/opt/ros/iron/include/rclcpp/rclcpp/rclcpp.hpp:167[m[K,
[1.514s]                  from [01m[K/home/yang/ros2_ws/src/cpp_srvcli/src/sensor_client.cpp:1[m[K:
[1.514s] [01m[K/opt/ros/iron/include/rclcpp/rclcpp/node.hpp:268:3:[m[K [01;36m[Knote: [m[Kcandidate: â€˜[01m[Ktemplate<class ServiceT> typename rclcpp::Client<ServiceT>::SharedPtr rclcpp::Node::create_client(const string&, const rmw_qos_profile_t&, rclcpp::CallbackGroup::SharedPtr)[m[Kâ€™
[1.514s]   268 |   [01;36m[Kcreate_client[m[K(
[1.514s]       |   [01;36m[K^~~~~~~~~~~~~[m[K
[1.514s] [01m[K/opt/ros/iron/include/rclcpp/rclcpp/node.hpp:268:3:[m[K [01;36m[Knote: [m[K  template argument deduction/substitution failed:
[1.514s] [01m[K/home/yang/ros2_ws/src/cpp_srvcli/src/sensor_client.cpp:10:78:[m[K [01;31m[Kerror: [m[Ktemplate argument 1 is invalid
[1.514s]    10 |         client_ = [01;31m[Kthis->create_client<example_interfaces::srv::SampleRequest>("get_sensor_data")[m[K;
[1.514s]       |                   [01;31m[K~~~~~~~~~~~~~~~~~~~~~~~~~~~~~~~~~~~~~~~~~~~~~~~~~~~~~~~~~~~^~~~~~~~~~~~~~~~~~~[m[K
[1.514s] In file included from [01m[K/opt/ros/iron/include/rclcpp/rclcpp/executors/single_threaded_executor.hpp:28[m[K,
[1.514s]                  from [01m[K/opt/ros/iron/include/rclcpp/rclcpp/executors.hpp:22[m[K,
[1.514s]                  from [01m[K/opt/ros/iron/include/rclcpp/rclcpp/rclcpp.hpp:167[m[K,
[1.514s]                  from [01m[K/home/yang/ros2_ws/src/cpp_srvcli/src/sensor_client.cpp:1[m[K:
[1.514s] [01m[K/opt/ros/iron/include/rclcpp/rclcpp/node.hpp:282:3:[m[K [01;36m[Knote: [m[Kcandidate: â€˜[01m[Ktemplate<class ServiceT> typename rclcpp::Client<ServiceT>::SharedPtr rclcpp::Node::create_client(const string&, const rclcpp::QoS&, rclcpp::CallbackGroup::SharedPtr)[m[Kâ€™
[1.514s]   282 |   [01;36m[Kcreate_client[m[K(
[1.514s]       |   [01;36m[K^~~~~~~~~~~~~[m[K
[1.514s] [01m[K/opt/ros/iron/include/rclcpp/rclcpp/node.hpp:282:3:[m[K [01;36m[Knote: [m[K  template argument deduction/substitution failed:
[1.514s] [01m[K/home/yang/ros2_ws/src/cpp_srvcli/src/sensor_client.cpp:10:78:[m[K [01;31m[Kerror: [m[Ktemplate argument 1 is invalid
[1.514s]    10 |         client_ = [01;31m[Kthis->create_client<example_interfaces::srv::SampleRequest>("get_sensor_data")[m[K;
[1.514s]       |                   [01;31m[K~~~~~~~~~~~~~~~~~~~~~~~~~~~~~~~~~~~~~~~~~~~~~~~~~~~~~~~~~~~^~~~~~~~~~~~~~~~~~~[m[K
[1.527s] [01m[K/home/yang/ros2_ws/src/cpp_srvcli/src/sensor_client.cpp:[m[K In member function â€˜[01m[Kvoid SensorClient::request_data()[m[Kâ€™:
[1.527s] [01m[K/home/yang/ros2_ws/src/cpp_srvcli/src/sensor_client.cpp:18:41:[m[K [01;31m[Kerror: [m[Kâ€˜[01m[Kexample_interfaces[m[Kâ€™ was not declared in this scope; did you mean â€˜[01m[Krcl_interfaces[m[Kâ€™?
[1.527s]    18 |         auto request = std::make_shared<[01;31m[Kexample_interfaces[m[K::srv::SampleRequest::Request>();
[1.527s]       |                                         [01;31m[K^~~~~~~~~~~~~~~~~~[m[K
[1.527s]       |                                         [32m[Krcl_interfaces[m[K
[1.527s] [01m[K/home/yang/ros2_ws/src/cpp_srvcli/src/sensor_client.cpp:18:29:[m[K [01;31m[Kerror: [m[Kparse error in template argument list
[1.527s]    18 |         auto request = std::[01;31m[Kmake_shared<example_interfaces::srv::SampleRequest::Request>[m[K();
[1.527s]       |                             [01;31m[K^~~~~~~~~~~~~~~~~~~~~~~~~~~~~~~~~~~~~~~~~~~~~~~~~~~~~~~~~~~~[m[K
[1.527s] [01m[K/home/yang/ros2_ws/src/cpp_srvcli/src/sensor_client.cpp:18:89:[m[K [01;31m[Kerror: [m[Kno matching function for call to â€˜[01m[Kmake_shared<<expression error> >()[m[Kâ€™
[1.527s]    18 |         auto request = [01;31m[Kstd::make_shared<example_interfaces::srv::SampleRequest::Request>()[m[K;
[1.527s]       |                        [01;31m[K~~~~~~~~~~~~~~~~~~~~~~~~~~~~~~~~~~~~~~~~~~~~~~~~~~~~~~~~~~~~~~~~~^~[m[K
[1.527s] In file included from [01m[K/usr/include/c++/11/memory:77[m[K,
[1.527s]                  from [01m[K/opt/ros/iron/include/rclcpp/rclcpp/rclcpp.hpp:165[m[K,
[1.527s]                  from [01m[K/home/yang/ros2_ws/src/cpp_srvcli/src/sensor_client.cpp:1[m[K:
[1.527s] [01m[K/usr/include/c++/11/bits/shared_ptr.h:875:5:[m[K [01;36m[Knote: [m[Kcandidate: â€˜[01m[Ktemplate<class _Tp, class ... _Args> std::shared_ptr<_Tp> std::make_shared(_Args&& ...)[m[Kâ€™
[1.527s]   875 |     [01;36m[Kmake_shared[m[K(_Args&&... __args)
[1.527s]       |     [01;36m[K^~~~~~~~~~~[m[K
[1.527s] [01m[K/usr/include/c++/11/bits/shared_ptr.h:875:5:[m[K [01;36m[Knote: [m[K  template argument deduction/substitution failed:
[1.527s] [01m[K/home/yang/ros2_ws/src/cpp_srvcli/src/sensor_client.cpp:18:89:[m[K [01;31m[Kerror: [m[Ktemplate argument 1 is invalid
[1.527s]    18 |         auto request = [01;31m[Kstd::make_shared<example_interfaces::srv::SampleRequest::Request>()[m[K;
[1.527s]       |                        [01;31m[K~~~~~~~~~~~~~~~~~~~~~~~~~~~~~~~~~~~~~~~~~~~~~~~~~~~~~~~~~~~~~~~~~^~[m[K
[1.531s] [01m[K/home/yang/ros2_ws/src/cpp_srvcli/src/sensor_client.cpp:21:23:[m[K [01;31m[Kerror: [m[Kâ€˜[01m[Kclient_[m[Kâ€™ was not declared in this scope
[1.531s]    21 |         auto result = [01;31m[Kclient_[m[K->async_send_request(request);
[1.531s]       |                       [01;31m[K^~~~~~~[m[K
[2.105s] gmake[2]: *** [CMakeFiles/client.dir/build.make:76: CMakeFiles/client.dir/src/sensor_client.cpp.o] Error 1
[2.106s] gmake[1]: *** [CMakeFiles/Makefile2:165: CMakeFiles/client.dir/all] Error 2
[2.106s] gmake[1]: *** Waiting for unfinished jobs....
[2.179s] [01m[K/home/yang/ros2_ws/src/cpp_srvcli/src/sensor_server.cpp:[m[K In member function â€˜[01m[Kvoid SensorService::handle_service(std::shared_ptr<tutorial_interfaces::srv::SampleRequest_Request_<std::allocator<void> > >, std::shared_ptr<tutorial_interfaces::srv::SampleRequest_Response_<std::allocator<void> > >)[m[Kâ€™:
[2.179s] [01m[K/home/yang/ros2_ws/src/cpp_srvcli/src/sensor_server.cpp:26:56:[m[K [01;31m[Kerror: [m[Kâ€˜[01m[Kusing element_type = struct tutorial_interfaces::srv::SampleRequest_Request_<std::allocator<void> >[m[Kâ€™ {aka â€˜[01m[Kstruct tutorial_interfaces::srv::SampleRequest_Request_<std::allocator<void> >[m[Kâ€™} has no member named â€˜[01m[KrequestSample[m[Kâ€™; did you mean â€˜[01m[Krequestsample[m[Kâ€™?
[2.179s]    26 |         std::string send_buf = std::to_string(request->[01;31m[KrequestSample[m[K);
[2.179s]       |                                                        [01;31m[K^~~~~~~~~~~~~[m[K
[2.179s]       |                                                        [32m[Krequestsample[m[K
[2.181s] [01m[K/home/yang/ros2_ws/src/cpp_srvcli/src/sensor_server.cpp:31:72:[m[K [01;31m[Kerror: [m[Kâ€˜[01m[Kerror[m[Kâ€™ was not declared in this scope
[2.181s]    31 |         size_t len = socket_->read_some(boost::asio::buffer(recv_buf), [01;31m[Kerror[m[K);
[2.181s]       |                                                                        [01;31m[K^~~~~[m[K
[2.181s] [01m[K/home/yang/ros2_ws/src/cpp_srvcli/src/sensor_server.cpp:31:72:[m[K [01;36m[Knote: [m[Ksuggested alternatives:
[2.181s] In file included from [01m[K/usr/include/boost/asio/detail/impl/posix_event.ipp:24[m[K,
[2.181s]                  from [01m[K/usr/include/boost/asio/detail/posix_event.hpp:172[m[K,
[2.181s]                  from [01m[K/usr/include/boost/asio/detail/event.hpp:25[m[K,
[2.181s]                  from [01m[K/usr/include/boost/asio/execution/blocking_adaptation.hpp:19[m[K,
[2.181s]                  from [01m[K/usr/include/boost/asio/execution.hpp:22[m[K,
[2.181s]                  from [01m[K/usr/include/boost/asio/system_executor.hpp:20[m[K,
[2.181s]                  from [01m[K/usr/include/boost/asio/associated_executor.hpp:22[m[K,
[2.181s]                  from [01m[K/usr/include/boost/asio.hpp:21[m[K,
[2.181s]                  from [01m[K/home/yang/ros2_ws/src/cpp_srvcli/src/sensor_server.cpp:3[m[K:
[2.181s] [01m[K/usr/include/boost/asio/error.hpp:66:11:[m[K [01;36m[Knote: [m[K  â€˜[01m[Kboost::asio::error[m[Kâ€™
[2.181s]    66 | namespace [01;36m[Kerror[m[K {
[2.181s]       |           [01;36m[K^~~~~[m[K
[2.181s] In file included from [01m[K/usr/include/boost/asio.hpp:135[m[K,
[2.181s]                  from [01m[K/home/yang/ros2_ws/src/cpp_srvcli/src/sensor_server.cpp:3[m[K:
[2.181s] [01m[K/usr/include/boost/asio/placeholders.hpp:65:22:[m[K [01;36m[Knote: [m[K  â€˜[01m[Kboost::asio::placeholders::error[m[Kâ€™
[2.181s]    65 | inline boost::arg<1> [01;36m[Kerror[m[K()
[2.181s]       |                      [01;36m[K^~~~~[m[K
[2.811s] gmake[2]: *** [CMakeFiles/server.dir/build.make:76: CMakeFiles/server.dir/src/sensor_server.cpp.o] Error 1
[2.812s] gmake[1]: *** [CMakeFiles/Makefile2:139: CMakeFiles/server.dir/all] Error 2
[2.812s] gmake: *** [Makefile:146: all] Error 2
[2.813s] Invoked command in '/home/yang/ros2_ws/build/cpp_srvcli' returned '2': CMAKE_PREFIX_PATH=/home/yang/ros2_ws/install/tutorial_interfaces:/home/yang/ros2_ws/install/cpp_srvcli:/home/yang/ros2_ws/install/cpp_sensor_server:/home/yang/ros2_ws/install/py_srvcli:/opt/ros/iron PYTHONPATH=/home/yang/ros2_ws/install/tutorial_interfaces/lib/python3.10/site-packages:/home/yang/ros2_ws/install/py_srvcli/lib/python3.10/site-packages:/home/yang/ros2_ws/install/cpp_sensor_server/lib/python3.10/site-packages:/opt/ros/iron/lib/python3.10/site-packages /usr/bin/cmake --build /home/yang/ros2_ws/build/cpp_srvcli -- -j16 -l16
