[0.006s] Invoking command in '/home/yang/ros2_ws/build/cpp_sensor_server': CMAKE_PREFIX_PATH=${CMAKE_PREFIX_PATH}:/home/yang/ros2_ws/install/py_srvcli:/opt/ros/iron /usr/bin/cmake --build /home/yang/ros2_ws/build/cpp_sensor_server -- -j16 -l16
[0.032s] [  2%] Built target cpp_sensor_server__rosidl_generator_type_description
[0.037s] [  2%] Built target ament_cmake_python_copy_cpp_sensor_server
[0.043s] [  4%] Built target cpp_sensor_server__cpp
[0.043s] [ 20%] Built target cpp_sensor_server__rosidl_generator_c
[0.057s] [ 66%] Built target cpp_sensor_server__rosidl_typesupport_fastrtps_c
[0.057s] [ 66%] Built target cpp_sensor_server__rosidl_typesupport_cpp
[0.057s] [ 66%] Built target cpp_sensor_server__rosidl_typesupport_fastrtps_cpp
[0.057s] [ 66%] Built target cpp_sensor_server__rosidl_typesupport_introspection_c
[0.057s] [ 66%] Built target cpp_sensor_server__rosidl_typesupport_introspection_cpp
[0.057s] [ 68%] Built target cpp_sensor_server__rosidl_typesupport_c
[0.067s] [ 68%] Built target cpp_sensor_server
[0.079s] [ 70%] Built target cpp_sensor_server__py
[0.082s] [ 72%] [32mBuilding CXX object CMakeFiles/sensor_client.dir/src/sensor_client.cpp.o[0m
[0.085s] [ 74%] [32mBuilding CXX object CMakeFiles/sensor_server.dir/src/sensor_server.cpp.o[0m
[0.085s] [ 76%] [32mBuilding CXX object CMakeFiles/sensor_server2.dir/src/sensor_server2.cpp.o[0m
[0.091s] [ 82%] Built target cpp_sensor_server__rosidl_generator_py
[0.104s] [ 94%] Built target cpp_sensor_server__rosidl_typesupport_c__pyext
[0.104s] [ 94%] Built target cpp_sensor_server__rosidl_typesupport_introspection_c__pyext
[0.104s] [ 94%] Built target cpp_sensor_server__rosidl_typesupport_fastrtps_c__pyext
[0.179s] running egg_info
[0.179s] writing cpp_sensor_server.egg-info/PKG-INFO
[0.180s] writing dependency_links to cpp_sensor_server.egg-info/dependency_links.txt
[0.180s] writing top-level names to cpp_sensor_server.egg-info/top_level.txt
[0.181s] reading manifest file 'cpp_sensor_server.egg-info/SOURCES.txt'
[0.181s] writing manifest file 'cpp_sensor_server.egg-info/SOURCES.txt'
[0.196s] [ 94%] Built target ament_cmake_python_build_cpp_sensor_server_egg
[0.206s] [01m[K/home/yang/ros2_ws/src/cpp_sensor_server/src/sensor_client.cpp:3:10:[m[K [01;31m[Kfatal error: [m[Kcpp_sensor_server/srv/SampleRequest.hpp: No such file or directory
[0.206s]     3 | #include [01;31m[K"cpp_sensor_server/srv/SampleRequest.hpp"[m[K
[0.206s]       |          [01;31m[K^~~~~~~~~~~~~~~~~~~~~~~~~~~~~~~~~~~~~~~~~[m[K
[0.206s] compilation terminated.
[0.208s] gmake[2]: *** [CMakeFiles/sensor_client.dir/build.make:76: CMakeFiles/sensor_client.dir/src/sensor_client.cpp.o] Error 1
[0.208s] gmake[1]: *** [CMakeFiles/Makefile2:688: CMakeFiles/sensor_client.dir/all] Error 2
[0.208s] gmake[1]: *** Waiting for unfinished jobs....
[0.209s] [01m[K/home/yang/ros2_ws/src/cpp_sensor_server/src/sensor_server2.cpp:2:10:[m[K [01;31m[Kfatal error: [m[Kcpp_sensor_server/SampleRequest.hpp: No such file or directory
[0.209s]     2 | #include [01;31m[K"cpp_sensor_server/SampleRequest.hpp"[m[K
[0.209s]       |          [01;31m[K^~~~~~~~~~~~~~~~~~~~~~~~~~~~~~~~~~~~~[m[K
[0.209s] compilation terminated.
[0.211s] gmake[2]: *** [CMakeFiles/sensor_server2.dir/build.make:76: CMakeFiles/sensor_server2.dir/src/sensor_server2.cpp.o] Error 1
[0.211s] gmake[1]: *** [CMakeFiles/Makefile2:659: CMakeFiles/sensor_server2.dir/all] Error 2
[0.473s] [01m[K/home/yang/ros2_ws/src/cpp_sensor_server/src/sensor_server.cpp:5:10:[m[K [01;31m[Kfatal error: [m[Kcpp_sensor_server/SampleRequest.hpp: No such file or directory
[0.473s]     5 | #include [01;31m[K"cpp_sensor_server/SampleRequest.hpp"[m[K
[0.473s]       |          [01;31m[K^~~~~~~~~~~~~~~~~~~~~~~~~~~~~~~~~~~~~[m[K
[0.473s] compilation terminated.
[0.479s] gmake[2]: *** [CMakeFiles/sensor_server.dir/build.make:76: CMakeFiles/sensor_server.dir/src/sensor_server.cpp.o] Error 1
[0.479s] gmake[1]: *** [CMakeFiles/Makefile2:630: CMakeFiles/sensor_server.dir/all] Error 2
[0.479s] gmake: *** [Makefile:146: all] Error 2
[0.480s] Invoked command in '/home/yang/ros2_ws/build/cpp_sensor_server' returned '2': CMAKE_PREFIX_PATH=${CMAKE_PREFIX_PATH}:/home/yang/ros2_ws/install/py_srvcli:/opt/ros/iron /usr/bin/cmake --build /home/yang/ros2_ws/build/cpp_sensor_server -- -j16 -l16
