-- Found ament_cmake: 2.0.4 (/opt/ros/iron/share/ament_cmake/cmake)
-- Found std_msgs: 5.0.0 (/opt/ros/iron/share/std_msgs/cmake)
-- Found rosidl_generator_c: 4.0.1 (/opt/ros/iron/share/rosidl_generator_c/cmake)
-- Found rosidl_generator_cpp: 4.0.1 (/opt/ros/iron/share/rosidl_generator_cpp/cmake)
-- Using all available rosidl_typesupport_c: rosidl_typesupport_fastrtps_c;rosidl_typesupport_introspection_c
-- Using all available rosidl_typesupport_cpp: rosidl_typesupport_fastrtps_cpp;rosidl_typesupport_introspection_cpp
-- Found rclcpp: 21.0.5 (/opt/ros/iron/share/rclcpp/cmake)
-- Found rmw_implementation_cmake: 7.1.0 (/opt/ros/iron/share/rmw_implementation_cmake/cmake)
-- Found rmw_fastrtps_cpp: 7.1.3 (/opt/ros/iron/share/rmw_fastrtps_cpp/cmake)
-- Using RMW implementation 'rmw_fastrtps_cpp' as default
-- Found rclcpp_components: 21.0.5 (/opt/ros/iron/share/rclcpp_components/cmake)
-- Found rosidl_default_generators: 1.5.0 (/opt/ros/iron/share/rosidl_default_generators/cmake)
-- Found rosidl_adapter: 4.0.1 (/opt/ros/iron/share/rosidl_adapter/cmake)
-- Found ament_cmake_ros: 0.11.2 (/opt/ros/iron/share/ament_cmake_ros/cmake)
-- Using all available rosidl_typesupport_c: rosidl_typesupport_fastrtps_c;rosidl_typesupport_introspection_c
-- Using all available rosidl_typesupport_cpp: rosidl_typesupport_fastrtps_cpp;rosidl_typesupport_introspection_cpp
-- Found python_cmake_module: 0.10.2 (/opt/ros/iron/share/python_cmake_module/cmake)
-- Using PYTHON_EXECUTABLE: /usr/bin/python3
-- Using PYTHON_INCLUDE_DIRS: /usr/include/python3.10
-- Using PYTHON_LIBRARIES: /usr/lib/x86_64-linux-gnu/libpython3.10.so
[0mCMake Deprecation Warning at /opt/ros/iron/share/rosidl_cmake/cmake/rosidl_target_interfaces.cmake:32 (message):
  Use rosidl_get_typesupport_target() and target_link_libraries() instead of
  rosidl_target_interfaces()
Call Stack (most recent call first):
  CMakeLists.txt:38 (rosidl_target_interfaces)

[0m
[0mCMake Deprecation Warning at /opt/ros/iron/share/rosidl_cmake/cmake/rosidl_target_interfaces.cmake:32 (message):
  Use rosidl_get_typesupport_target() and target_link_libraries() instead of
  rosidl_target_interfaces()
Call Stack (most recent call first):
  CMakeLists.txt:39 (rosidl_target_interfaces)

[0m
[0mCMake Deprecation Warning at /opt/ros/iron/share/rosidl_cmake/cmake/rosidl_target_interfaces.cmake:32 (message):
  Use rosidl_get_typesupport_target() and target_link_libraries() instead of
  rosidl_target_interfaces()
Call Stack (most recent call first):
  CMakeLists.txt:40 (rosidl_target_interfaces)

[0m
-- Configuring done
-- Generating done
-- Build files have been written to: /home/yang/ros2_ws/build/cpp_sensor_server
[  2%] [34m[1mGenerating type hashes for ROS interfaces[0m
[  2%] Built target ament_cmake_python_copy_cpp_sensor_server
[  2%] Built target cpp_sensor_server__rosidl_generator_type_description
[  4%] [34m[1mGenerating C code for ROS interfaces[0m
[  6%] [34m[1mGenerating C++ code for ROS interfaces[0m
running egg_info
writing cpp_sensor_server.egg-info/PKG-INFO
writing dependency_links to cpp_sensor_server.egg-info/dependency_links.txt
writing top-level names to cpp_sensor_server.egg-info/top_level.txt
reading manifest file 'cpp_sensor_server.egg-info/SOURCES.txt'
writing manifest file 'cpp_sensor_server.egg-info/SOURCES.txt'
[  6%] Built target ament_cmake_python_build_cpp_sensor_server_egg
[  6%] Built target cpp_sensor_server__cpp
[ 14%] [32mBuilding C object CMakeFiles/cpp_sensor_server__rosidl_generator_c.dir/rosidl_generator_c/cpp_sensor_server/msg/detail/sample_array__description.c.o[0m
[ 14%] [32mBuilding C object CMakeFiles/cpp_sensor_server__rosidl_generator_c.dir/rosidl_generator_c/cpp_sensor_server/msg/detail/sample_array__type_support.c.o[0m
[ 14%] [32mBuilding C object CMakeFiles/cpp_sensor_server__rosidl_generator_c.dir/rosidl_generator_c/cpp_sensor_server/msg/detail/sample_array__functions.c.o[0m
[ 14%] [32mBuilding C object CMakeFiles/cpp_sensor_server__rosidl_generator_c.dir/rosidl_generator_c/cpp_sensor_server/srv/detail/sample_request__description.c.o[0m
[ 16%] [32mBuilding C object CMakeFiles/cpp_sensor_server__rosidl_generator_c.dir/rosidl_generator_c/cpp_sensor_server/srv/detail/sample_request__functions.c.o[0m
[ 18%] [32mBuilding C object CMakeFiles/cpp_sensor_server__rosidl_generator_c.dir/rosidl_generator_c/cpp_sensor_server/srv/detail/sample_request__type_support.c.o[0m
[ 20%] [32m[1mLinking C shared library libcpp_sensor_server__rosidl_generator_c.so[0m
[ 20%] Built target cpp_sensor_server__rosidl_generator_c
[ 22%] [34m[1mGenerating C++ type support dispatch for ROS interfaces[0m
[ 30%] [34m[1mGenerating C type support for eProsima Fast-RTPS[0m
[ 30%] [34m[1mGenerating C introspection for ROS interfaces[0m
[ 30%] [34m[1mGenerating C++ type support for eProsima Fast-RTPS[0m
[ 30%] [34m[1mGenerating C type support dispatch for ROS interfaces[0m
[ 32%] [34m[1mGenerating C++ introspection for ROS interfaces[0m
[ 36%] [32mBuilding CXX object CMakeFiles/cpp_sensor_server__rosidl_typesupport_c.dir/rosidl_typesupport_c/cpp_sensor_server/srv/sample_request__type_support.cpp.o[0m
[ 36%] [32mBuilding CXX object CMakeFiles/cpp_sensor_server__rosidl_typesupport_c.dir/rosidl_typesupport_c/cpp_sensor_server/msg/sample_array__type_support.cpp.o[0m
[ 40%] [32mBuilding CXX object CMakeFiles/cpp_sensor_server__rosidl_typesupport_cpp.dir/rosidl_typesupport_cpp/cpp_sensor_server/srv/sample_request__type_support.cpp.o[0m
[ 40%] [32mBuilding CXX object CMakeFiles/cpp_sensor_server__rosidl_typesupport_cpp.dir/rosidl_typesupport_cpp/cpp_sensor_server/msg/sample_array__type_support.cpp.o[0m
[ 42%] [32m[1mLinking CXX shared library libcpp_sensor_server__rosidl_typesupport_c.so[0m
[ 46%] [32mBuilding CXX object CMakeFiles/cpp_sensor_server__rosidl_typesupport_introspection_cpp.dir/rosidl_typesupport_introspection_cpp/cpp_sensor_server/srv/detail/sample_request__type_support.cpp.o[0m
[ 46%] [32mBuilding CXX object CMakeFiles/cpp_sensor_server__rosidl_typesupport_introspection_cpp.dir/rosidl_typesupport_introspection_cpp/cpp_sensor_server/msg/detail/sample_array__type_support.cpp.o[0m
[ 50%] [32mBuilding C object CMakeFiles/cpp_sensor_server__rosidl_typesupport_introspection_c.dir/rosidl_typesupport_introspection_c/cpp_sensor_server/msg/detail/sample_array__type_support.c.o[0m
[ 50%] [32mBuilding C object CMakeFiles/cpp_sensor_server__rosidl_typesupport_introspection_c.dir/rosidl_typesupport_introspection_c/cpp_sensor_server/srv/detail/sample_request__type_support.c.o[0m
[ 54%] [32mBuilding CXX object CMakeFiles/cpp_sensor_server__rosidl_typesupport_fastrtps_cpp.dir/rosidl_typesupport_fastrtps_cpp/cpp_sensor_server/msg/detail/dds_fastrtps/sample_array__type_support.cpp.o[0m
[ 54%] [32mBuilding CXX object CMakeFiles/cpp_sensor_server__rosidl_typesupport_fastrtps_cpp.dir/rosidl_typesupport_fastrtps_cpp/cpp_sensor_server/srv/detail/dds_fastrtps/sample_request__type_support.cpp.o[0m
[ 56%] [32mBuilding CXX object CMakeFiles/cpp_sensor_server__rosidl_typesupport_fastrtps_c.dir/rosidl_typesupport_fastrtps_c/cpp_sensor_server/msg/detail/sample_array__type_support_c.cpp.o[0m
[ 58%] [32mBuilding CXX object CMakeFiles/cpp_sensor_server__rosidl_typesupport_fastrtps_c.dir/rosidl_typesupport_fastrtps_c/cpp_sensor_server/srv/detail/sample_request__type_support_c.cpp.o[0m
[ 58%] Built target cpp_sensor_server__rosidl_typesupport_c
[ 60%] [32m[1mLinking C shared library libcpp_sensor_server__rosidl_typesupport_introspection_c.so[0m
[ 60%] Built target cpp_sensor_server__rosidl_typesupport_introspection_c
[ 62%] [32m[1mLinking CXX shared library libcpp_sensor_server__rosidl_typesupport_fastrtps_c.so[0m
[ 64%] [32m[1mLinking CXX shared library libcpp_sensor_server__rosidl_typesupport_cpp.so[0m
[ 64%] Built target cpp_sensor_server__rosidl_typesupport_fastrtps_c
[ 64%] Built target cpp_sensor_server__rosidl_typesupport_cpp
[ 66%] [32m[1mLinking CXX shared library libcpp_sensor_server__rosidl_typesupport_introspection_cpp.so[0m
[ 66%] Built target cpp_sensor_server__rosidl_typesupport_introspection_cpp
[ 68%] [32m[1mLinking CXX shared library libcpp_sensor_server__rosidl_typesupport_fastrtps_cpp.so[0m
[ 68%] Built target cpp_sensor_server__rosidl_typesupport_fastrtps_cpp
[ 68%] Built target cpp_sensor_server
[35m[1mConsolidate compiler generated dependencies of target sensor_client[0m
[35m[1mConsolidate compiler generated dependencies of target sensor_server[0m
[35m[1mConsolidate compiler generated dependencies of target sensor_server2[0m
[ 70%] [34m[1mGenerating Python code for ROS interfaces[0m
[ 72%] [32mBuilding CXX object CMakeFiles/sensor_client.dir/src/sensor_client.cpp.o[0m
[ 76%] [32mBuilding CXX object CMakeFiles/sensor_server2.dir/src/sensor_server2.cpp.o[0m
[ 76%] [32mBuilding CXX object CMakeFiles/sensor_server.dir/src/sensor_server.cpp.o[0m
[01m[K/home/yang/ros2_ws/src/cpp_sensor_server/src/sensor_client.cpp:2:10:[m[K [01;31m[Kfatal error: [m[Kcpp_sensor_server/srv/samplerequest.hpp: No such file or directory
    2 | #include [01;31m[K"cpp_sensor_server/srv/samplerequest.hpp"[m[K
      |          [01;31m[K^~~~~~~~~~~~~~~~~~~~~~~~~~~~~~~~~~~~~~~~~[m[K
compilation terminated.
gmake[2]: *** [CMakeFiles/sensor_client.dir/build.make:76: CMakeFiles/sensor_client.dir/src/sensor_client.cpp.o] Error 1
gmake[1]: *** [CMakeFiles/Makefile2:688: CMakeFiles/sensor_client.dir/all] Error 2
gmake[1]: *** Waiting for unfinished jobs....
[01m[K/home/yang/ros2_ws/src/cpp_sensor_server/src/sensor_server2.cpp:2:10:[m[K [01;31m[Kfatal error: [m[Kcpp_sensor_server/srv/samplerequest.hpp: No such file or directory
    2 | #include [01;31m[K"cpp_sensor_server/srv/samplerequest.hpp"[m[K
      |          [01;31m[K^~~~~~~~~~~~~~~~~~~~~~~~~~~~~~~~~~~~~~~~~[m[K
[01m[K/home/yang/ros2_ws/src/cpp_sensor_server/src/sensor_server.cpp:2:10:[m[K [01;31m[Kfatal error: [m[Kcpp_sensor_server/srv/samplerequest.hpp: No such file or directory
    2 | #include [01;31m[K"cpp_sensor_server/srv/samplerequest.hpp"[m[K
      |          [01;31m[K^~~~~~~~~~~~~~~~~~~~~~~~~~~~~~~~~~~~~~~~~[m[K
compilation terminated.
compilation terminated.
gmake[2]: *** [CMakeFiles/sensor_server.dir/build.make:76: CMakeFiles/sensor_server.dir/src/sensor_server.cpp.o] Error 1
gmake[2]: *** [CMakeFiles/sensor_server2.dir/build.make:76: CMakeFiles/sensor_server2.dir/src/sensor_server2.cpp.o] Error 1
gmake[1]: *** [CMakeFiles/Makefile2:630: CMakeFiles/sensor_server.dir/all] Error 2
gmake[1]: *** [CMakeFiles/Makefile2:659: CMakeFiles/sensor_server2.dir/all] Error 2
[ 76%] Built target cpp_sensor_server__py
gmake: *** [Makefile:146: all] Error 2
