[0.006s] Invoking command in '/home/yang/ros2_ws/build/cpp_sensor_server': CMAKE_PREFIX_PATH=${CMAKE_PREFIX_PATH}:/home/yang/ros2_ws/install/py_srvcli:/opt/ros/iron /usr/bin/cmake --build /home/yang/ros2_ws/build/cpp_sensor_server -- -j16 -l16
[0.019s] -- Found ament_cmake: 2.0.4 (/opt/ros/iron/share/ament_cmake/cmake)
[0.097s] -- Found std_msgs: 5.0.0 (/opt/ros/iron/share/std_msgs/cmake)
[0.110s] -- Found rosidl_generator_c: 4.0.1 (/opt/ros/iron/share/rosidl_generator_c/cmake)
[0.115s] -- Found rosidl_generator_cpp: 4.0.1 (/opt/ros/iron/share/rosidl_generator_cpp/cmake)
[0.122s] -- Using all available rosidl_typesupport_c: rosidl_typesupport_fastrtps_c;rosidl_typesupport_introspection_c
[0.130s] -- Using all available rosidl_typesupport_cpp: rosidl_typesupport_fastrtps_cpp;rosidl_typesupport_introspection_cpp
[0.160s] -- Found rclcpp: 21.0.5 (/opt/ros/iron/share/rclcpp/cmake)
[0.240s] -- Found rmw_implementation_cmake: 7.1.0 (/opt/ros/iron/share/rmw_implementation_cmake/cmake)
[0.241s] -- Found rmw_fastrtps_cpp: 7.1.3 (/opt/ros/iron/share/rmw_fastrtps_cpp/cmake)
[0.303s] -- Using RMW implementation 'rmw_fastrtps_cpp' as default
[0.396s] -- Found rclcpp_components: 21.0.5 (/opt/ros/iron/share/rclcpp_components/cmake)
[0.449s] -- Found rosidl_default_generators: 1.5.0 (/opt/ros/iron/share/rosidl_default_generators/cmake)
[0.454s] -- Found rosidl_adapter: 4.0.1 (/opt/ros/iron/share/rosidl_adapter/cmake)
[0.637s] -- Found ament_cmake_ros: 0.11.2 (/opt/ros/iron/share/ament_cmake_ros/cmake)
[0.801s] -- Using all available rosidl_typesupport_c: rosidl_typesupport_fastrtps_c;rosidl_typesupport_introspection_c
[0.866s] -- Using all available rosidl_typesupport_cpp: rosidl_typesupport_fastrtps_cpp;rosidl_typesupport_introspection_cpp
[0.878s] -- Found python_cmake_module: 0.10.2 (/opt/ros/iron/share/python_cmake_module/cmake)
[0.890s] -- Using PYTHON_EXECUTABLE: /usr/bin/python3
[0.890s] -- Using PYTHON_INCLUDE_DIRS: /usr/include/python3.10
[0.890s] -- Using PYTHON_LIBRARIES: /usr/lib/x86_64-linux-gnu/libpython3.10.so
[0.901s] -- Configuring done
[0.920s] -- Generating done
[0.922s] -- Build files have been written to: /home/yang/ros2_ws/build/cpp_sensor_server
[0.937s] [35m[1mConsolidate compiler generated dependencies of target sensor_server[0m
[0.941s] [  2%] Built target cpp_sensor_server__rosidl_generator_type_description
[0.947s] [  2%] Built target ament_cmake_python_copy_cpp_sensor_server
[0.947s] [35m[1mConsolidate compiler generated dependencies of target cpp_sensor_server__rosidl_generator_c[0m
[0.952s] [  5%] Built target cpp_sensor_server__cpp
[0.952s] [  8%] [32mBuilding CXX object CMakeFiles/sensor_server.dir/src/sensor_server.cpp.o[0m
[0.953s] [ 22%] Built target cpp_sensor_server__rosidl_generator_c
[0.958s] [35m[1mConsolidate compiler generated dependencies of target cpp_sensor_server__rosidl_typesupport_introspection_c[0m
[0.958s] [35m[1mConsolidate compiler generated dependencies of target cpp_sensor_server__rosidl_typesupport_c[0m
[0.958s] [35m[1mConsolidate compiler generated dependencies of target cpp_sensor_server__rosidl_typesupport_cpp[0m
[0.958s] [35m[1mConsolidate compiler generated dependencies of target cpp_sensor_server__rosidl_typesupport_fastrtps_c[0m
[0.958s] [35m[1mConsolidate compiler generated dependencies of target cpp_sensor_server__rosidl_typesupport_fastrtps_cpp[0m
[0.959s] [35m[1mConsolidate compiler generated dependencies of target cpp_sensor_server__rosidl_typesupport_introspection_cpp[0m
[0.965s] [ 38%] Built target cpp_sensor_server__rosidl_typesupport_introspection_c
[0.965s] [ 38%] Built target cpp_sensor_server__rosidl_typesupport_c
[0.965s] [ 47%] Built target cpp_sensor_server__rosidl_typesupport_fastrtps_c
[0.965s] [ 61%] Built target cpp_sensor_server__rosidl_typesupport_introspection_cpp
[0.965s] [ 63%] Built target cpp_sensor_server__rosidl_typesupport_cpp
[0.965s] [ 72%] Built target cpp_sensor_server__rosidl_typesupport_fastrtps_cpp
[0.977s] [ 72%] Built target cpp_sensor_server
[0.988s] [ 75%] Built target cpp_sensor_server__py
[0.993s] [35m[1mConsolidate compiler generated dependencies of target cpp_sensor_server__rosidl_generator_py[0m
[1.000s] [ 80%] Built target cpp_sensor_server__rosidl_generator_py
[1.006s] [35m[1mConsolidate compiler generated dependencies of target cpp_sensor_server__rosidl_typesupport_c__pyext[0m
[1.006s] [35m[1mConsolidate compiler generated dependencies of target cpp_sensor_server__rosidl_typesupport_fastrtps_c__pyext[0m
[1.006s] [35m[1mConsolidate compiler generated dependencies of target cpp_sensor_server__rosidl_typesupport_introspection_c__pyext[0m
[1.013s] [ 97%] Built target cpp_sensor_server__rosidl_typesupport_introspection_c__pyext
[1.013s] [ 97%] Built target cpp_sensor_server__rosidl_typesupport_fastrtps_c__pyext
[1.013s] [ 97%] Built target cpp_sensor_server__rosidl_typesupport_c__pyext
[1.082s] running egg_info
[1.083s] writing cpp_sensor_server.egg-info/PKG-INFO
[1.083s] writing dependency_links to cpp_sensor_server.egg-info/dependency_links.txt
[1.083s] writing top-level names to cpp_sensor_server.egg-info/top_level.txt
[1.084s] reading manifest file 'cpp_sensor_server.egg-info/SOURCES.txt'
[1.085s] writing manifest file 'cpp_sensor_server.egg-info/SOURCES.txt'
[1.092s] [01m[K/home/yang/ros2_ws/src/cpp_sensor_server/src/sensor_server.cpp:2:10:[m[K [01;31m[Kfatal error: [m[Kcpp_sensor_server/srv/sensor_data.hpp: No such file or directory
[1.092s]     2 | #include [01;31m[K"cpp_sensor_server/srv/sensor_data.hpp"[m[K
[1.092s]       |          [01;31m[K^~~~~~~~~~~~~~~~~~~~~~~~~~~~~~~~~~~~~~~[m[K
[1.092s] compilation terminated.
[1.094s] gmake[2]: *** [CMakeFiles/sensor_server.dir/build.make:76: CMakeFiles/sensor_server.dir/src/sensor_server.cpp.o] Error 1
[1.094s] gmake[1]: *** [CMakeFiles/Makefile2:623: CMakeFiles/sensor_server.dir/all] Error 2
[1.094s] gmake[1]: *** Waiting for unfinished jobs....
[1.098s] [ 97%] Built target ament_cmake_python_build_cpp_sensor_server_egg
[1.099s] gmake: *** [Makefile:146: all] Error 2
[1.100s] Invoked command in '/home/yang/ros2_ws/build/cpp_sensor_server' returned '2': CMAKE_PREFIX_PATH=${CMAKE_PREFIX_PATH}:/home/yang/ros2_ws/install/py_srvcli:/opt/ros/iron /usr/bin/cmake --build /home/yang/ros2_ws/build/cpp_sensor_server -- -j16 -l16
