[0.008s] Invoking command in '/home/yang/ros2_ws/build/cpp_srvcli': CMAKE_PREFIX_PATH=/home/yang/ros2_ws/install/tutorial_interfaces:/home/yang/ros2_ws/install/cpp_srvcli:/home/yang/ros2_ws/install/cpp_sensor_server:/home/yang/ros2_ws/install/py_srvcli:/opt/ros/iron PYTHONPATH=/home/yang/ros2_ws/install/tutorial_interfaces/lib/python3.10/site-packages:/home/yang/ros2_ws/install/py_srvcli/lib/python3.10/site-packages:/home/yang/ros2_ws/install/cpp_sensor_server/lib/python3.10/site-packages:/opt/ros/iron/lib/python3.10/site-packages /usr/bin/cmake --build /home/yang/ros2_ws/build/cpp_srvcli -- -j16 -l16
[0.031s] [35m[1mConsolidate compiler generated dependencies of target server[0m
[0.032s] [35m[1mConsolidate compiler generated dependencies of target client[0m
[0.042s] [ 25%] [32mBuilding CXX object CMakeFiles/client.dir/src/sensor_client.cpp.o[0m
[0.047s] [ 50%] [32mBuilding CXX object CMakeFiles/server.dir/src/sensor_server.cpp.o[0m
[1.546s] [01m[K/home/yang/ros2_ws/src/cpp_srvcli/src/sensor_client.cpp:[m[K In member function â€˜[01m[Kvoid SensorClient::request_data()[m[Kâ€™:
[1.546s] [01m[K/home/yang/ros2_ws/src/cpp_srvcli/src/sensor_client.cpp:19:18:[m[K [01;31m[Kerror: [m[Kâ€˜[01m[Kusing element_type = struct tutorial_interfaces::srv::SampleRequest_Request_<std::allocator<void> >[m[Kâ€™ {aka â€˜[01m[Kstruct tutorial_interfaces::srv::SampleRequest_Request_<std::allocator<void> >[m[Kâ€™} has no member named â€˜[01m[KrequestSample[m[Kâ€™; did you mean â€˜[01m[Krequestsample[m[Kâ€™?
[1.546s]    19 |         request->[01;31m[KrequestSample[m[K = 4;
[1.546s]       |                  [01;31m[K^~~~~~~~~~~~~[m[K
[1.546s]       |                  [32m[Krequestsample[m[K
[2.177s] [01m[K/home/yang/ros2_ws/src/cpp_srvcli/src/sensor_server.cpp:[m[K In member function â€˜[01m[Kvoid SensorService::handle_service(std::shared_ptr<tutorial_interfaces::srv::SampleRequest_Request_<std::allocator<void> > >, std::shared_ptr<tutorial_interfaces::srv::SampleRequest_Response_<std::allocator<void> > >)[m[Kâ€™:
[2.177s] [01m[K/home/yang/ros2_ws/src/cpp_srvcli/src/sensor_server.cpp:31:72:[m[K [01;31m[Kerror: [m[Kâ€˜[01m[Kerror[m[Kâ€™ was not declared in this scope
[2.177s]    31 |         size_t len = socket_->read_some(boost::asio::buffer(recv_buf), [01;31m[Kerror[m[K);
[2.177s]       |                                                                        [01;31m[K^~~~~[m[K
[2.177s] [01m[K/home/yang/ros2_ws/src/cpp_srvcli/src/sensor_server.cpp:31:72:[m[K [01;36m[Knote: [m[Ksuggested alternatives:
[2.177s] In file included from [01m[K/usr/include/boost/asio/detail/impl/posix_event.ipp:24[m[K,
[2.177s]                  from [01m[K/usr/include/boost/asio/detail/posix_event.hpp:172[m[K,
[2.177s]                  from [01m[K/usr/include/boost/asio/detail/event.hpp:25[m[K,
[2.177s]                  from [01m[K/usr/include/boost/asio/execution/blocking_adaptation.hpp:19[m[K,
[2.177s]                  from [01m[K/usr/include/boost/asio/execution.hpp:22[m[K,
[2.177s]                  from [01m[K/usr/include/boost/asio/system_executor.hpp:20[m[K,
[2.177s]                  from [01m[K/usr/include/boost/asio/associated_executor.hpp:22[m[K,
[2.177s]                  from [01m[K/usr/include/boost/asio.hpp:21[m[K,
[2.177s]                  from [01m[K/home/yang/ros2_ws/src/cpp_srvcli/src/sensor_server.cpp:3[m[K:
[2.177s] [01m[K/usr/include/boost/asio/error.hpp:66:11:[m[K [01;36m[Knote: [m[K  â€˜[01m[Kboost::asio::error[m[Kâ€™
[2.177s]    66 | namespace [01;36m[Kerror[m[K {
[2.177s]       |           [01;36m[K^~~~~[m[K
[2.177s] In file included from [01m[K/usr/include/boost/asio.hpp:135[m[K,
[2.177s]                  from [01m[K/home/yang/ros2_ws/src/cpp_srvcli/src/sensor_server.cpp:3[m[K:
[2.177s] [01m[K/usr/include/boost/asio/placeholders.hpp:65:22:[m[K [01;36m[Knote: [m[K  â€˜[01m[Kboost::asio::placeholders::error[m[Kâ€™
[2.177s]    65 | inline boost::arg<1> [01;36m[Kerror[m[K()
[2.177s]       |                      [01;36m[K^~~~~[m[K
[2.310s] gmake[2]: *** [CMakeFiles/client.dir/build.make:76: CMakeFiles/client.dir/src/sensor_client.cpp.o] Error 1
[2.310s] gmake[1]: *** [CMakeFiles/Makefile2:165: CMakeFiles/client.dir/all] Error 2
[2.310s] gmake[1]: *** Waiting for unfinished jobs....
[2.812s] gmake[2]: *** [CMakeFiles/server.dir/build.make:76: CMakeFiles/server.dir/src/sensor_server.cpp.o] Error 1
[2.812s] gmake[1]: *** [CMakeFiles/Makefile2:139: CMakeFiles/server.dir/all] Error 2
[2.812s] gmake: *** [Makefile:146: all] Error 2
[2.814s] Invoked command in '/home/yang/ros2_ws/build/cpp_srvcli' returned '2': CMAKE_PREFIX_PATH=/home/yang/ros2_ws/install/tutorial_interfaces:/home/yang/ros2_ws/install/cpp_srvcli:/home/yang/ros2_ws/install/cpp_sensor_server:/home/yang/ros2_ws/install/py_srvcli:/opt/ros/iron PYTHONPATH=/home/yang/ros2_ws/install/tutorial_interfaces/lib/python3.10/site-packages:/home/yang/ros2_ws/install/py_srvcli/lib/python3.10/site-packages:/home/yang/ros2_ws/install/cpp_sensor_server/lib/python3.10/site-packages:/opt/ros/iron/lib/python3.10/site-packages /usr/bin/cmake --build /home/yang/ros2_ws/build/cpp_srvcli -- -j16 -l16
