-- Found ament_cmake: 2.0.4 (/opt/ros/iron/share/ament_cmake/cmake)
-- Found std_msgs: 5.0.0 (/opt/ros/iron/share/std_msgs/cmake)
-- Found rosidl_generator_c: 4.0.1 (/opt/ros/iron/share/rosidl_generator_c/cmake)
-- Found rosidl_generator_cpp: 4.0.1 (/opt/ros/iron/share/rosidl_generator_cpp/cmake)
-- Using all available rosidl_typesupport_c: rosidl_typesupport_fastrtps_c;rosidl_typesupport_introspection_c
-- Using all available rosidl_typesupport_cpp: rosidl_typesupport_fastrtps_cpp;rosidl_typesupport_introspection_cpp
-- Found rclcpp: 21.0.5 (/opt/ros/iron/share/rclcpp/cmake)
-- Found rmw_implementation_cmake: 7.1.0 (/opt/ros/iron/share/rmw_implementation_cmake/cmake)
-- Found rmw_fastrtps_cpp: 7.1.3 (/opt/ros/iron/share/rmw_fastrtps_cpp/cmake)
-- Using RMW implementation 'rmw_fastrtps_cpp' as default
-- Found rclcpp_components: 21.0.5 (/opt/ros/iron/share/rclcpp_components/cmake)
-- Found tutorial_interfaces: 0.0.0 (/home/yang/ros2_ws/install/tutorial_interfaces/share/tutorial_interfaces/cmake)
-- Found rosidl_default_generators: 1.5.0 (/opt/ros/iron/share/rosidl_default_generators/cmake)
-- Found rosidl_adapter: 4.0.1 (/opt/ros/iron/share/rosidl_adapter/cmake)
-- Found ament_cmake_ros: 0.11.2 (/opt/ros/iron/share/ament_cmake_ros/cmake)
-- Using all available rosidl_typesupport_c: rosidl_typesupport_fastrtps_c;rosidl_typesupport_introspection_c
-- Using all available rosidl_typesupport_cpp: rosidl_typesupport_fastrtps_cpp;rosidl_typesupport_introspection_cpp
-- Found python_cmake_module: 0.10.2 (/opt/ros/iron/share/python_cmake_module/cmake)
-- Using PYTHON_EXECUTABLE: /usr/bin/python3
-- Using PYTHON_INCLUDE_DIRS: /usr/include/python3.10
-- Using PYTHON_LIBRARIES: /usr/lib/x86_64-linux-gnu/libpython3.10.so
[0mCMake Deprecation Warning at /opt/ros/iron/share/rosidl_cmake/cmake/rosidl_target_interfaces.cmake:32 (message):
  Use rosidl_get_typesupport_target() and target_link_libraries() instead of
  rosidl_target_interfaces()
Call Stack (most recent call first):
  CMakeLists.txt:38 (rosidl_target_interfaces)

[0m
[0mCMake Deprecation Warning at /opt/ros/iron/share/rosidl_cmake/cmake/rosidl_target_interfaces.cmake:32 (message):
  Use rosidl_get_typesupport_target() and target_link_libraries() instead of
  rosidl_target_interfaces()
Call Stack (most recent call first):
  CMakeLists.txt:39 (rosidl_target_interfaces)

[0m
[0mCMake Deprecation Warning at /opt/ros/iron/share/rosidl_cmake/cmake/rosidl_target_interfaces.cmake:32 (message):
  Use rosidl_get_typesupport_target() and target_link_libraries() instead of
  rosidl_target_interfaces()
Call Stack (most recent call first):
  CMakeLists.txt:40 (rosidl_target_interfaces)

[0m
-- Configuring done
-- Generating done
-- Build files have been written to: /home/yang/ros2_ws/build/cpp_sensor_server
[  2%] Built target cpp_sensor_server__rosidl_generator_type_description
[  2%] Built target ament_cmake_python_copy_cpp_sensor_server
[35m[1mConsolidate compiler generated dependencies of target cpp_sensor_server__rosidl_generator_c[0m
[  4%] Built target cpp_sensor_server__cpp
[ 20%] Built target cpp_sensor_server__rosidl_generator_c
[35m[1mConsolidate compiler generated dependencies of target cpp_sensor_server__rosidl_typesupport_introspection_c[0m
[35m[1mConsolidate compiler generated dependencies of target cpp_sensor_server__rosidl_typesupport_c[0m
[35m[1mConsolidate compiler generated dependencies of target cpp_sensor_server__rosidl_typesupport_cpp[0m
[35m[1mConsolidate compiler generated dependencies of target cpp_sensor_server__rosidl_typesupport_fastrtps_c[0m
[35m[1mConsolidate compiler generated dependencies of target cpp_sensor_server__rosidl_typesupport_fastrtps_cpp[0m
[35m[1mConsolidate compiler generated dependencies of target cpp_sensor_server__rosidl_typesupport_introspection_cpp[0m
[ 36%] Built target cpp_sensor_server__rosidl_typesupport_c
[ 36%] Built target cpp_sensor_server__rosidl_typesupport_introspection_c
[ 44%] Built target cpp_sensor_server__rosidl_typesupport_introspection_cpp
[ 52%] Built target cpp_sensor_server__rosidl_typesupport_cpp
[ 60%] Built target cpp_sensor_server__rosidl_typesupport_fastrtps_c
[ 68%] Built target cpp_sensor_server__rosidl_typesupport_fastrtps_cpp
[ 68%] Built target cpp_sensor_server
[35m[1mConsolidate compiler generated dependencies of target sensor_client[0m
[35m[1mConsolidate compiler generated dependencies of target sensor_server2[0m
[35m[1mConsolidate compiler generated dependencies of target sensor_server[0m
[ 70%] Built target cpp_sensor_server__py
[ 72%] [32mBuilding CXX object CMakeFiles/sensor_client.dir/src/sensor_client.cpp.o[0m
[35m[1mConsolidate compiler generated dependencies of target cpp_sensor_server__rosidl_generator_py[0m
[ 74%] [32mBuilding CXX object CMakeFiles/sensor_server2.dir/src/sensor_server2.cpp.o[0m
[ 76%] [32mBuilding CXX object CMakeFiles/sensor_server.dir/src/sensor_server.cpp.o[0m
[ 82%] Built target cpp_sensor_server__rosidl_generator_py
[35m[1mConsolidate compiler generated dependencies of target cpp_sensor_server__rosidl_typesupport_introspection_c__pyext[0m
[35m[1mConsolidate compiler generated dependencies of target cpp_sensor_server__rosidl_typesupport_fastrtps_c__pyext[0m
[35m[1mConsolidate compiler generated dependencies of target cpp_sensor_server__rosidl_typesupport_c__pyext[0m
[ 94%] Built target cpp_sensor_server__rosidl_typesupport_introspection_c__pyext
[ 94%] Built target cpp_sensor_server__rosidl_typesupport_fastrtps_c__pyext
[ 94%] Built target cpp_sensor_server__rosidl_typesupport_c__pyext
running egg_info
writing cpp_sensor_server.egg-info/PKG-INFO
writing dependency_links to cpp_sensor_server.egg-info/dependency_links.txt
writing top-level names to cpp_sensor_server.egg-info/top_level.txt
reading manifest file 'cpp_sensor_server.egg-info/SOURCES.txt'
writing manifest file 'cpp_sensor_server.egg-info/SOURCES.txt'
[ 94%] Built target ament_cmake_python_build_cpp_sensor_server_egg
[01m[K/home/yang/ros2_ws/src/cpp_sensor_server/src/sensor_client.cpp:3:10:[m[K [01;31m[Kfatal error: [m[Kcpp_sensor_server/srv/SampleRequest.hpp: No such file or directory
    3 | #include [01;31m[K"cpp_sensor_server/srv/SampleRequest.hpp"[m[K
      |          [01;31m[K^~~~~~~~~~~~~~~~~~~~~~~~~~~~~~~~~~~~~~~~~[m[K
compilation terminated.
gmake[2]: *** [CMakeFiles/sensor_client.dir/build.make:76: CMakeFiles/sensor_client.dir/src/sensor_client.cpp.o] Error 1
gmake[1]: *** [CMakeFiles/Makefile2:688: CMakeFiles/sensor_client.dir/all] Error 2
gmake[1]: *** Waiting for unfinished jobs....
[01m[K/home/yang/ros2_ws/src/cpp_sensor_server/src/sensor_server2.cpp:2:10:[m[K [01;31m[Kfatal error: [m[Kcpp_sensor_server/SampleRequest.hpp: No such file or directory
    2 | #include [01;31m[K"cpp_sensor_server/SampleRequest.hpp"[m[K
      |          [01;31m[K^~~~~~~~~~~~~~~~~~~~~~~~~~~~~~~~~~~~~[m[K
compilation terminated.
gmake[2]: *** [CMakeFiles/sensor_server2.dir/build.make:76: CMakeFiles/sensor_server2.dir/src/sensor_server2.cpp.o] Error 1
gmake[1]: *** [CMakeFiles/Makefile2:659: CMakeFiles/sensor_server2.dir/all] Error 2
[01m[K/home/yang/ros2_ws/src/cpp_sensor_server/src/sensor_server.cpp:5:10:[m[K [01;31m[Kfatal error: [m[Kcpp_sensor_server/srv/samplerequest.hpp: No such file or directory
    5 | #include [01;31m[K"cpp_sensor_server/srv/samplerequest.hpp"[m[K
      |          [01;31m[K^~~~~~~~~~~~~~~~~~~~~~~~~~~~~~~~~~~~~~~~~[m[K
compilation terminated.
gmake[2]: *** [CMakeFiles/sensor_server.dir/build.make:76: CMakeFiles/sensor_server.dir/src/sensor_server.cpp.o] Error 1
gmake[1]: *** [CMakeFiles/Makefile2:630: CMakeFiles/sensor_server.dir/all] Error 2
gmake: *** [Makefile:146: all] Error 2
