[0.007s] Invoking command in '/home/yang/ros2_ws/build/cpp_sensor_server': CMAKE_PREFIX_PATH=/home/yang/ros2_ws/install/tutorial_interfaces:/home/yang/ros2_ws/install/cpp_sensor_server:/home/yang/ros2_ws/install/py_srvcli:/opt/ros/iron LD_LIBRARY_PATH=/home/yang/ros2_ws/install/tutorial_interfaces/lib:/home/yang/ros2_ws/install/cpp_sensor_server/lib:/opt/ros/iron/opt/rviz_ogre_vendor/lib:/opt/ros/iron/lib/x86_64-linux-gnu:/opt/ros/iron/lib PYTHONPATH=/home/yang/ros2_ws/install/tutorial_interfaces/lib/python3.10/site-packages:/home/yang/ros2_ws/install/py_srvcli/lib/python3.10/site-packages:/home/yang/ros2_ws/install/cpp_sensor_server/lib/python3.10/site-packages:/opt/ros/iron/lib/python3.10/site-packages /usr/bin/cmake --build /home/yang/ros2_ws/build/cpp_sensor_server -- -j16 -l16
[0.021s] -- Found ament_cmake: 2.0.4 (/opt/ros/iron/share/ament_cmake/cmake)
[0.099s] -- Found std_msgs: 5.0.0 (/opt/ros/iron/share/std_msgs/cmake)
[0.112s] -- Found rosidl_generator_c: 4.0.1 (/opt/ros/iron/share/rosidl_generator_c/cmake)
[0.117s] -- Found rosidl_generator_cpp: 4.0.1 (/opt/ros/iron/share/rosidl_generator_cpp/cmake)
[0.124s] -- Using all available rosidl_typesupport_c: rosidl_typesupport_fastrtps_c;rosidl_typesupport_introspection_c
[0.133s] -- Using all available rosidl_typesupport_cpp: rosidl_typesupport_fastrtps_cpp;rosidl_typesupport_introspection_cpp
[0.162s] -- Found rclcpp: 21.0.5 (/opt/ros/iron/share/rclcpp/cmake)
[0.242s] -- Found rmw_implementation_cmake: 7.1.0 (/opt/ros/iron/share/rmw_implementation_cmake/cmake)
[0.243s] -- Found rmw_fastrtps_cpp: 7.1.3 (/opt/ros/iron/share/rmw_fastrtps_cpp/cmake)
[0.305s] -- Using RMW implementation 'rmw_fastrtps_cpp' as default
[0.398s] -- Found rclcpp_components: 21.0.5 (/opt/ros/iron/share/rclcpp_components/cmake)
[0.455s] -- Found tutorial_interfaces: 0.0.0 (/home/yang/ros2_ws/install/tutorial_interfaces/share/tutorial_interfaces/cmake)
[0.540s] -- Found rosidl_default_generators: 1.5.0 (/opt/ros/iron/share/rosidl_default_generators/cmake)
[0.544s] -- Found rosidl_adapter: 4.0.1 (/opt/ros/iron/share/rosidl_adapter/cmake)
[0.728s] -- Found ament_cmake_ros: 0.11.2 (/opt/ros/iron/share/ament_cmake_ros/cmake)
[0.930s] -- Using all available rosidl_typesupport_c: rosidl_typesupport_fastrtps_c;rosidl_typesupport_introspection_c
[1.008s] -- Using all available rosidl_typesupport_cpp: rosidl_typesupport_fastrtps_cpp;rosidl_typesupport_introspection_cpp
[1.022s] -- Found python_cmake_module: 0.10.2 (/opt/ros/iron/share/python_cmake_module/cmake)
[1.035s] -- Using PYTHON_EXECUTABLE: /usr/bin/python3
[1.035s] -- Using PYTHON_INCLUDE_DIRS: /usr/include/python3.10
[1.035s] -- Using PYTHON_LIBRARIES: /usr/lib/x86_64-linux-gnu/libpython3.10.so
[1.052s] [0mCMake Deprecation Warning at /opt/ros/iron/share/rosidl_cmake/cmake/rosidl_target_interfaces.cmake:32 (message):
[1.052s]   Use rosidl_get_typesupport_target() and target_link_libraries() instead of
[1.052s]   rosidl_target_interfaces()
[1.053s] Call Stack (most recent call first):
[1.053s]   CMakeLists.txt:38 (rosidl_target_interfaces)
[1.053s] 
[1.053s] [0m
[1.053s] [0mCMake Deprecation Warning at /opt/ros/iron/share/rosidl_cmake/cmake/rosidl_target_interfaces.cmake:32 (message):
[1.053s]   Use rosidl_get_typesupport_target() and target_link_libraries() instead of
[1.053s]   rosidl_target_interfaces()
[1.053s] Call Stack (most recent call first):
[1.053s]   CMakeLists.txt:39 (rosidl_target_interfaces)
[1.053s] 
[1.053s] [0m
[1.053s] [0mCMake Deprecation Warning at /opt/ros/iron/share/rosidl_cmake/cmake/rosidl_target_interfaces.cmake:32 (message):
[1.053s]   Use rosidl_get_typesupport_target() and target_link_libraries() instead of
[1.053s]   rosidl_target_interfaces()
[1.053s] Call Stack (most recent call first):
[1.053s]   CMakeLists.txt:40 (rosidl_target_interfaces)
[1.053s] 
[1.053s] [0m
[1.055s] -- Configuring done
[1.082s] -- Generating done
[1.084s] -- Build files have been written to: /home/yang/ros2_ws/build/cpp_sensor_server
[1.107s] [  2%] Built target cpp_sensor_server__rosidl_generator_type_description
[1.113s] [  2%] Built target ament_cmake_python_copy_cpp_sensor_server
[1.113s] [35m[1mConsolidate compiler generated dependencies of target cpp_sensor_server__rosidl_generator_c[0m
[1.118s] [  4%] Built target cpp_sensor_server__cpp
[1.120s] [ 20%] Built target cpp_sensor_server__rosidl_generator_c
[1.126s] [35m[1mConsolidate compiler generated dependencies of target cpp_sensor_server__rosidl_typesupport_introspection_c[0m
[1.126s] [35m[1mConsolidate compiler generated dependencies of target cpp_sensor_server__rosidl_typesupport_c[0m
[1.126s] [35m[1mConsolidate compiler generated dependencies of target cpp_sensor_server__rosidl_typesupport_cpp[0m
[1.126s] [35m[1mConsolidate compiler generated dependencies of target cpp_sensor_server__rosidl_typesupport_fastrtps_c[0m
[1.126s] [35m[1mConsolidate compiler generated dependencies of target cpp_sensor_server__rosidl_typesupport_fastrtps_cpp[0m
[1.126s] [35m[1mConsolidate compiler generated dependencies of target cpp_sensor_server__rosidl_typesupport_introspection_cpp[0m
[1.133s] [ 36%] Built target cpp_sensor_server__rosidl_typesupport_c
[1.133s] [ 36%] Built target cpp_sensor_server__rosidl_typesupport_introspection_c
[1.134s] [ 44%] Built target cpp_sensor_server__rosidl_typesupport_introspection_cpp
[1.134s] [ 52%] Built target cpp_sensor_server__rosidl_typesupport_cpp
[1.134s] [ 60%] Built target cpp_sensor_server__rosidl_typesupport_fastrtps_c
[1.134s] [ 68%] Built target cpp_sensor_server__rosidl_typesupport_fastrtps_cpp
[1.145s] [ 68%] Built target cpp_sensor_server
[1.151s] [35m[1mConsolidate compiler generated dependencies of target sensor_client[0m
[1.151s] [35m[1mConsolidate compiler generated dependencies of target sensor_server2[0m
[1.151s] [35m[1mConsolidate compiler generated dependencies of target sensor_server[0m
[1.156s] [ 70%] Built target cpp_sensor_server__py
[1.162s] [ 72%] [32mBuilding CXX object CMakeFiles/sensor_client.dir/src/sensor_client.cpp.o[0m
[1.162s] [35m[1mConsolidate compiler generated dependencies of target cpp_sensor_server__rosidl_generator_py[0m
[1.168s] [ 74%] [32mBuilding CXX object CMakeFiles/sensor_server2.dir/src/sensor_server2.cpp.o[0m
[1.168s] [ 76%] [32mBuilding CXX object CMakeFiles/sensor_server.dir/src/sensor_server.cpp.o[0m
[1.170s] [ 82%] Built target cpp_sensor_server__rosidl_generator_py
[1.176s] [35m[1mConsolidate compiler generated dependencies of target cpp_sensor_server__rosidl_typesupport_introspection_c__pyext[0m
[1.176s] [35m[1mConsolidate compiler generated dependencies of target cpp_sensor_server__rosidl_typesupport_fastrtps_c__pyext[0m
[1.176s] [35m[1mConsolidate compiler generated dependencies of target cpp_sensor_server__rosidl_typesupport_c__pyext[0m
[1.184s] [ 94%] Built target cpp_sensor_server__rosidl_typesupport_introspection_c__pyext
[1.184s] [ 94%] Built target cpp_sensor_server__rosidl_typesupport_fastrtps_c__pyext
[1.184s] [ 94%] Built target cpp_sensor_server__rosidl_typesupport_c__pyext
[1.252s] running egg_info
[1.252s] writing cpp_sensor_server.egg-info/PKG-INFO
[1.253s] writing dependency_links to cpp_sensor_server.egg-info/dependency_links.txt
[1.253s] writing top-level names to cpp_sensor_server.egg-info/top_level.txt
[1.254s] reading manifest file 'cpp_sensor_server.egg-info/SOURCES.txt'
[1.254s] writing manifest file 'cpp_sensor_server.egg-info/SOURCES.txt'
[1.269s] [ 94%] Built target ament_cmake_python_build_cpp_sensor_server_egg
[1.293s] [01m[K/home/yang/ros2_ws/src/cpp_sensor_server/src/sensor_client.cpp:3:10:[m[K [01;31m[Kfatal error: [m[Kcpp_sensor_server/srv/SampleRequest.hpp: No such file or directory
[1.294s]     3 | #include [01;31m[K"cpp_sensor_server/srv/SampleRequest.hpp"[m[K
[1.294s]       |          [01;31m[K^~~~~~~~~~~~~~~~~~~~~~~~~~~~~~~~~~~~~~~~~[m[K
[1.294s] compilation terminated.
[1.295s] gmake[2]: *** [CMakeFiles/sensor_client.dir/build.make:76: CMakeFiles/sensor_client.dir/src/sensor_client.cpp.o] Error 1
[1.295s] gmake[1]: *** [CMakeFiles/Makefile2:688: CMakeFiles/sensor_client.dir/all] Error 2
[1.295s] gmake[1]: *** Waiting for unfinished jobs....
[1.301s] [01m[K/home/yang/ros2_ws/src/cpp_sensor_server/src/sensor_server2.cpp:2:10:[m[K [01;31m[Kfatal error: [m[Kcpp_sensor_server/SampleRequest.hpp: No such file or directory
[1.301s]     2 | #include [01;31m[K"cpp_sensor_server/SampleRequest.hpp"[m[K
[1.301s]       |          [01;31m[K^~~~~~~~~~~~~~~~~~~~~~~~~~~~~~~~~~~~~[m[K
[1.301s] compilation terminated.
[1.303s] gmake[2]: *** [CMakeFiles/sensor_server2.dir/build.make:76: CMakeFiles/sensor_server2.dir/src/sensor_server2.cpp.o] Error 1
[1.303s] gmake[1]: *** [CMakeFiles/Makefile2:659: CMakeFiles/sensor_server2.dir/all] Error 2
[1.565s] [01m[K/home/yang/ros2_ws/src/cpp_sensor_server/src/sensor_server.cpp:5:10:[m[K [01;31m[Kfatal error: [m[Kcpp_sensor_server/srv/samplerequest.hpp: No such file or directory
[1.565s]     5 | #include [01;31m[K"cpp_sensor_server/srv/samplerequest.hpp"[m[K
[1.565s]       |          [01;31m[K^~~~~~~~~~~~~~~~~~~~~~~~~~~~~~~~~~~~~~~~~[m[K
[1.565s] compilation terminated.
[1.570s] gmake[2]: *** [CMakeFiles/sensor_server.dir/build.make:76: CMakeFiles/sensor_server.dir/src/sensor_server.cpp.o] Error 1
[1.571s] gmake[1]: *** [CMakeFiles/Makefile2:630: CMakeFiles/sensor_server.dir/all] Error 2
[1.571s] gmake: *** [Makefile:146: all] Error 2
[1.572s] Invoked command in '/home/yang/ros2_ws/build/cpp_sensor_server' returned '2': CMAKE_PREFIX_PATH=/home/yang/ros2_ws/install/tutorial_interfaces:/home/yang/ros2_ws/install/cpp_sensor_server:/home/yang/ros2_ws/install/py_srvcli:/opt/ros/iron LD_LIBRARY_PATH=/home/yang/ros2_ws/install/tutorial_interfaces/lib:/home/yang/ros2_ws/install/cpp_sensor_server/lib:/opt/ros/iron/opt/rviz_ogre_vendor/lib:/opt/ros/iron/lib/x86_64-linux-gnu:/opt/ros/iron/lib PYTHONPATH=/home/yang/ros2_ws/install/tutorial_interfaces/lib/python3.10/site-packages:/home/yang/ros2_ws/install/py_srvcli/lib/python3.10/site-packages:/home/yang/ros2_ws/install/cpp_sensor_server/lib/python3.10/site-packages:/opt/ros/iron/lib/python3.10/site-packages /usr/bin/cmake --build /home/yang/ros2_ws/build/cpp_sensor_server -- -j16 -l16
