[0.007s] Invoking command in '/home/yang/ros2_ws/build/cpp_srvcli': CMAKE_PREFIX_PATH=/home/yang/ros2_ws/install/tutorial_interfaces:/home/yang/ros2_ws/install/cpp_srvcli:/home/yang/ros2_ws/install/cpp_sensor_server:/home/yang/ros2_ws/install/py_srvcli:/opt/ros/iron LD_LIBRARY_PATH=/home/yang/ros2_ws/install/tutorial_interfaces/lib:/home/yang/ros2_ws/install/cpp_sensor_server/lib:/opt/ros/iron/opt/rviz_ogre_vendor/lib:/opt/ros/iron/lib/x86_64-linux-gnu:/opt/ros/iron/lib PYTHONPATH=/home/yang/ros2_ws/install/tutorial_interfaces/lib/python3.10/site-packages:/home/yang/ros2_ws/install/py_srvcli/lib/python3.10/site-packages:/home/yang/ros2_ws/install/cpp_sensor_server/lib/python3.10/site-packages:/opt/ros/iron/lib/python3.10/site-packages /usr/bin/cmake --build /home/yang/ros2_ws/build/cpp_srvcli -- -j16 -l16
[0.029s] [35m[1mConsolidate compiler generated dependencies of target client[0m
[0.039s] [ 50%] Built target client
[0.040s] [ 75%] [32mBuilding CXX object CMakeFiles/server.dir/src/sensor_server.cpp.o[0m
[2.204s] [01m[K/home/yang/ros2_ws/src/cpp_srvcli/src/sensor_server.cpp:[m[K In member function â€˜[01m[Kvoid SensorService::handle_service(std::shared_ptr<tutorial_interfaces::srv::SampleRequest_Request_<std::allocator<void> > >, std::shared_ptr<tutorial_interfaces::srv::SampleRequest_Response_<std::allocator<void> > >)[m[Kâ€™:
[2.204s] [01m[K/home/yang/ros2_ws/src/cpp_srvcli/src/sensor_server.cpp:66:20:[m[K [01;31m[Kerror: [m[Kâ€˜[01m[Kdata[m[Kâ€™ was not declared in this scope; did you mean â€˜[01m[Kstd::data[m[Kâ€™?
[2.205s]    66 |         std::cout<<[01;31m[Kdata[m[K.data.size()<<"\r";
[2.205s]       |                    [01;31m[K^~~~[m[K
[2.205s]       |                    [32m[Kstd::data[m[K
[2.205s] In file included from [01m[K/usr/include/c++/11/array:41[m[K,
[2.205s]                  from [01m[K/usr/include/c++/11/tuple:39[m[K,
[2.205s]                  from [01m[K/usr/include/c++/11/bits/unique_ptr.h:37[m[K,
[2.205s]                  from [01m[K/usr/include/c++/11/memory:76[m[K,
[2.205s]                  from [01m[K/opt/ros/iron/include/rclcpp/rclcpp/rclcpp.hpp:165[m[K,
[2.205s]                  from [01m[K/home/yang/ros2_ws/src/cpp_srvcli/src/sensor_server.cpp:1[m[K:
[2.205s] [01m[K/usr/include/c++/11/bits/range_access.h:319:5:[m[K [01;36m[Knote: [m[Kâ€˜[01m[Kstd::data[m[Kâ€™ declared here
[2.205s]   319 |     [01;36m[Kdata[m[K(initializer_list<_Tp> __il) noexcept
[2.205s]       |     [01;36m[K^~~~[m[K
[2.875s] gmake[2]: *** [CMakeFiles/server.dir/build.make:76: CMakeFiles/server.dir/src/sensor_server.cpp.o] Error 1
[2.875s] gmake[1]: *** [CMakeFiles/Makefile2:139: CMakeFiles/server.dir/all] Error 2
[2.875s] gmake: *** [Makefile:146: all] Error 2
[2.876s] Invoked command in '/home/yang/ros2_ws/build/cpp_srvcli' returned '2': CMAKE_PREFIX_PATH=/home/yang/ros2_ws/install/tutorial_interfaces:/home/yang/ros2_ws/install/cpp_srvcli:/home/yang/ros2_ws/install/cpp_sensor_server:/home/yang/ros2_ws/install/py_srvcli:/opt/ros/iron LD_LIBRARY_PATH=/home/yang/ros2_ws/install/tutorial_interfaces/lib:/home/yang/ros2_ws/install/cpp_sensor_server/lib:/opt/ros/iron/opt/rviz_ogre_vendor/lib:/opt/ros/iron/lib/x86_64-linux-gnu:/opt/ros/iron/lib PYTHONPATH=/home/yang/ros2_ws/install/tutorial_interfaces/lib/python3.10/site-packages:/home/yang/ros2_ws/install/py_srvcli/lib/python3.10/site-packages:/home/yang/ros2_ws/install/cpp_sensor_server/lib/python3.10/site-packages:/opt/ros/iron/lib/python3.10/site-packages /usr/bin/cmake --build /home/yang/ros2_ws/build/cpp_srvcli -- -j16 -l16
