[0.006s] Invoking command in '/home/yang/ros2_ws/build/cpp_sensor_server': CMAKE_PREFIX_PATH=${CMAKE_PREFIX_PATH}:/home/yang/ros2_ws/install/py_srvcli:/opt/ros/iron /usr/bin/cmake --build /home/yang/ros2_ws/build/cpp_sensor_server -- -j16 -l16
[0.033s] [  2%] Built target cpp_sensor_server__rosidl_generator_type_description
[0.038s] [  2%] Built target ament_cmake_python_copy_cpp_sensor_server
[0.043s] [  4%] Built target cpp_sensor_server__cpp
[0.044s] [ 20%] Built target cpp_sensor_server__rosidl_generator_c
[0.056s] [ 44%] Built target cpp_sensor_server__rosidl_typesupport_introspection_c
[0.057s] [ 44%] Built target cpp_sensor_server__rosidl_typesupport_c
[0.057s] [ 44%] Built target cpp_sensor_server__rosidl_typesupport_cpp
[0.057s] [ 54%] Built target cpp_sensor_server__rosidl_typesupport_introspection_cpp
[0.057s] [ 60%] Built target cpp_sensor_server__rosidl_typesupport_fastrtps_cpp
[0.057s] [ 68%] Built target cpp_sensor_server__rosidl_typesupport_fastrtps_c
[0.067s] [ 68%] Built target cpp_sensor_server
[0.079s] [ 70%] Built target cpp_sensor_server__py
[0.082s] [ 72%] [32mBuilding CXX object CMakeFiles/sensor_client.dir/src/sensor_client.cpp.o[0m
[0.084s] [35m[1mConsolidate compiler generated dependencies of target cpp_sensor_server__rosidl_generator_py[0m
[0.085s] [ 74%] [32mBuilding CXX object CMakeFiles/sensor_server.dir/src/sensor_server.cpp.o[0m
[0.085s] [ 76%] [32mBuilding CXX object CMakeFiles/sensor_server2.dir/src/sensor_server2.cpp.o[0m
[0.093s] [ 82%] Built target cpp_sensor_server__rosidl_generator_py
[0.099s] [35m[1mConsolidate compiler generated dependencies of target cpp_sensor_server__rosidl_typesupport_introspection_c__pyext[0m
[0.099s] [35m[1mConsolidate compiler generated dependencies of target cpp_sensor_server__rosidl_typesupport_fastrtps_c__pyext[0m
[0.099s] [35m[1mConsolidate compiler generated dependencies of target cpp_sensor_server__rosidl_typesupport_c__pyext[0m
[0.106s] [ 94%] Built target cpp_sensor_server__rosidl_typesupport_fastrtps_c__pyext
[0.107s] [ 94%] Built target cpp_sensor_server__rosidl_typesupport_c__pyext
[0.107s] [ 94%] Built target cpp_sensor_server__rosidl_typesupport_introspection_c__pyext
[0.176s] running egg_info
[0.176s] writing cpp_sensor_server.egg-info/PKG-INFO
[0.176s] writing dependency_links to cpp_sensor_server.egg-info/dependency_links.txt
[0.176s] writing top-level names to cpp_sensor_server.egg-info/top_level.txt
[0.178s] reading manifest file 'cpp_sensor_server.egg-info/SOURCES.txt'
[0.178s] writing manifest file 'cpp_sensor_server.egg-info/SOURCES.txt'
[0.193s] [ 94%] Built target ament_cmake_python_build_cpp_sensor_server_egg
[0.207s] [01m[K/home/yang/ros2_ws/src/cpp_sensor_server/src/sensor_client.cpp:2:10:[m[K [01;31m[Kfatal error: [m[Kcpp_sensor_server/srv/samplerequest.hpp: No such file or directory
[0.207s]     2 | #include [01;31m[K"cpp_sensor_server/srv/samplerequest.hpp"[m[K
[0.207s]       |          [01;31m[K^~~~~~~~~~~~~~~~~~~~~~~~~~~~~~~~~~~~~~~~~[m[K
[0.207s] compilation terminated.
[0.209s] gmake[2]: *** [CMakeFiles/sensor_client.dir/build.make:76: CMakeFiles/sensor_client.dir/src/sensor_client.cpp.o] Error 1
[0.209s] [01m[K/home/yang/ros2_ws/src/cpp_sensor_server/src/sensor_server2.cpp:2:10:[m[K [01;31m[Kfatal error: [m[Kcpp_sensor_server/srv/samplerequest.hpp: No such file or directory
[0.209s]     2 | #include [01;31m[K"cpp_sensor_server/srv/samplerequest.hpp"[m[K
[0.209s]       |          [01;31m[K^~~~~~~~~~~~~~~~~~~~~~~~~~~~~~~~~~~~~~~~~[m[K
[0.209s] compilation terminated.
[0.209s] gmake[1]: *** [CMakeFiles/Makefile2:688: CMakeFiles/sensor_client.dir/all] Error 2
[0.209s] gmake[1]: *** Waiting for unfinished jobs....
[0.210s] gmake[2]: *** [CMakeFiles/sensor_server2.dir/build.make:76: CMakeFiles/sensor_server2.dir/src/sensor_server2.cpp.o] Error 1
[0.210s] gmake[1]: *** [CMakeFiles/Makefile2:659: CMakeFiles/sensor_server2.dir/all] Error 2
[0.215s] [01m[K/home/yang/ros2_ws/src/cpp_sensor_server/src/sensor_server.cpp:2:10:[m[K [01;31m[Kfatal error: [m[Kcpp_sensor_server/srv/SampleRequest.hpp: No such file or directory
[0.215s]     2 | #include [01;31m[K"cpp_sensor_server/srv/SampleRequest.hpp"[m[K
[0.215s]       |          [01;31m[K^~~~~~~~~~~~~~~~~~~~~~~~~~~~~~~~~~~~~~~~~[m[K
[0.215s] compilation terminated.
[0.216s] gmake[2]: *** [CMakeFiles/sensor_server.dir/build.make:76: CMakeFiles/sensor_server.dir/src/sensor_server.cpp.o] Error 1
[0.216s] gmake[1]: *** [CMakeFiles/Makefile2:630: CMakeFiles/sensor_server.dir/all] Error 2
[0.216s] gmake: *** [Makefile:146: all] Error 2
[0.218s] Invoked command in '/home/yang/ros2_ws/build/cpp_sensor_server' returned '2': CMAKE_PREFIX_PATH=${CMAKE_PREFIX_PATH}:/home/yang/ros2_ws/install/py_srvcli:/opt/ros/iron /usr/bin/cmake --build /home/yang/ros2_ws/build/cpp_sensor_server -- -j16 -l16
