[01m[K/home/yang/ros2_ws/src/cpp_srvcli/src/sensor_client.cpp:29:20:[m[K [01;31m[Kerror: [m[Kâ€˜[01m[Kexample_interfaces[m[Kâ€™ was not declared in this scope; did you mean â€˜[01m[Krcl_interfaces[m[Kâ€™?
   29 |     rclcpp::Client<[01;31m[Kexample_interfaces[m[K::srv::SampleRequest>::SharedPtr client_;
      |                    [01;31m[K^~~~~~~~~~~~~~~~~~[m[K
      |                    [32m[Krcl_interfaces[m[K
[01m[K/home/yang/ros2_ws/src/cpp_srvcli/src/sensor_client.cpp:29:58:[m[K [01;31m[Kerror: [m[Ktemplate argument 1 is invalid
   29 |     rclcpp::Client<example_interfaces::srv::SampleRequest[01;31m[K>[m[K::SharedPtr client_;
      |                                                          [01;31m[K^[m[K
[01m[K/home/yang/ros2_ws/src/cpp_srvcli/src/sensor_client.cpp:29:61:[m[K [01;31m[Kerror: [m[Kexpected â€˜[01m[K;[m[Kâ€™ at end of member declaration
   29 |     rclcpp::Client<example_interfaces::srv::SampleRequest>::[01;31m[KSharedPtr[m[K client_;
      |                                                             [01;31m[K^~~~~~~~~[m[K
      |                                                                      [32m[K;[m[K
[01m[K/home/yang/ros2_ws/src/cpp_srvcli/src/sensor_client.cpp:29:71:[m[K [01;31m[Kerror: [m[Kâ€˜[01m[Kclient_[m[Kâ€™ does not name a type
   29 |     rclcpp::Client<example_interfaces::srv::SampleRequest>::SharedPtr [01;31m[Kclient_[m[K;
      |                                                                       [01;31m[K^~~~~~~[m[K
[01m[K/home/yang/ros2_ws/src/cpp_srvcli/src/sensor_client.cpp:[m[K In constructor â€˜[01m[KSensorClient::SensorClient()[m[Kâ€™:
[01m[K/home/yang/ros2_ws/src/cpp_srvcli/src/sensor_client.cpp:10:9:[m[K [01;31m[Kerror: [m[Kâ€˜[01m[Kclient_[m[Kâ€™ was not declared in this scope
   10 |         [01;31m[Kclient_[m[K = this->create_client<example_interfaces::srv::SampleRequest>("get_sensor_data");
      |         [01;31m[K^~~~~~~[m[K
[01m[K/home/yang/ros2_ws/src/cpp_srvcli/src/sensor_client.cpp:10:39:[m[K [01;31m[Kerror: [m[Kâ€˜[01m[Kexample_interfaces[m[Kâ€™ was not declared in this scope; did you mean â€˜[01m[Krcl_interfaces[m[Kâ€™?
   10 |         client_ = this->create_client<[01;31m[Kexample_interfaces[m[K::srv::SampleRequest>("get_sensor_data");
      |                                       [01;31m[K^~~~~~~~~~~~~~~~~~[m[K
      |                                       [32m[Krcl_interfaces[m[K
[01m[K/home/yang/ros2_ws/src/cpp_srvcli/src/sensor_client.cpp:10:25:[m[K [01;31m[Kerror: [m[Kparse error in template argument list
   10 |         client_ = this->[01;31m[Kcreate_client<example_interfaces::srv::SampleRequest>[m[K("get_sensor_data");
      |                         [01;31m[K^~~~~~~~~~~~~~~~~~~~~~~~~~~~~~~~~~~~~~~~~~~~~~~~~~~~~[m[K
[01m[K/home/yang/ros2_ws/src/cpp_srvcli/src/sensor_client.cpp:10:78:[m[K [01;31m[Kerror: [m[Kno matching function for call to â€˜[01m[KSensorClient::create_client<<expression error> >(const char [16])[m[Kâ€™
   10 |         client_ = [01;31m[Kthis->create_client<example_interfaces::srv::SampleRequest>("get_sensor_data")[m[K;
      |                   [01;31m[K~~~~~~~~~~~~~~~~~~~~~~~~~~~~~~~~~~~~~~~~~~~~~~~~~~~~~~~~~~~^~~~~~~~~~~~~~~~~~~[m[K
In file included from [01m[K/opt/ros/iron/include/rclcpp/rclcpp/executors/single_threaded_executor.hpp:28[m[K,
                 from [01m[K/opt/ros/iron/include/rclcpp/rclcpp/executors.hpp:22[m[K,
                 from [01m[K/opt/ros/iron/include/rclcpp/rclcpp/rclcpp.hpp:167[m[K,
                 from [01m[K/home/yang/ros2_ws/src/cpp_srvcli/src/sensor_client.cpp:1[m[K:
[01m[K/opt/ros/iron/include/rclcpp/rclcpp/node.hpp:268:3:[m[K [01;36m[Knote: [m[Kcandidate: â€˜[01m[Ktemplate<class ServiceT> typename rclcpp::Client<ServiceT>::SharedPtr rclcpp::Node::create_client(const string&, const rmw_qos_profile_t&, rclcpp::CallbackGroup::SharedPtr)[m[Kâ€™
  268 |   [01;36m[Kcreate_client[m[K(
      |   [01;36m[K^~~~~~~~~~~~~[m[K
[01m[K/opt/ros/iron/include/rclcpp/rclcpp/node.hpp:268:3:[m[K [01;36m[Knote: [m[K  template argument deduction/substitution failed:
[01m[K/home/yang/ros2_ws/src/cpp_srvcli/src/sensor_client.cpp:10:78:[m[K [01;31m[Kerror: [m[Ktemplate argument 1 is invalid
   10 |         client_ = [01;31m[Kthis->create_client<example_interfaces::srv::SampleRequest>("get_sensor_data")[m[K;
      |                   [01;31m[K~~~~~~~~~~~~~~~~~~~~~~~~~~~~~~~~~~~~~~~~~~~~~~~~~~~~~~~~~~~^~~~~~~~~~~~~~~~~~~[m[K
In file included from [01m[K/opt/ros/iron/include/rclcpp/rclcpp/executors/single_threaded_executor.hpp:28[m[K,
                 from [01m[K/opt/ros/iron/include/rclcpp/rclcpp/executors.hpp:22[m[K,
                 from [01m[K/opt/ros/iron/include/rclcpp/rclcpp/rclcpp.hpp:167[m[K,
                 from [01m[K/home/yang/ros2_ws/src/cpp_srvcli/src/sensor_client.cpp:1[m[K:
[01m[K/opt/ros/iron/include/rclcpp/rclcpp/node.hpp:282:3:[m[K [01;36m[Knote: [m[Kcandidate: â€˜[01m[Ktemplate<class ServiceT> typename rclcpp::Client<ServiceT>::SharedPtr rclcpp::Node::create_client(const string&, const rclcpp::QoS&, rclcpp::CallbackGroup::SharedPtr)[m[Kâ€™
  282 |   [01;36m[Kcreate_client[m[K(
      |   [01;36m[K^~~~~~~~~~~~~[m[K
[01m[K/opt/ros/iron/include/rclcpp/rclcpp/node.hpp:282:3:[m[K [01;36m[Knote: [m[K  template argument deduction/substitution failed:
[01m[K/home/yang/ros2_ws/src/cpp_srvcli/src/sensor_client.cpp:10:78:[m[K [01;31m[Kerror: [m[Ktemplate argument 1 is invalid
   10 |         client_ = [01;31m[Kthis->create_client<example_interfaces::srv::SampleRequest>("get_sensor_data")[m[K;
      |                   [01;31m[K~~~~~~~~~~~~~~~~~~~~~~~~~~~~~~~~~~~~~~~~~~~~~~~~~~~~~~~~~~~^~~~~~~~~~~~~~~~~~~[m[K
[01m[K/home/yang/ros2_ws/src/cpp_srvcli/src/sensor_client.cpp:[m[K In member function â€˜[01m[Kvoid SensorClient::request_data()[m[Kâ€™:
[01m[K/home/yang/ros2_ws/src/cpp_srvcli/src/sensor_client.cpp:18:41:[m[K [01;31m[Kerror: [m[Kâ€˜[01m[Kexample_interfaces[m[Kâ€™ was not declared in this scope; did you mean â€˜[01m[Krcl_interfaces[m[Kâ€™?
   18 |         auto request = std::make_shared<[01;31m[Kexample_interfaces[m[K::srv::SampleRequest::Request>();
      |                                         [01;31m[K^~~~~~~~~~~~~~~~~~[m[K
      |                                         [32m[Krcl_interfaces[m[K
[01m[K/home/yang/ros2_ws/src/cpp_srvcli/src/sensor_client.cpp:18:29:[m[K [01;31m[Kerror: [m[Kparse error in template argument list
   18 |         auto request = std::[01;31m[Kmake_shared<example_interfaces::srv::SampleRequest::Request>[m[K();
      |                             [01;31m[K^~~~~~~~~~~~~~~~~~~~~~~~~~~~~~~~~~~~~~~~~~~~~~~~~~~~~~~~~~~~[m[K
[01m[K/home/yang/ros2_ws/src/cpp_srvcli/src/sensor_client.cpp:18:89:[m[K [01;31m[Kerror: [m[Kno matching function for call to â€˜[01m[Kmake_shared<<expression error> >()[m[Kâ€™
   18 |         auto request = [01;31m[Kstd::make_shared<example_interfaces::srv::SampleRequest::Request>()[m[K;
      |                        [01;31m[K~~~~~~~~~~~~~~~~~~~~~~~~~~~~~~~~~~~~~~~~~~~~~~~~~~~~~~~~~~~~~~~~~^~[m[K
In file included from [01m[K/usr/include/c++/11/memory:77[m[K,
                 from [01m[K/opt/ros/iron/include/rclcpp/rclcpp/rclcpp.hpp:165[m[K,
                 from [01m[K/home/yang/ros2_ws/src/cpp_srvcli/src/sensor_client.cpp:1[m[K:
[01m[K/usr/include/c++/11/bits/shared_ptr.h:875:5:[m[K [01;36m[Knote: [m[Kcandidate: â€˜[01m[Ktemplate<class _Tp, class ... _Args> std::shared_ptr<_Tp> std::make_shared(_Args&& ...)[m[Kâ€™
  875 |     [01;36m[Kmake_shared[m[K(_Args&&... __args)
      |     [01;36m[K^~~~~~~~~~~[m[K
[01m[K/usr/include/c++/11/bits/shared_ptr.h:875:5:[m[K [01;36m[Knote: [m[K  template argument deduction/substitution failed:
[01m[K/home/yang/ros2_ws/src/cpp_srvcli/src/sensor_client.cpp:18:89:[m[K [01;31m[Kerror: [m[Ktemplate argument 1 is invalid
   18 |         auto request = [01;31m[Kstd::make_shared<example_interfaces::srv::SampleRequest::Request>()[m[K;
      |                        [01;31m[K~~~~~~~~~~~~~~~~~~~~~~~~~~~~~~~~~~~~~~~~~~~~~~~~~~~~~~~~~~~~~~~~~^~[m[K
[01m[K/home/yang/ros2_ws/src/cpp_srvcli/src/sensor_client.cpp:21:23:[m[K [01;31m[Kerror: [m[Kâ€˜[01m[Kclient_[m[Kâ€™ was not declared in this scope
   21 |         auto result = [01;31m[Kclient_[m[K->async_send_request(request);
      |                       [01;31m[K^~~~~~~[m[K
gmake[2]: *** [CMakeFiles/client.dir/build.make:76: CMakeFiles/client.dir/src/sensor_client.cpp.o] Error 1
gmake[1]: *** [CMakeFiles/Makefile2:165: CMakeFiles/client.dir/all] Error 2
gmake[1]: *** Waiting for unfinished jobs....
[01m[K/home/yang/ros2_ws/src/cpp_srvcli/src/sensor_server.cpp:23:47:[m[K [01;31m[Kerror: [m[Kâ€˜[01m[Kexample_interfaces[m[Kâ€™ was not declared in this scope; did you mean â€˜[01m[Krcl_interfaces[m[Kâ€™?
   23 |     void handle_service(const std::shared_ptr<[01;31m[Kexample_interfaces[m[K::srv::SampleRequest::Request> request,
      |                                               [01;31m[K^~~~~~~~~~~~~~~~~~[m[K
      |                                               [32m[Krcl_interfaces[m[K
[01m[K/home/yang/ros2_ws/src/cpp_srvcli/src/sensor_server.cpp:23:94:[m[K [01;31m[Kerror: [m[Ktemplate argument 1 is invalid
   23 | :shared_ptr<example_interfaces::srv::SampleRequest::Request[01;31m[K>[m[K request,
      |                                                            [01;31m[K^[m[K

[01m[K/home/yang/ros2_ws/src/cpp_srvcli/src/sensor_server.cpp:23:47:[m[K [01;31m[Kerror: [m[Kâ€˜[01m[Kexample_interfaces[m[Kâ€™ was not declared in this scope; did you mean â€˜[01m[Krcl_interfaces[m[Kâ€™?
   23 |     void handle_service(const std::shared_ptr<[01;31m[Kexample_interfaces[m[K::srv::SampleRequest::Request> request,
      |                                               [01;31m[K^~~~~~~~~~~~~~~~~~[m[K
      |                                               [32m[Krcl_interfaces[m[K
[01m[K/home/yang/ros2_ws/src/cpp_srvcli/src/sensor_server.cpp:23:94:[m[K [01;31m[Kerror: [m[Ktemplate argument 1 is invalid
   23 | :shared_ptr<example_interfaces::srv::SampleRequest::Request[01;31m[K>[m[K request,
      |                                                            [01;31m[K^[m[K

[01m[K/home/yang/ros2_ws/src/cpp_srvcli/src/sensor_server.cpp:23:47:[m[K [01;31m[Kerror: [m[Kâ€˜[01m[Kexample_interfaces[m[Kâ€™ was not declared in this scope; did you mean â€˜[01m[Krcl_interfaces[m[Kâ€™?
   23 |     void handle_service(const std::shared_ptr<[01;31m[Kexample_interfaces[m[K::srv::SampleRequest::Request> request,
      |                                               [01;31m[K^~~~~~~~~~~~~~~~~~[m[K
      |                                               [32m[Krcl_interfaces[m[K
[01m[K/home/yang/ros2_ws/src/cpp_srvcli/src/sensor_server.cpp:23:94:[m[K [01;31m[Kerror: [m[Ktemplate argument 1 is invalid
   23 | :shared_ptr<example_interfaces::srv::SampleRequest::Request[01;31m[K>[m[K request,
      |                                                            [01;31m[K^[m[K

[01m[K/home/yang/ros2_ws/src/cpp_srvcli/src/sensor_server.cpp:23:31:[m[K [01;31m[Kerror: [m[Kinvalid template-id
   23 |     void handle_service(const [01;31m[Kstd[m[K::shared_ptr<example_interfaces::srv::SampleRequest::Request> request,
      |                               [01;31m[K^~~[m[K
[01m[K/home/yang/ros2_ws/src/cpp_srvcli/src/sensor_server.cpp:23:47:[m[K [01;31m[Kerror: [m[Kâ€˜[01m[Kexample_interfaces[m[Kâ€™ has not been declared
   23 |     void handle_service(const std::shared_ptr<[01;31m[Kexample_interfaces[m[K::srv::SampleRequest::Request> request,
      |                                               [01;31m[K^~~~~~~~~~~~~~~~~~[m[K
[01m[K/home/yang/ros2_ws/src/cpp_srvcli/src/sensor_server.cpp:23:25:[m[K [01;31m[Kerror: [m[Kclass template placeholder â€˜[01m[Kstd::shared_ptr[m[Kâ€™ not permitted in this context
   23 |     void handle_service([01;31m[Kconst[m[K std::shared_ptr<example_interfaces::srv::SampleRequest::Request> request,
      |                         [01;31m[K^~~~~[m[K
[01m[K/home/yang/ros2_ws/src/cpp_srvcli/src/sensor_server.cpp:24:41:[m[K [01;31m[Kerror: [m[Kâ€˜[01m[Kexample_interfaces[m[Kâ€™ was not declared in this scope; did you mean â€˜[01m[Krcl_interfaces[m[Kâ€™?
   24 |                         std::shared_ptr<[01;31m[Kexample_interfaces[m[K::srv::SampleRequest::Response> response)
      |                                         [01;31m[K^~~~~~~~~~~~~~~~~~[m[K
      |                                         [32m[Krcl_interfaces[m[K
[01m[K/home/yang/ros2_ws/src/cpp_srvcli/src/sensor_server.cpp:24:89:[m[K [01;31m[Kerror: [m[Ktemplate argument 1 is invalid
   24 | hared_ptr<example_interfaces::srv::SampleRequest::Response[01;31m[K>[m[K response)
      |                                                           [01;31m[K^[m[K

[01m[K/home/yang/ros2_ws/src/cpp_srvcli/src/sensor_server.cpp:24:41:[m[K [01;31m[Kerror: [m[Kâ€˜[01m[Kexample_interfaces[m[Kâ€™ was not declared in this scope; did you mean â€˜[01m[Krcl_interfaces[m[Kâ€™?
   24 |                         std::shared_ptr<[01;31m[Kexample_interfaces[m[K::srv::SampleRequest::Response> response)
      |                                         [01;31m[K^~~~~~~~~~~~~~~~~~[m[K
      |                                         [32m[Krcl_interfaces[m[K
[01m[K/home/yang/ros2_ws/src/cpp_srvcli/src/sensor_server.cpp:24:89:[m[K [01;31m[Kerror: [m[Ktemplate argument 1 is invalid
   24 | hared_ptr<example_interfaces::srv::SampleRequest::Response[01;31m[K>[m[K response)
      |                                                           [01;31m[K^[m[K

[01m[K/home/yang/ros2_ws/src/cpp_srvcli/src/sensor_server.cpp:24:41:[m[K [01;31m[Kerror: [m[Kâ€˜[01m[Kexample_interfaces[m[Kâ€™ was not declared in this scope; did you mean â€˜[01m[Krcl_interfaces[m[Kâ€™?
   24 |                         std::shared_ptr<[01;31m[Kexample_interfaces[m[K::srv::SampleRequest::Response> response)
      |                                         [01;31m[K^~~~~~~~~~~~~~~~~~[m[K
      |                                         [32m[Krcl_interfaces[m[K
[01m[K/home/yang/ros2_ws/src/cpp_srvcli/src/sensor_server.cpp:24:89:[m[K [01;31m[Kerror: [m[Ktemplate argument 1 is invalid
   24 | hared_ptr<example_interfaces::srv::SampleRequest::Response[01;31m[K>[m[K response)
      |                                                           [01;31m[K^[m[K

[01m[K/home/yang/ros2_ws/src/cpp_srvcli/src/sensor_server.cpp:24:25:[m[K [01;31m[Kerror: [m[Kinvalid template-id
   24 |                         [01;31m[Kstd[m[K::shared_ptr<example_interfaces::srv::SampleRequest::Response> response)
      |                         [01;31m[K^~~[m[K
[01m[K/home/yang/ros2_ws/src/cpp_srvcli/src/sensor_server.cpp:24:41:[m[K [01;31m[Kerror: [m[Kâ€˜[01m[Kexample_interfaces[m[Kâ€™ has not been declared
   24 |                         std::shared_ptr<[01;31m[Kexample_interfaces[m[K::srv::SampleRequest::Response> response)
      |                                         [01;31m[K^~~~~~~~~~~~~~~~~~[m[K
[01m[K/home/yang/ros2_ws/src/cpp_srvcli/src/sensor_server.cpp:24:25:[m[K [01;31m[Kerror: [m[Kclass template placeholder â€˜[01m[Kstd::shared_ptr[m[Kâ€™ not permitted in this context
   24 |                         [01;31m[Kstd[m[K::shared_ptr<example_interfaces::srv::SampleRequest::Response> response)
      |                         [01;31m[K^~~[m[K
[01m[K/home/yang/ros2_ws/src/cpp_srvcli/src/sensor_server.cpp:39:21:[m[K [01;31m[Kerror: [m[Kâ€˜[01m[Kexample_interfaces[m[Kâ€™ was not declared in this scope; did you mean â€˜[01m[Krcl_interfaces[m[Kâ€™?
   39 |     rclcpp::Service<[01;31m[Kexample_interfaces[m[K::srv::SampleRequest>::SharedPtr service_;
      |                     [01;31m[K^~~~~~~~~~~~~~~~~~[m[K
      |                     [32m[Krcl_interfaces[m[K
[01m[K/home/yang/ros2_ws/src/cpp_srvcli/src/sensor_server.cpp:39:59:[m[K [01;31m[Kerror: [m[Ktemplate argument 1 is invalid
   39 |     rclcpp::Service<example_interfaces::srv::SampleRequest[01;31m[K>[m[K::SharedPtr service_;
      |                                                           [01;31m[K^[m[K
[01m[K/home/yang/ros2_ws/src/cpp_srvcli/src/sensor_server.cpp:39:62:[m[K [01;31m[Kerror: [m[Kexpected â€˜[01m[K;[m[Kâ€™ at end of member declaration
   39 |  rclcpp::Service<example_interfaces::srv::SampleRequest>::[01;31m[KSharedPtr[m[K service_;
      |                                                           [01;31m[K^~~~~~~~~[m[K
      |                                                                    [32m[K;[m[K
[01m[K/home/yang/ros2_ws/src/cpp_srvcli/src/sensor_server.cpp:39:72:[m[K [01;31m[Kerror: [m[Kâ€˜[01m[Kservice_[m[Kâ€™ does not name a type
   39 | :Service<example_interfaces::srv::SampleRequest>::SharedPtr [01;31m[Kservice_[m[K;
      |                                                             [01;31m[K^~~~~~~~[m[K

[01m[K/home/yang/ros2_ws/src/cpp_srvcli/src/sensor_server.cpp:[m[K In constructor â€˜[01m[KSensorService::SensorService()[m[Kâ€™:
[01m[K/home/yang/ros2_ws/src/cpp_srvcli/src/sensor_server.cpp:14:9:[m[K [01;31m[Kerror: [m[Kâ€˜[01m[Kservice_[m[Kâ€™ was not declared in this scope; did you mean â€˜[01m[Kio_service_[m[Kâ€™?
   14 |         [01;31m[Kservice_[m[K = this->create_service<example_interfaces::srv::SampleRequest>("get_sensor_data", std::bind(&SensorService::handle_service, this, _1, _2));
      |         [01;31m[K^~~~~~~~[m[K
      |         [32m[Kio_service_[m[K
[01m[K/home/yang/ros2_ws/src/cpp_srvcli/src/sensor_server.cpp:14:41:[m[K [01;31m[Kerror: [m[Kâ€˜[01m[Kexample_interfaces[m[Kâ€™ was not declared in this scope; did you mean â€˜[01m[Krcl_interfaces[m[Kâ€™?
   14 |         service_ = this->create_service<[01;31m[Kexample_interfaces[m[K::srv::SampleRequest>("get_sensor_data", std::bind(&SensorService::handle_service, this, _1, _2));
      |                                         [01;31m[K^~~~~~~~~~~~~~~~~~[m[K
      |                                         [32m[Krcl_interfaces[m[K
[01m[K/home/yang/ros2_ws/src/cpp_srvcli/src/sensor_server.cpp:14:26:[m[K [01;31m[Kerror: [m[Kparse error in template argument list
   14 |         service_ = this->[01;31m[Kcreate_service<example_interfaces::srv::SampleRequest>[m[K("get_sensor_data", std::bind(&SensorService::handle_service, this, _1, _2));
      |                          [01;31m[K^~~~~~~~~~~~~~~~~~~~~~~~~~~~~~~~~~~~~~~~~~~~~~~~~~~~~~[m[K
[01m[K/home/yang/ros2_ws/src/cpp_srvcli/src/sensor_server.cpp:14:80:[m[K [01;31m[Kerror: [m[Kno matching function for call to â€˜[01m[KSensorService::create_service<<expression error> >(const char [16], std::_Bind_helper<false, void (SensorService::*)(...), SensorService*, const std::_Placeholder<1>&, const std::_Placeholder<2>&>::type)[m[Kâ€™
   14 | [01;31m[Kis->create_service<example_interfaces::srv::SampleRequest>("get_sensor_data", std::bind(&SensorService::handle_service, this, _1, _2))[m[K;
      | [01;31m[K~~~~~~~~~~~~~~~~~~~~~~~~~~~~~~~~~~~~~~~~~~~~~~~~~~~~~~~~~~^~~~~~~~~~~~~~~~~~~~~~~~~~~~~~~~~~~~~~~~~~~~~~~~~~~~~~~~~~~~~~~~~~~~~~~~~~~~[m[K

In file included from [01m[K/opt/ros/iron/include/rclcpp/rclcpp/executors/single_threaded_executor.hpp:28[m[K,
                 from [01m[K/opt/ros/iron/include/rclcpp/rclcpp/executors.hpp:22[m[K,
                 from [01m[K/opt/ros/iron/include/rclcpp/rclcpp/rclcpp.hpp:167[m[K,
                 from [01m[K/home/yang/ros2_ws/src/cpp_srvcli/src/sensor_server.cpp:1[m[K:
[01m[K/opt/ros/iron/include/rclcpp/rclcpp/node.hpp:299:3:[m[K [01;36m[Knote: [m[Kcandidate: â€˜[01m[Ktemplate<class ServiceT, class CallbackT> typename rclcpp::Service<ServiceT>::SharedPtr rclcpp::Node::create_service(const string&, CallbackT&&, const rmw_qos_profile_t&, rclcpp::CallbackGroup::SharedPtr)[m[Kâ€™
  299 |   [01;36m[Kcreate_service[m[K(
      |   [01;36m[K^~~~~~~~~~~~~~[m[K
[01m[K/opt/ros/iron/include/rclcpp/rclcpp/node.hpp:299:3:[m[K [01;36m[Knote: [m[K  template argument deduction/substitution failed:
[01m[K/home/yang/ros2_ws/src/cpp_srvcli/src/sensor_server.cpp:14:80:[m[K [01;31m[Kerror: [m[Ktemplate argument 1 is invalid
   14 | [01;31m[Kis->create_service<example_interfaces::srv::SampleRequest>("get_sensor_data", std::bind(&SensorService::handle_service, this, _1, _2))[m[K;
      | [01;31m[K~~~~~~~~~~~~~~~~~~~~~~~~~~~~~~~~~~~~~~~~~~~~~~~~~~~~~~~~~~^~~~~~~~~~~~~~~~~~~~~~~~~~~~~~~~~~~~~~~~~~~~~~~~~~~~~~~~~~~~~~~~~~~~~~~~~~~~[m[K

In file included from [01m[K/opt/ros/iron/include/rclcpp/rclcpp/executors/single_threaded_executor.hpp:28[m[K,
                 from [01m[K/opt/ros/iron/include/rclcpp/rclcpp/executors.hpp:22[m[K,
                 from [01m[K/opt/ros/iron/include/rclcpp/rclcpp/rclcpp.hpp:167[m[K,
                 from [01m[K/home/yang/ros2_ws/src/cpp_srvcli/src/sensor_server.cpp:1[m[K:
[01m[K/opt/ros/iron/include/rclcpp/rclcpp/node.hpp:315:3:[m[K [01;36m[Knote: [m[Kcandidate: â€˜[01m[Ktemplate<class ServiceT, class CallbackT> typename rclcpp::Service<ServiceT>::SharedPtr rclcpp::Node::create_service(const string&, CallbackT&&, const rclcpp::QoS&, rclcpp::CallbackGroup::SharedPtr)[m[Kâ€™
  315 |   [01;36m[Kcreate_service[m[K(
      |   [01;36m[K^~~~~~~~~~~~~~[m[K
[01m[K/opt/ros/iron/include/rclcpp/rclcpp/node.hpp:315:3:[m[K [01;36m[Knote: [m[K  template argument deduction/substitution failed:
[01m[K/home/yang/ros2_ws/src/cpp_srvcli/src/sensor_server.cpp:14:80:[m[K [01;31m[Kerror: [m[Ktemplate argument 1 is invalid
   14 | [01;31m[Kis->create_service<example_interfaces::srv::SampleRequest>("get_sensor_data", std::bind(&SensorService::handle_service, this, _1, _2))[m[K;
      | [01;31m[K~~~~~~~~~~~~~~~~~~~~~~~~~~~~~~~~~~~~~~~~~~~~~~~~~~~~~~~~~~^~~~~~~~~~~~~~~~~~~~~~~~~~~~~~~~~~~~~~~~~~~~~~~~~~~~~~~~~~~~~~~~~~~~~~~~~~~~[m[K

[01m[K/home/yang/ros2_ws/src/cpp_srvcli/src/sensor_server.cpp:[m[K In member function â€˜[01m[Kvoid SensorService::handle_service(...)[m[Kâ€™:
[01m[K/home/yang/ros2_ws/src/cpp_srvcli/src/sensor_server.cpp:26:47:[m[K [01;31m[Kerror: [m[Kâ€˜[01m[Krequest[m[Kâ€™ was not declared in this scope
   26 |         std::string send_buf = std::to_string([01;31m[Krequest[m[K->requestSample);
      |                                               [01;31m[K^~~~~~~[m[K
[01m[K/home/yang/ros2_ws/src/cpp_srvcli/src/sensor_server.cpp:31:72:[m[K [01;31m[Kerror: [m[Kâ€˜[01m[Kerror[m[Kâ€™ was not declared in this scope
   31 | ize_t len = socket_->read_some(boost::asio::buffer(recv_buf), [01;31m[Kerror[m[K);
      |                                                               [01;31m[K^~~~~[m[K

[01m[K/home/yang/ros2_ws/src/cpp_srvcli/src/sensor_server.cpp:31:72:[m[K [01;36m[Knote: [m[Ksuggested alternatives:
In file included from [01m[K/usr/include/boost/asio/detail/impl/posix_event.ipp:24[m[K,
                 from [01m[K/usr/include/boost/asio/detail/posix_event.hpp:172[m[K,
                 from [01m[K/usr/include/boost/asio/detail/event.hpp:25[m[K,
                 from [01m[K/usr/include/boost/asio/execution/blocking_adaptation.hpp:19[m[K,
                 from [01m[K/usr/include/boost/asio/execution.hpp:22[m[K,
                 from [01m[K/usr/include/boost/asio/system_executor.hpp:20[m[K,
                 from [01m[K/usr/include/boost/asio/associated_executor.hpp:22[m[K,
                 from [01m[K/usr/include/boost/asio.hpp:21[m[K,
                 from [01m[K/home/yang/ros2_ws/src/cpp_srvcli/src/sensor_server.cpp:3[m[K:
[01m[K/usr/include/boost/asio/error.hpp:66:11:[m[K [01;36m[Knote: [m[K  â€˜[01m[Kboost::asio::error[m[Kâ€™
   66 | namespace [01;36m[Kerror[m[K {
      |           [01;36m[K^~~~~[m[K
In file included from [01m[K/usr/include/boost/asio.hpp:135[m[K,
                 from [01m[K/home/yang/ros2_ws/src/cpp_srvcli/src/sensor_server.cpp:3[m[K:
[01m[K/usr/include/boost/asio/placeholders.hpp:65:22:[m[K [01;36m[Knote: [m[K  â€˜[01m[Kboost::asio::placeholders::error[m[Kâ€™
   65 | inline boost::arg<1> [01;36m[Kerror[m[K()
      |                      [01;36m[K^~~~~[m[K
gmake[2]: *** [CMakeFiles/server.dir/build.make:76: CMakeFiles/server.dir/src/sensor_server.cpp.o] Error 1
gmake[1]: *** [CMakeFiles/Makefile2:139: CMakeFiles/server.dir/all] Error 2
gmake: *** [Makefile:146: all] Error 2
