[  5%] Built target cpp_sensor_server__rosidl_generator_type_description
[  5%] [32mBuilding CXX object CMakeFiles/sensor_client.dir/src/sensor_client.cpp.o[0m
[  5%] Built target ament_cmake_python_copy_cpp_sensor_server
[  7%] Built target cpp_sensor_server__cpp
[ 21%] Built target cpp_sensor_server__rosidl_generator_c
[ 50%] Built target cpp_sensor_server__rosidl_typesupport_introspection_c
[ 50%] Built target cpp_sensor_server__rosidl_typesupport_cpp
[ 52%] Built target cpp_sensor_server__rosidl_typesupport_c
[ 52%] Built target cpp_sensor_server__rosidl_typesupport_fastrtps_c
[ 63%] Built target cpp_sensor_server__rosidl_typesupport_fastrtps_cpp
[ 68%] Built target cpp_sensor_server__rosidl_typesupport_introspection_cpp
[ 68%] Built target cpp_sensor_server
[ 71%] Built target cpp_sensor_server__py
[ 76%] Built target sensor_server
[ 81%] Built target cpp_sensor_server__rosidl_generator_py
[ 97%] Built target cpp_sensor_server__rosidl_typesupport_introspection_c__pyext
[ 97%] Built target cpp_sensor_server__rosidl_typesupport_fastrtps_c__pyext
[ 97%] Built target cpp_sensor_server__rosidl_typesupport_c__pyext
[01m[K/home/yang/ros2_ws/src/cpp_sensor_server/src/sensor_client.cpp:2:10:[m[K [01;31m[Kfatal error: [m[Kcpp_sensor_server/srv/sensor_data.hpp: No such file or directory
    2 | #include [01;31m[K"cpp_sensor_server/srv/sensor_data.hpp"[m[K
      |          [01;31m[K^~~~~~~~~~~~~~~~~~~~~~~~~~~~~~~~~~~~~~~[m[K
compilation terminated.
gmake[2]: *** [CMakeFiles/sensor_client.dir/build.make:76: CMakeFiles/sensor_client.dir/src/sensor_client.cpp.o] Error 1
gmake[1]: *** [CMakeFiles/Makefile2:654: CMakeFiles/sensor_client.dir/all] Error 2
gmake[1]: *** Waiting for unfinished jobs....
running egg_info
writing cpp_sensor_server.egg-info/PKG-INFO
writing dependency_links to cpp_sensor_server.egg-info/dependency_links.txt
writing top-level names to cpp_sensor_server.egg-info/top_level.txt
reading manifest file 'cpp_sensor_server.egg-info/SOURCES.txt'
writing manifest file 'cpp_sensor_server.egg-info/SOURCES.txt'
[ 97%] Built target ament_cmake_python_build_cpp_sensor_server_egg
gmake: *** [Makefile:146: all] Error 2
